<?xml version="1.0"?>
<!DOCTYPE coverage SYSTEM "http://cobertura.sourceforge.net/xml/coverage-03.dtd">

<coverage line-rate="0.9805876180482687" branch-rate="0.9244532803180915" version="1.9" timestamp="1236939815632">
	<sources>
		<source>--source</source>
		<source>C:/projects/py-workspace/SnakeYAML/src/main/java</source>
	</sources>
	<packages>
		<package name="org.yaml.snakeyaml" line-rate="0.9901960784313726" branch-rate="1.0" complexity="0.0">
			<classes>
				<class name="org.yaml.snakeyaml.Dumper" filename="org/yaml/snakeyaml/Dumper.java" line-rate="1.0" branch-rate="1.0" complexity="0.0">
					<methods>
						<method name="&lt;init&gt;" signature="(Lorg/yaml/snakeyaml/DumperOptions;)V" line-rate="1.0" branch-rate="1.0">
							<lines>
								<line number="29" hits="475" branch="false"/>
								<line number="31" hits="475" branch="false"/>
							</lines>
						</method>
						<method name="&lt;init&gt;" signature="(Lorg/yaml/snakeyaml/representer/Representer;Lorg/yaml/snakeyaml/DumperOptions;)V" line-rate="1.0" branch-rate="1.0">
							<lines>
								<line number="21" hits="485" branch="false"/>
								<line number="23" hits="485" branch="false"/>
								<line number="24" hits="485" branch="false"/>
								<line number="25" hits="485" branch="false"/>
								<line number="26" hits="485" branch="false"/>
							</lines>
						</method>
						<method name="dump" signature="(Ljava/util/Iterator;Ljava/io/Writer;Lorg/yaml/snakeyaml/resolver/Resolver;)V" line-rate="1.0" branch-rate="1.0">
							<lines>
								<line number="34" hits="165" branch="false"/>
								<line number="36" hits="165" branch="false"/>
								<line number="37" hits="333" branch="true" condition-coverage="100% (2/2)">
									<conditions>
										<condition number="0" type="jump" coverage="100%"/>
									</conditions>
								</line>
								<line number="38" hits="171" branch="false"/>
								<line number="40" hits="162" branch="false"/>
								<line number="41" hits="1" branch="false"/>
								<line number="42" hits="1" branch="false"/>
								<line number="43" hits="162" branch="false"/>
								<line number="44" hits="162" branch="false"/>
							</lines>
						</method>
						<method name="setAttached" signature="()V" line-rate="1.0" branch-rate="1.0">
							<lines>
								<line number="50" hits="485" branch="true" condition-coverage="100% (2/2)">
									<conditions>
										<condition number="0" type="jump" coverage="100%"/>
									</conditions>
								</line>
								<line number="51" hits="484" branch="false"/>
								<line number="53" hits="1" branch="false"/>
								<line number="55" hits="484" branch="false"/>
							</lines>
						</method>
					</methods>
					<lines>
						<line number="21" hits="485" branch="false"/>
						<line number="23" hits="485" branch="false"/>
						<line number="24" hits="485" branch="false"/>
						<line number="25" hits="485" branch="false"/>
						<line number="26" hits="485" branch="false"/>
						<line number="29" hits="475" branch="false"/>
						<line number="31" hits="475" branch="false"/>
						<line number="34" hits="165" branch="false"/>
						<line number="36" hits="165" branch="false"/>
						<line number="37" hits="333" branch="true" condition-coverage="100% (2/2)">
							<conditions>
								<condition number="0" type="jump" coverage="100%"/>
							</conditions>
						</line>
						<line number="38" hits="171" branch="false"/>
						<line number="40" hits="162" branch="false"/>
						<line number="41" hits="1" branch="false"/>
						<line number="42" hits="1" branch="false"/>
						<line number="43" hits="162" branch="false"/>
						<line number="44" hits="162" branch="false"/>
						<line number="50" hits="485" branch="true" condition-coverage="100% (2/2)">
							<conditions>
								<condition number="0" type="jump" coverage="100%"/>
							</conditions>
						</line>
						<line number="51" hits="484" branch="false"/>
						<line number="53" hits="1" branch="false"/>
						<line number="55" hits="484" branch="false"/>
					</lines>
				</class>
				<class name="org.yaml.snakeyaml.DumperOptions" filename="org/yaml/snakeyaml/DumperOptions.java" line-rate="1.0" branch-rate="1.0" complexity="0.0">
					<methods>
						<method name="&lt;init&gt;" signature="()V" line-rate="1.0" branch-rate="1.0">
							<lines>
								<line number="14" hits="2607" branch="false"/>
								<line number="91" hits="2607" branch="false"/>
								<line number="92" hits="2607" branch="false"/>
								<line number="93" hits="2607" branch="false"/>
								<line number="94" hits="2607" branch="false"/>
								<line number="95" hits="2607" branch="false"/>
								<line number="96" hits="2607" branch="false"/>
								<line number="97" hits="2607" branch="false"/>
								<line number="98" hits="2607" branch="false"/>
								<line number="99" hits="2607" branch="false"/>
								<line number="100" hits="2607" branch="false"/>
								<line number="101" hits="2607" branch="false"/>
								<line number="102" hits="2607" branch="false"/>
							</lines>
						</method>
						<method name="getDefaultFlowStyle" signature="()Lorg/yaml/snakeyaml/DumperOptions$DefaultFlowStyle;" line-rate="1.0" branch-rate="1.0">
							<lines>
								<line number="196" hits="475" branch="false"/>
							</lines>
						</method>
						<method name="getDefaultStyle" signature="()Lorg/yaml/snakeyaml/DumperOptions$DefaultScalarStyle;" line-rate="1.0" branch-rate="1.0">
							<lines>
								<line number="121" hits="475" branch="false"/>
							</lines>
						</method>
						<method name="getExplicitRoot" signature="()Ljava/lang/String;" line-rate="1.0" branch-rate="1.0">
							<lines>
								<line number="200" hits="172" branch="false"/>
							</lines>
						</method>
						<method name="getIndent" signature="()I" line-rate="1.0" branch-rate="1.0">
							<lines>
								<line number="148" hits="6861" branch="false"/>
							</lines>
						</method>
						<method name="getLineBreak" signature="()Lorg/yaml/snakeyaml/DumperOptions$LineBreak;" line-rate="1.0" branch-rate="1.0">
							<lines>
								<line number="185" hits="2287" branch="false"/>
							</lines>
						</method>
						<method name="getTags" signature="()Ljava/util/Map;" line-rate="1.0" branch-rate="1.0">
							<lines>
								<line number="244" hits="172" branch="false"/>
							</lines>
						</method>
						<method name="getVersion" signature="()Lorg/yaml/snakeyaml/DumperOptions$Version;" line-rate="1.0" branch-rate="1.0">
							<lines>
								<line number="156" hits="174" branch="false"/>
							</lines>
						</method>
						<method name="getWidth" signature="()I" line-rate="1.0" branch-rate="1.0">
							<lines>
								<line number="181" hits="4574" branch="false"/>
							</lines>
						</method>
						<method name="isAllowUnicode" signature="()Z" line-rate="1.0" branch-rate="1.0">
							<lines>
								<line number="105" hits="2287" branch="false"/>
							</lines>
						</method>
						<method name="isCanonical" signature="()Z" line-rate="1.0" branch-rate="1.0">
							<lines>
								<line number="165" hits="2287" branch="false"/>
							</lines>
						</method>
						<method name="isExplicitEnd" signature="()Z" line-rate="1.0" branch-rate="1.0">
							<lines>
								<line number="236" hits="172" branch="false"/>
							</lines>
						</method>
						<method name="isExplicitStart" signature="()Z" line-rate="1.0" branch-rate="1.0">
							<lines>
								<line number="228" hits="172" branch="false"/>
							</lines>
						</method>
						<method name="setAllowUnicode" signature="(Z)V" line-rate="1.0" branch-rate="1.0">
							<lines>
								<line number="117" hits="1" branch="false"/>
								<line number="118" hits="1" branch="false"/>
							</lines>
						</method>
						<method name="setCanonical" signature="(Z)Lorg/yaml/snakeyaml/DumperOptions;" line-rate="1.0" branch-rate="1.0">
							<lines>
								<line number="160" hits="278" branch="false"/>
								<line number="161" hits="278" branch="false"/>
							</lines>
						</method>
						<method name="setDefaultFlowStyle" signature="(Lorg/yaml/snakeyaml/DumperOptions$DefaultFlowStyle;)V" line-rate="1.0" branch-rate="1.0">
							<lines>
								<line number="189" hits="17" branch="true" condition-coverage="100% (2/2)">
									<conditions>
										<condition number="0" type="jump" coverage="100%"/>
									</conditions>
								</line>
								<line number="190" hits="1" branch="false"/>
								<line number="192" hits="16" branch="false"/>
								<line number="193" hits="16" branch="false"/>
							</lines>
						</method>
						<method name="setDefaultStyle" signature="(Lorg/yaml/snakeyaml/DumperOptions$DefaultScalarStyle;)V" line-rate="1.0" branch-rate="1.0">
							<lines>
								<line number="131" hits="14" branch="true" condition-coverage="100% (2/2)">
									<conditions>
										<condition number="0" type="jump" coverage="100%"/>
									</conditions>
								</line>
								<line number="132" hits="1" branch="false"/>
								<line number="134" hits="13" branch="false"/>
								<line number="135" hits="13" branch="false"/>
							</lines>
						</method>
						<method name="setExplicitEnd" signature="(Z)V" line-rate="1.0" branch-rate="1.0">
							<lines>
								<line number="240" hits="2" branch="false"/>
								<line number="241" hits="2" branch="false"/>
							</lines>
						</method>
						<method name="setExplicitRoot" signature="(Ljava/lang/String;)V" line-rate="1.0" branch-rate="1.0">
							<lines>
								<line number="209" hits="2" branch="true" condition-coverage="100% (2/2)">
									<conditions>
										<condition number="0" type="jump" coverage="100%"/>
									</conditions>
								</line>
								<line number="210" hits="1" branch="false"/>
								<line number="212" hits="1" branch="false"/>
								<line number="213" hits="1" branch="false"/>
							</lines>
						</method>
						<method name="setExplicitStart" signature="(Z)V" line-rate="1.0" branch-rate="1.0">
							<lines>
								<line number="232" hits="4" branch="false"/>
								<line number="233" hits="4" branch="false"/>
							</lines>
						</method>
						<method name="setIndent" signature="(I)V" line-rate="1.0" branch-rate="1.0">
							<lines>
								<line number="138" hits="6" branch="true" condition-coverage="100% (2/2)">
									<conditions>
										<condition number="0" type="jump" coverage="100%"/>
									</conditions>
								</line>
								<line number="139" hits="2" branch="false"/>
								<line number="141" hits="4" branch="true" condition-coverage="100% (2/2)">
									<conditions>
										<condition number="0" type="jump" coverage="100%"/>
									</conditions>
								</line>
								<line number="142" hits="1" branch="false"/>
								<line number="144" hits="3" branch="false"/>
								<line number="145" hits="3" branch="false"/>
							</lines>
						</method>
						<method name="setLineBreak" signature="(Lorg/yaml/snakeyaml/DumperOptions$LineBreak;)V" line-rate="1.0" branch-rate="1.0">
							<lines>
								<line number="221" hits="2" branch="true" condition-coverage="100% (2/2)">
									<conditions>
										<condition number="0" type="jump" coverage="100%"/>
									</conditions>
								</line>
								<line number="222" hits="1" branch="false"/>
								<line number="224" hits="1" branch="false"/>
								<line number="225" hits="1" branch="false"/>
							</lines>
						</method>
						<method name="setTags" signature="(Ljava/util/Map;)V" line-rate="1.0" branch-rate="1.0">
							<lines>
								<line number="248" hits="1" branch="false"/>
								<line number="249" hits="1" branch="false"/>
							</lines>
						</method>
						<method name="setVersion" signature="(Lorg/yaml/snakeyaml/DumperOptions$Version;)V" line-rate="1.0" branch-rate="1.0">
							<lines>
								<line number="152" hits="2" branch="false"/>
								<line number="153" hits="2" branch="false"/>
							</lines>
						</method>
						<method name="setWidth" signature="(I)V" line-rate="1.0" branch-rate="1.0">
							<lines>
								<line number="177" hits="1" branch="false"/>
								<line number="178" hits="1" branch="false"/>
							</lines>
						</method>
					</methods>
					<lines>
						<line number="14" hits="2607" branch="false"/>
						<line number="91" hits="2607" branch="false"/>
						<line number="92" hits="2607" branch="false"/>
						<line number="93" hits="2607" branch="false"/>
						<line number="94" hits="2607" branch="false"/>
						<line number="95" hits="2607" branch="false"/>
						<line number="96" hits="2607" branch="false"/>
						<line number="97" hits="2607" branch="false"/>
						<line number="98" hits="2607" branch="false"/>
						<line number="99" hits="2607" branch="false"/>
						<line number="100" hits="2607" branch="false"/>
						<line number="101" hits="2607" branch="false"/>
						<line number="102" hits="2607" branch="false"/>
						<line number="105" hits="2287" branch="false"/>
						<line number="117" hits="1" branch="false"/>
						<line number="118" hits="1" branch="false"/>
						<line number="121" hits="475" branch="false"/>
						<line number="131" hits="14" branch="true" condition-coverage="100% (2/2)">
							<conditions>
								<condition number="0" type="jump" coverage="100%"/>
							</conditions>
						</line>
						<line number="132" hits="1" branch="false"/>
						<line number="134" hits="13" branch="false"/>
						<line number="135" hits="13" branch="false"/>
						<line number="138" hits="6" branch="true" condition-coverage="100% (2/2)">
							<conditions>
								<condition number="0" type="jump" coverage="100%"/>
							</conditions>
						</line>
						<line number="139" hits="2" branch="false"/>
						<line number="141" hits="4" branch="true" condition-coverage="100% (2/2)">
							<conditions>
								<condition number="0" type="jump" coverage="100%"/>
							</conditions>
						</line>
						<line number="142" hits="1" branch="false"/>
						<line number="144" hits="3" branch="false"/>
						<line number="145" hits="3" branch="false"/>
						<line number="148" hits="6861" branch="false"/>
						<line number="152" hits="2" branch="false"/>
						<line number="153" hits="2" branch="false"/>
						<line number="156" hits="174" branch="false"/>
						<line number="160" hits="278" branch="false"/>
						<line number="161" hits="278" branch="false"/>
						<line number="165" hits="2287" branch="false"/>
						<line number="177" hits="1" branch="false"/>
						<line number="178" hits="1" branch="false"/>
						<line number="181" hits="4574" branch="false"/>
						<line number="185" hits="2287" branch="false"/>
						<line number="189" hits="17" branch="true" condition-coverage="100% (2/2)">
							<conditions>
								<condition number="0" type="jump" coverage="100%"/>
							</conditions>
						</line>
						<line number="190" hits="1" branch="false"/>
						<line number="192" hits="16" branch="false"/>
						<line number="193" hits="16" branch="false"/>
						<line number="196" hits="475" branch="false"/>
						<line number="200" hits="172" branch="false"/>
						<line number="209" hits="2" branch="true" condition-coverage="100% (2/2)">
							<conditions>
								<condition number="0" type="jump" coverage="100%"/>
							</conditions>
						</line>
						<line number="210" hits="1" branch="false"/>
						<line number="212" hits="1" branch="false"/>
						<line number="213" hits="1" branch="false"/>
						<line number="221" hits="2" branch="true" condition-coverage="100% (2/2)">
							<conditions>
								<condition number="0" type="jump" coverage="100%"/>
							</conditions>
						</line>
						<line number="222" hits="1" branch="false"/>
						<line number="224" hits="1" branch="false"/>
						<line number="225" hits="1" branch="false"/>
						<line number="228" hits="172" branch="false"/>
						<line number="232" hits="4" branch="false"/>
						<line number="233" hits="4" branch="false"/>
						<line number="236" hits="172" branch="false"/>
						<line number="240" hits="2" branch="false"/>
						<line number="241" hits="2" branch="false"/>
						<line number="244" hits="172" branch="false"/>
						<line number="248" hits="1" branch="false"/>
						<line number="249" hits="1" branch="false"/>
					</lines>
				</class>
				<class name="org.yaml.snakeyaml.DumperOptions$DefaultFlowStyle" filename="org/yaml/snakeyaml/DumperOptions.java" line-rate="1.0" branch-rate="1.0" complexity="0.0">
					<methods>
						<method name="&lt;clinit&gt;" signature="()V" line-rate="1.0" branch-rate="1.0">
							<lines>
								<line number="34" hits="1" branch="false"/>
								<line number="35" hits="1" branch="false"/>
							</lines>
						</method>
						<method name="&lt;init&gt;" signature="(Ljava/lang/String;ILjava/lang/Boolean;)V" line-rate="1.0" branch-rate="1.0">
							<lines>
								<line number="39" hits="3" branch="false"/>
								<line number="40" hits="3" branch="false"/>
								<line number="41" hits="3" branch="false"/>
							</lines>
						</method>
						<method name="getStyleBoolean" signature="()Ljava/lang/Boolean;" line-rate="1.0" branch-rate="1.0">
							<lines>
								<line number="44" hits="475" branch="false"/>
							</lines>
						</method>
						<method name="toString" signature="()Ljava/lang/String;" line-rate="1.0" branch-rate="1.0">
							<lines>
								<line number="49" hits="1" branch="false"/>
							</lines>
						</method>
						<method name="valueOf" signature="(Ljava/lang/String;)Lorg/yaml/snakeyaml/DumperOptions$DefaultFlowStyle;" line-rate="1.0" branch-rate="1.0">
							<lines>
							</lines>
						</method>
						<method name="values" signature="()[Lorg/yaml/snakeyaml/DumperOptions$DefaultFlowStyle;" line-rate="1.0" branch-rate="1.0">
							<lines>
							</lines>
						</method>
					</methods>
					<lines>
						<line number="34" hits="1" branch="false"/>
						<line number="35" hits="1" branch="false"/>
						<line number="39" hits="3" branch="false"/>
						<line number="40" hits="3" branch="false"/>
						<line number="41" hits="3" branch="false"/>
						<line number="44" hits="475" branch="false"/>
						<line number="49" hits="1" branch="false"/>
					</lines>
				</class>
				<class name="org.yaml.snakeyaml.DumperOptions$DefaultScalarStyle" filename="org/yaml/snakeyaml/DumperOptions.java" line-rate="1.0" branch-rate="1.0" complexity="0.0">
					<methods>
						<method name="&lt;clinit&gt;" signature="()V" line-rate="1.0" branch-rate="1.0">
							<lines>
								<line number="15" hits="365" branch="false"/>
								<line number="16" hits="1" branch="false"/>
								<line number="17" hits="1" branch="false"/>
							</lines>
						</method>
						<method name="&lt;init&gt;" signature="(Ljava/lang/String;ILjava/lang/Character;)V" line-rate="1.0" branch-rate="1.0">
							<lines>
								<line number="20" hits="5" branch="false"/>
								<line number="21" hits="5" branch="false"/>
								<line number="22" hits="5" branch="false"/>
							</lines>
						</method>
						<method name="getChar" signature="()Ljava/lang/Character;" line-rate="1.0" branch-rate="1.0">
							<lines>
								<line number="25" hits="7255" branch="false"/>
							</lines>
						</method>
						<method name="toString" signature="()Ljava/lang/String;" line-rate="1.0" branch-rate="1.0">
							<lines>
								<line number="30" hits="1" branch="false"/>
							</lines>
						</method>
						<method name="valueOf" signature="(Ljava/lang/String;)Lorg/yaml/snakeyaml/DumperOptions$DefaultScalarStyle;" line-rate="1.0" branch-rate="1.0">
							<lines>
							</lines>
						</method>
						<method name="values" signature="()[Lorg/yaml/snakeyaml/DumperOptions$DefaultScalarStyle;" line-rate="1.0" branch-rate="1.0">
							<lines>
							</lines>
						</method>
					</methods>
					<lines>
						<line number="15" hits="365" branch="false"/>
						<line number="16" hits="1" branch="false"/>
						<line number="17" hits="1" branch="false"/>
						<line number="20" hits="5" branch="false"/>
						<line number="21" hits="5" branch="false"/>
						<line number="22" hits="5" branch="false"/>
						<line number="25" hits="7255" branch="false"/>
						<line number="30" hits="1" branch="false"/>
					</lines>
				</class>
				<class name="org.yaml.snakeyaml.DumperOptions$LineBreak" filename="org/yaml/snakeyaml/DumperOptions.java" line-rate="1.0" branch-rate="1.0" complexity="0.0">
					<methods>
						<method name="&lt;clinit&gt;" signature="()V" line-rate="1.0" branch-rate="1.0">
							<lines>
								<line number="53" hits="1" branch="false"/>
								<line number="54" hits="1" branch="false"/>
							</lines>
						</method>
						<method name="&lt;init&gt;" signature="(Ljava/lang/String;ILjava/lang/String;)V" line-rate="1.0" branch-rate="1.0">
							<lines>
								<line number="58" hits="3" branch="false"/>
								<line number="59" hits="3" branch="false"/>
								<line number="60" hits="3" branch="false"/>
							</lines>
						</method>
						<method name="getString" signature="()Ljava/lang/String;" line-rate="1.0" branch-rate="1.0">
							<lines>
								<line number="63" hits="2287" branch="false"/>
							</lines>
						</method>
						<method name="toString" signature="()Ljava/lang/String;" line-rate="1.0" branch-rate="1.0">
							<lines>
								<line number="68" hits="1" branch="false"/>
							</lines>
						</method>
						<method name="valueOf" signature="(Ljava/lang/String;)Lorg/yaml/snakeyaml/DumperOptions$LineBreak;" line-rate="1.0" branch-rate="1.0">
							<lines>
							</lines>
						</method>
						<method name="values" signature="()[Lorg/yaml/snakeyaml/DumperOptions$LineBreak;" line-rate="1.0" branch-rate="1.0">
							<lines>
							</lines>
						</method>
					</methods>
					<lines>
						<line number="53" hits="1" branch="false"/>
						<line number="54" hits="1" branch="false"/>
						<line number="58" hits="3" branch="false"/>
						<line number="59" hits="3" branch="false"/>
						<line number="60" hits="3" branch="false"/>
						<line number="63" hits="2287" branch="false"/>
						<line number="68" hits="1" branch="false"/>
					</lines>
				</class>
				<class name="org.yaml.snakeyaml.DumperOptions$Version" filename="org/yaml/snakeyaml/DumperOptions.java" line-rate="0.8571428571428571" branch-rate="1.0" complexity="0.0">
					<methods>
						<method name="&lt;clinit&gt;" signature="()V" line-rate="1.0" branch-rate="1.0">
							<lines>
								<line number="72" hits="1" branch="false"/>
								<line number="73" hits="1" branch="false"/>
							</lines>
						</method>
						<method name="&lt;init&gt;" signature="(Ljava/lang/String;I[Ljava/lang/Integer;)V" line-rate="1.0" branch-rate="1.0">
							<lines>
								<line number="77" hits="2" branch="false"/>
								<line number="78" hits="2" branch="false"/>
								<line number="79" hits="2" branch="false"/>
							</lines>
						</method>
						<method name="getArray" signature="()[Ljava/lang/Integer;" line-rate="1.0" branch-rate="1.0">
							<lines>
								<line number="82" hits="2" branch="false"/>
							</lines>
						</method>
						<method name="toString" signature="()Ljava/lang/String;" line-rate="0.0" branch-rate="1.0">
							<lines>
								<line number="87" hits="0" branch="false"/>
							</lines>
						</method>
						<method name="valueOf" signature="(Ljava/lang/String;)Lorg/yaml/snakeyaml/DumperOptions$Version;" line-rate="1.0" branch-rate="1.0">
							<lines>
							</lines>
						</method>
						<method name="values" signature="()[Lorg/yaml/snakeyaml/DumperOptions$Version;" line-rate="1.0" branch-rate="1.0">
							<lines>
							</lines>
						</method>
					</methods>
					<lines>
						<line number="72" hits="1" branch="false"/>
						<line number="73" hits="1" branch="false"/>
						<line number="77" hits="2" branch="false"/>
						<line number="78" hits="2" branch="false"/>
						<line number="79" hits="2" branch="false"/>
						<line number="82" hits="2" branch="false"/>
						<line number="87" hits="0" branch="false"/>
					</lines>
				</class>
				<class name="org.yaml.snakeyaml.Loader" filename="org/yaml/snakeyaml/Loader.java" line-rate="1.0" branch-rate="1.0" complexity="0.0">
					<methods>
						<method name="&lt;init&gt;" signature="()V" line-rate="1.0" branch-rate="1.0">
							<lines>
								<line number="31" hits="383" branch="false"/>
								<line number="32" hits="383" branch="false"/>
							</lines>
						</method>
						<method name="&lt;init&gt;" signature="(Lorg/yaml/snakeyaml/constructor/BaseConstructor;)V" line-rate="1.0" branch-rate="1.0">
							<lines>
								<line number="22" hits="485" branch="false"/>
								<line number="25" hits="485" branch="false"/>
								<line number="26" hits="485" branch="false"/>
								<line number="27" hits="485" branch="false"/>
								<line number="28" hits="485" branch="false"/>
							</lines>
						</method>
						<method name="load" signature="(Ljava/io/Reader;)Ljava/lang/Object;" line-rate="1.0" branch-rate="1.0">
							<lines>
								<line number="35" hits="2265" branch="false"/>
								<line number="36" hits="2265" branch="false"/>
								<line number="37" hits="2265" branch="false"/>
							</lines>
						</method>
						<method name="loadAll" signature="(Ljava/io/Reader;)Ljava/lang/Iterable;" line-rate="1.0" branch-rate="1.0">
							<lines>
								<line number="41" hits="235" branch="false"/>
								<line number="42" hits="235" branch="false"/>
								<line number="43" hits="235" branch="false"/>
								<line number="56" hits="235" branch="false"/>
							</lines>
						</method>
						<method name="setAttached" signature="()V" line-rate="1.0" branch-rate="1.0">
							<lines>
								<line number="80" hits="486" branch="true" condition-coverage="100% (2/2)">
									<conditions>
										<condition number="0" type="jump" coverage="100%"/>
									</conditions>
								</line>
								<line number="81" hits="485" branch="false"/>
								<line number="83" hits="1" branch="false"/>
								<line number="85" hits="485" branch="false"/>
							</lines>
						</method>
						<method name="setResolver" signature="(Lorg/yaml/snakeyaml/resolver/Resolver;)V" line-rate="1.0" branch-rate="1.0">
							<lines>
								<line number="73" hits="484" branch="false"/>
								<line number="74" hits="484" branch="false"/>
							</lines>
						</method>
					</methods>
					<lines>
						<line number="22" hits="485" branch="false"/>
						<line number="25" hits="485" branch="false"/>
						<line number="26" hits="485" branch="false"/>
						<line number="27" hits="485" branch="false"/>
						<line number="28" hits="485" branch="false"/>
						<line number="31" hits="383" branch="false"/>
						<line number="32" hits="383" branch="false"/>
						<line number="35" hits="2265" branch="false"/>
						<line number="36" hits="2265" branch="false"/>
						<line number="37" hits="2265" branch="false"/>
						<line number="41" hits="235" branch="false"/>
						<line number="42" hits="235" branch="false"/>
						<line number="43" hits="235" branch="false"/>
						<line number="56" hits="235" branch="false"/>
						<line number="73" hits="484" branch="false"/>
						<line number="74" hits="484" branch="false"/>
						<line number="80" hits="486" branch="true" condition-coverage="100% (2/2)">
							<conditions>
								<condition number="0" type="jump" coverage="100%"/>
							</conditions>
						</line>
						<line number="81" hits="485" branch="false"/>
						<line number="83" hits="1" branch="false"/>
						<line number="85" hits="485" branch="false"/>
					</lines>
				</class>
				<class name="org.yaml.snakeyaml.Loader$1" filename="org/yaml/snakeyaml/Loader.java" line-rate="0.75" branch-rate="1.0" complexity="0.0">
					<methods>
						<method name="&lt;init&gt;" signature="(Lorg/yaml/snakeyaml/Loader;)V" line-rate="1.0" branch-rate="1.0">
							<lines>
								<line number="43" hits="235" branch="false"/>
							</lines>
						</method>
						<method name="hasNext" signature="()Z" line-rate="1.0" branch-rate="1.0">
							<lines>
								<line number="45" hits="365" branch="false"/>
							</lines>
						</method>
						<method name="next" signature="()Ljava/lang/Object;" line-rate="1.0" branch-rate="1.0">
							<lines>
								<line number="49" hits="220" branch="false"/>
							</lines>
						</method>
						<method name="remove" signature="()V" line-rate="0.0" branch-rate="1.0">
							<lines>
								<line number="53" hits="0" branch="false"/>
							</lines>
						</method>
					</methods>
					<lines>
						<line number="43" hits="235" branch="false"/>
						<line number="45" hits="365" branch="false"/>
						<line number="49" hits="220" branch="false"/>
						<line number="53" hits="0" branch="false"/>
					</lines>
				</class>
				<class name="org.yaml.snakeyaml.Loader$YamlIterable" filename="org/yaml/snakeyaml/Loader.java" line-rate="1.0" branch-rate="1.0" complexity="0.0">
					<methods>
						<method name="&lt;init&gt;" signature="(Lorg/yaml/snakeyaml/Loader;Ljava/util/Iterator;)V" line-rate="1.0" branch-rate="1.0">
							<lines>
								<line number="62" hits="235" branch="false"/>
								<line number="63" hits="235" branch="false"/>
								<line number="64" hits="235" branch="false"/>
							</lines>
						</method>
						<method name="iterator" signature="()Ljava/util/Iterator;" line-rate="1.0" branch-rate="1.0">
							<lines>
								<line number="67" hits="235" branch="false"/>
							</lines>
						</method>
					</methods>
					<lines>
						<line number="62" hits="235" branch="false"/>
						<line number="63" hits="235" branch="false"/>
						<line number="64" hits="235" branch="false"/>
						<line number="67" hits="235" branch="false"/>
					</lines>
				</class>
				<class name="org.yaml.snakeyaml.TypeDescription" filename="org/yaml/snakeyaml/TypeDescription.java" line-rate="1.0" branch-rate="1.0" complexity="0.0">
					<methods>
						<method name="&lt;init&gt;" signature="(Ljava/lang/Class;)V" line-rate="1.0" branch-rate="1.0">
							<lines>
								<line number="27" hits="6" branch="false"/>
								<line number="28" hits="6" branch="false"/>
							</lines>
						</method>
						<method name="&lt;init&gt;" signature="(Ljava/lang/Class;Ljava/lang/String;)V" line-rate="1.0" branch-rate="1.0">
							<lines>
								<line number="18" hits="14" branch="false"/>
								<line number="19" hits="14" branch="false"/>
								<line number="20" hits="14" branch="false"/>
								<line number="21" hits="14" branch="false"/>
								<line number="22" hits="14" branch="false"/>
								<line number="23" hits="14" branch="false"/>
								<line number="24" hits="14" branch="false"/>
							</lines>
						</method>
						<method name="getListPropertyType" signature="(Ljava/lang/String;)Ljava/lang/Class;" line-rate="1.0" branch-rate="1.0">
							<lines>
								<line number="100" hits="6" branch="false"/>
							</lines>
						</method>
						<method name="getMapKeyType" signature="(Ljava/lang/String;)Ljava/lang/Class;" line-rate="1.0" branch-rate="1.0">
							<lines>
								<line number="127" hits="3" branch="false"/>
							</lines>
						</method>
						<method name="getMapValueType" signature="(Ljava/lang/String;)Ljava/lang/Class;" line-rate="1.0" branch-rate="1.0">
							<lines>
								<line number="138" hits="2" branch="false"/>
							</lines>
						</method>
						<method name="getTag" signature="()Ljava/lang/String;" line-rate="1.0" branch-rate="1.0">
							<lines>
								<line number="37" hits="14" branch="false"/>
							</lines>
						</method>
						<method name="getType" signature="()Ljava/lang/Class;" line-rate="1.0" branch-rate="1.0">
							<lines>
								<line number="56" hits="27" branch="false"/>
							</lines>
						</method>
						<method name="isRoot" signature="()Z" line-rate="1.0" branch-rate="1.0">
							<lines>
								<line number="65" hits="6" branch="false"/>
							</lines>
						</method>
						<method name="putListPropertyType" signature="(Ljava/lang/String;Ljava/lang/Class;)V" line-rate="1.0" branch-rate="1.0">
							<lines>
								<line number="89" hits="1" branch="false"/>
								<line number="90" hits="1" branch="false"/>
							</lines>
						</method>
						<method name="putMapPropertyType" signature="(Ljava/lang/String;Ljava/lang/Class;Ljava/lang/Class;)V" line-rate="1.0" branch-rate="1.0">
							<lines>
								<line number="115" hits="2" branch="false"/>
								<line number="116" hits="2" branch="false"/>
								<line number="117" hits="2" branch="false"/>
							</lines>
						</method>
						<method name="setRoot" signature="(Z)V" line-rate="1.0" branch-rate="1.0">
							<lines>
								<line number="77" hits="2" branch="false"/>
								<line number="78" hits="2" branch="false"/>
							</lines>
						</method>
						<method name="setTag" signature="(Ljava/lang/String;)V" line-rate="1.0" branch-rate="1.0">
							<lines>
								<line number="47" hits="1" branch="false"/>
								<line number="48" hits="1" branch="false"/>
							</lines>
						</method>
						<method name="toString" signature="()Ljava/lang/String;" line-rate="1.0" branch-rate="1.0">
							<lines>
								<line number="143" hits="1" branch="false"/>
							</lines>
						</method>
					</methods>
					<lines>
						<line number="18" hits="14" branch="false"/>
						<line number="19" hits="14" branch="false"/>
						<line number="20" hits="14" branch="false"/>
						<line number="21" hits="14" branch="false"/>
						<line number="22" hits="14" branch="false"/>
						<line number="23" hits="14" branch="false"/>
						<line number="24" hits="14" branch="false"/>
						<line number="27" hits="6" branch="false"/>
						<line number="28" hits="6" branch="false"/>
						<line number="37" hits="14" branch="false"/>
						<line number="47" hits="1" branch="false"/>
						<line number="48" hits="1" branch="false"/>
						<line number="56" hits="27" branch="false"/>
						<line number="65" hits="6" branch="false"/>
						<line number="77" hits="2" branch="false"/>
						<line number="78" hits="2" branch="false"/>
						<line number="89" hits="1" branch="false"/>
						<line number="90" hits="1" branch="false"/>
						<line number="100" hits="6" branch="false"/>
						<line number="115" hits="2" branch="false"/>
						<line number="116" hits="2" branch="false"/>
						<line number="117" hits="2" branch="false"/>
						<line number="127" hits="3" branch="false"/>
						<line number="138" hits="2" branch="false"/>
						<line number="143" hits="1" branch="false"/>
					</lines>
				</class>
				<class name="org.yaml.snakeyaml.Yaml" filename="org/yaml/snakeyaml/Yaml.java" line-rate="1.0" branch-rate="1.0" complexity="0.0">
					<methods>
						<method name="&lt;init&gt;" signature="()V" line-rate="1.0" branch-rate="1.0">
							<lines>
								<line number="59" hits="327" branch="false"/>
								<line number="60" hits="327" branch="false"/>
							</lines>
						</method>
						<method name="&lt;init&gt;" signature="(Lorg/yaml/snakeyaml/Dumper;)V" line-rate="1.0" branch-rate="1.0">
							<lines>
								<line number="32" hits="9" branch="false"/>
								<line number="33" hits="8" branch="false"/>
							</lines>
						</method>
						<method name="&lt;init&gt;" signature="(Lorg/yaml/snakeyaml/DumperOptions;)V" line-rate="1.0" branch-rate="1.0">
							<lines>
								<line number="28" hits="47" branch="false"/>
								<line number="29" hits="47" branch="false"/>
							</lines>
						</method>
						<method name="&lt;init&gt;" signature="(Lorg/yaml/snakeyaml/Loader;)V" line-rate="1.0" branch-rate="1.0">
							<lines>
								<line number="36" hits="99" branch="false"/>
								<line number="37" hits="98" branch="false"/>
							</lines>
						</method>
						<method name="&lt;init&gt;" signature="(Lorg/yaml/snakeyaml/Loader;Lorg/yaml/snakeyaml/Dumper;)V" line-rate="1.0" branch-rate="1.0">
							<lines>
								<line number="48" hits="486" branch="false"/>
								<line number="49" hits="486" branch="false"/>
								<line number="50" hits="486" branch="false"/>
								<line number="51" hits="485" branch="false"/>
								<line number="52" hits="485" branch="false"/>
								<line number="53" hits="484" branch="false"/>
								<line number="54" hits="484" branch="false"/>
								<line number="55" hits="484" branch="false"/>
								<line number="56" hits="484" branch="false"/>
							</lines>
						</method>
						<method name="addImplicitResolver" signature="(Ljava/lang/String;Ljava/util/regex/Pattern;Ljava/lang/String;)V" line-rate="1.0" branch-rate="1.0">
							<lines>
								<line number="202" hits="4" branch="false"/>
								<line number="203" hits="4" branch="false"/>
							</lines>
						</method>
						<method name="dump" signature="(Ljava/lang/Object;)Ljava/lang/String;" line-rate="1.0" branch-rate="1.0">
							<lines>
								<line number="70" hits="120" branch="false"/>
								<line number="71" hits="120" branch="false"/>
								<line number="72" hits="120" branch="false"/>
							</lines>
						</method>
						<method name="dump" signature="(Ljava/lang/Object;Ljava/io/Writer;)V" line-rate="1.0" branch-rate="1.0">
							<lines>
								<line number="97" hits="41" branch="false"/>
								<line number="98" hits="41" branch="false"/>
								<line number="99" hits="41" branch="false"/>
								<line number="100" hits="40" branch="false"/>
							</lines>
						</method>
						<method name="dumpAll" signature="(Ljava/util/Iterator;)Ljava/lang/String;" line-rate="1.0" branch-rate="1.0">
							<lines>
								<line number="83" hits="121" branch="false"/>
								<line number="84" hits="121" branch="false"/>
								<line number="85" hits="119" branch="false"/>
							</lines>
						</method>
						<method name="dumpAll" signature="(Ljava/util/Iterator;Ljava/io/Writer;)V" line-rate="1.0" branch-rate="1.0">
							<lines>
								<line number="111" hits="165" branch="false"/>
								<line number="112" hits="162" branch="false"/>
							</lines>
						</method>
						<method name="getName" signature="()Ljava/lang/String;" line-rate="1.0" branch-rate="1.0">
							<lines>
								<line number="211" hits="1" branch="false"/>
							</lines>
						</method>
						<method name="load" signature="(Ljava/io/InputStream;)Ljava/lang/Object;" line-rate="1.0" branch-rate="1.0">
							<lines>
								<line number="135" hits="41" branch="false"/>
							</lines>
						</method>
						<method name="load" signature="(Ljava/io/Reader;)Ljava/lang/Object;" line-rate="1.0" branch-rate="1.0">
							<lines>
								<line number="147" hits="1" branch="false"/>
							</lines>
						</method>
						<method name="load" signature="(Ljava/lang/String;)Ljava/lang/Object;" line-rate="1.0" branch-rate="1.0">
							<lines>
								<line number="123" hits="2223" branch="false"/>
							</lines>
						</method>
						<method name="loadAll" signature="(Ljava/io/InputStream;)Ljava/lang/Iterable;" line-rate="1.0" branch-rate="1.0">
							<lines>
								<line number="186" hits="255" branch="false"/>
							</lines>
						</method>
						<method name="loadAll" signature="(Ljava/io/Reader;)Ljava/lang/Iterable;" line-rate="1.0" branch-rate="1.0">
							<lines>
								<line number="160" hits="326" branch="false"/>
							</lines>
						</method>
						<method name="loadAll" signature="(Ljava/lang/String;)Ljava/lang/Iterable;" line-rate="1.0" branch-rate="1.0">
							<lines>
								<line number="173" hits="71" branch="false"/>
							</lines>
						</method>
						<method name="setName" signature="(Ljava/lang/String;)V" line-rate="1.0" branch-rate="1.0">
							<lines>
								<line number="221" hits="1" branch="false"/>
								<line number="222" hits="1" branch="false"/>
							</lines>
						</method>
						<method name="toString" signature="()Ljava/lang/String;" line-rate="1.0" branch-rate="1.0">
							<lines>
								<line number="207" hits="2" branch="false"/>
							</lines>
						</method>
					</methods>
					<lines>
						<line number="28" hits="47" branch="false"/>
						<line number="29" hits="47" branch="false"/>
						<line number="32" hits="9" branch="false"/>
						<line number="33" hits="8" branch="false"/>
						<line number="36" hits="99" branch="false"/>
						<line number="37" hits="98" branch="false"/>
						<line number="48" hits="486" branch="false"/>
						<line number="49" hits="486" branch="false"/>
						<line number="50" hits="486" branch="false"/>
						<line number="51" hits="485" branch="false"/>
						<line number="52" hits="485" branch="false"/>
						<line number="53" hits="484" branch="false"/>
						<line number="54" hits="484" branch="false"/>
						<line number="55" hits="484" branch="false"/>
						<line number="56" hits="484" branch="false"/>
						<line number="59" hits="327" branch="false"/>
						<line number="60" hits="327" branch="false"/>
						<line number="70" hits="120" branch="false"/>
						<line number="71" hits="120" branch="false"/>
						<line number="72" hits="120" branch="false"/>
						<line number="83" hits="121" branch="false"/>
						<line number="84" hits="121" branch="false"/>
						<line number="85" hits="119" branch="false"/>
						<line number="97" hits="41" branch="false"/>
						<line number="98" hits="41" branch="false"/>
						<line number="99" hits="41" branch="false"/>
						<line number="100" hits="40" branch="false"/>
						<line number="111" hits="165" branch="false"/>
						<line number="112" hits="162" branch="false"/>
						<line number="123" hits="2223" branch="false"/>
						<line number="135" hits="41" branch="false"/>
						<line number="147" hits="1" branch="false"/>
						<line number="160" hits="326" branch="false"/>
						<line number="173" hits="71" branch="false"/>
						<line number="186" hits="255" branch="false"/>
						<line number="202" hits="4" branch="false"/>
						<line number="203" hits="4" branch="false"/>
						<line number="207" hits="2" branch="false"/>
						<line number="211" hits="1" branch="false"/>
						<line number="221" hits="1" branch="false"/>
						<line number="222" hits="1" branch="false"/>
					</lines>
				</class>
			</classes>
		</package>
		<package name="org.yaml.snakeyaml.composer" line-rate="0.9879518072289156" branch-rate="0.9318181818181818" complexity="1.0">
			<classes>
				<class name="org.yaml.snakeyaml.composer.Composer" filename="org/yaml/snakeyaml/composer/Composer.java" line-rate="0.9876543209876543" branch-rate="0.9318181818181818" complexity="0.0">
					<methods>
						<method name="&lt;init&gt;" signature="(Lorg/yaml/snakeyaml/parser/Parser;Lorg/yaml/snakeyaml/resolver/Resolver;)V" line-rate="1.0" branch-rate="1.0">
							<lines>
								<line number="38" hits="2779" branch="false"/>
								<line number="39" hits="2779" branch="false"/>
								<line number="40" hits="2779" branch="false"/>
								<line number="41" hits="2779" branch="false"/>
								<line number="42" hits="2779" branch="false"/>
							</lines>
						</method>
						<method name="checkNode" signature="()Z" line-rate="1.0" branch-rate="1.0">
							<lines>
								<line number="46" hits="1082" branch="true" condition-coverage="100% (2/2)">
									<conditions>
										<condition number="0" type="jump" coverage="100%"/>
									</conditions>
								</line>
								<line number="47" hits="507" branch="false"/>
								<line number="50" hits="1078" branch="true" condition-coverage="100% (2/2)">
									<conditions>
										<condition number="0" type="jump" coverage="100%"/>
									</conditions>
								</line>
							</lines>
						</method>
						<method name="composeDocument" signature="()Lorg/yaml/snakeyaml/nodes/Node;" line-rate="1.0" branch-rate="1.0">
							<lines>
								<line number="83" hits="2803" branch="false"/>
								<line number="85" hits="2803" branch="false"/>
								<line number="87" hits="2745" branch="false"/>
								<line number="88" hits="2745" branch="false"/>
								<line number="89" hits="2745" branch="false"/>
							</lines>
						</method>
						<method name="composeMappingNode" signature="(Ljava/lang/String;)Lorg/yaml/snakeyaml/nodes/Node;" line-rate="1.0" branch-rate="0.875">
							<lines>
								<line number="162" hits="10802" branch="false"/>
								<line number="163" hits="10802" branch="false"/>
								<line number="164" hits="10802" branch="true" condition-coverage="75% (3/4)">
									<conditions>
										<condition number="0" type="jump" coverage="100%"/>
										<condition number="1" type="jump" coverage="50%"/>
									</conditions>
								</line>
								<line number="165" hits="8507" branch="false"/>
								<line number="167" hits="10802" branch="false"/>
								<line number="169" hits="10802" branch="true" condition-coverage="100% (2/2)">
									<conditions>
										<condition number="0" type="jump" coverage="100%"/>
									</conditions>
								</line>
								<line number="170" hits="2010" branch="false"/>
								<line number="172" hits="58243" branch="true" condition-coverage="100% (2/2)">
									<conditions>
										<condition number="0" type="jump" coverage="100%"/>
									</conditions>
								</line>
								<line number="173" hits="47447" branch="false"/>
								<line number="174" hits="47447" branch="false"/>
								<line number="175" hits="47437" branch="false"/>
								<line number="176" hits="47441" branch="false"/>
								<line number="177" hits="10782" branch="false"/>
								<line number="178" hits="10782" branch="false"/>
								<line number="179" hits="10782" branch="false"/>
							</lines>
						</method>
						<method name="composeNode" signature="(Lorg/yaml/snakeyaml/nodes/Node;Ljava/lang/Object;)Lorg/yaml/snakeyaml/nodes/Node;" line-rate="1.0" branch-rate="1.0">
							<lines>
								<line number="93" hits="102845" branch="true" condition-coverage="100% (2/2)">
									<conditions>
										<condition number="0" type="jump" coverage="100%"/>
									</conditions>
								</line>
								<line number="94" hits="2045" branch="false"/>
								<line number="95" hits="2045" branch="false"/>
								<line number="96" hits="2045" branch="true" condition-coverage="100% (2/2)">
									<conditions>
										<condition number="0" type="jump" coverage="100%"/>
									</conditions>
								</line>
								<line number="97" hits="2" branch="false"/>
								<line number="100" hits="2043" branch="false"/>
								<line number="102" hits="100779" branch="false"/>
								<line number="103" hits="100780" branch="false"/>
								<line number="104" hits="100780" branch="false"/>
								<line number="105" hits="100780" branch="true" condition-coverage="100% (2/2)">
									<conditions>
										<condition number="0" type="jump" coverage="100%"/>
									</conditions>
								</line>
								<line number="106" hits="2052" branch="true" condition-coverage="100% (2/2)">
									<conditions>
										<condition number="0" type="jump" coverage="100%"/>
									</conditions>
								</line>
								<line number="107" hits="4" branch="false"/>
								<line number="113" hits="100776" branch="false"/>
								<line number="114" hits="100776" branch="true" condition-coverage="100% (2/2)">
									<conditions>
										<condition number="0" type="jump" coverage="100%"/>
									</conditions>
								</line>
								<line number="115" hits="87603" branch="false"/>
								<line number="116" hits="13173" branch="true" condition-coverage="100% (2/2)">
									<conditions>
										<condition number="0" type="jump" coverage="100%"/>
									</conditions>
								</line>
								<line number="117" hits="2371" branch="false"/>
								<line number="119" hits="10802" branch="false"/>
								<line number="122" hits="100694" branch="false"/>
							</lines>
						</method>
						<method name="composeScalarNode" signature="(Ljava/lang/String;)Lorg/yaml/snakeyaml/nodes/Node;" line-rate="1.0" branch-rate="1.0">
							<lines>
								<line number="126" hits="87603" branch="false"/>
								<line number="127" hits="87603" branch="false"/>
								<line number="128" hits="87603" branch="true" condition-coverage="100% (4/4)">
									<conditions>
										<condition number="0" type="jump" coverage="100%"/>
										<condition number="1" type="jump" coverage="100%"/>
									</conditions>
								</line>
								<line number="129" hits="86657" branch="false"/>
								<line number="131" hits="87603" branch="false"/>
								<line number="133" hits="87603" branch="true" condition-coverage="100% (2/2)">
									<conditions>
										<condition number="0" type="jump" coverage="100%"/>
									</conditions>
								</line>
								<line number="134" hits="35" branch="false"/>
								<line number="136" hits="87603" branch="false"/>
							</lines>
						</method>
						<method name="composeSequenceNode" signature="(Ljava/lang/String;)Lorg/yaml/snakeyaml/nodes/Node;" line-rate="1.0" branch-rate="0.875">
							<lines>
								<line number="141" hits="2371" branch="false"/>
								<line number="142" hits="2371" branch="false"/>
								<line number="143" hits="2371" branch="true" condition-coverage="75% (3/4)">
									<conditions>
										<condition number="0" type="jump" coverage="100%"/>
										<condition number="1" type="jump" coverage="50%"/>
									</conditions>
								</line>
								<line number="144" hits="2266" branch="false"/>
								<line number="146" hits="2371" branch="false"/>
								<line number="148" hits="2371" branch="true" condition-coverage="100% (2/2)">
									<conditions>
										<condition number="0" type="jump" coverage="100%"/>
									</conditions>
								</line>
								<line number="149" hits="3" branch="false"/>
								<line number="151" hits="2371" branch="false"/>
								<line number="152" hits="7507" branch="true" condition-coverage="100% (2/2)">
									<conditions>
										<condition number="0" type="jump" coverage="100%"/>
									</conditions>
								</line>
								<line number="153" hits="5148" branch="false"/>
								<line number="154" hits="5136" branch="false"/>
								<line number="156" hits="2341" branch="false"/>
								<line number="157" hits="2341" branch="false"/>
								<line number="158" hits="2341" branch="false"/>
							</lines>
						</method>
						<method name="getNode" signature="()Lorg/yaml/snakeyaml/nodes/Node;" line-rate="0.6666666666666666" branch-rate="0.5">
							<lines>
								<line number="55" hits="535" branch="true" condition-coverage="50% (1/2)">
									<conditions>
										<condition number="0" type="jump" coverage="50%"/>
									</conditions>
								</line>
								<line number="56" hits="535" branch="false"/>
								<line number="58" hits="0" branch="false"/>
							</lines>
						</method>
						<method name="getSingleNode" signature="()Lorg/yaml/snakeyaml/nodes/Node;" line-rate="1.0" branch-rate="1.0">
							<lines>
								<line number="64" hits="2271" branch="false"/>
								<line number="66" hits="2271" branch="false"/>
								<line number="67" hits="2271" branch="true" condition-coverage="100% (2/2)">
									<conditions>
										<condition number="0" type="jump" coverage="100%"/>
									</conditions>
								</line>
								<line number="68" hits="2268" branch="false"/>
								<line number="71" hits="2271" branch="true" condition-coverage="100% (2/2)">
									<conditions>
										<condition number="0" type="jump" coverage="100%"/>
									</conditions>
								</line>
								<line number="72" hits="3" branch="false"/>
								<line number="73" hits="3" branch="false"/>
								<line number="77" hits="2268" branch="false"/>
								<line number="78" hits="2268" branch="false"/>
							</lines>
						</method>
					</methods>
					<lines>
						<line number="38" hits="2779" branch="false"/>
						<line number="39" hits="2779" branch="false"/>
						<line number="40" hits="2779" branch="false"/>
						<line number="41" hits="2779" branch="false"/>
						<line number="42" hits="2779" branch="false"/>
						<line number="46" hits="1082" branch="true" condition-coverage="100% (2/2)">
							<conditions>
								<condition number="0" type="jump" coverage="100%"/>
							</conditions>
						</line>
						<line number="47" hits="507" branch="false"/>
						<line number="50" hits="1078" branch="true" condition-coverage="100% (2/2)">
							<conditions>
								<condition number="0" type="jump" coverage="100%"/>
							</conditions>
						</line>
						<line number="55" hits="535" branch="true" condition-coverage="50% (1/2)">
							<conditions>
								<condition number="0" type="jump" coverage="50%"/>
							</conditions>
						</line>
						<line number="56" hits="535" branch="false"/>
						<line number="58" hits="0" branch="false"/>
						<line number="64" hits="2271" branch="false"/>
						<line number="66" hits="2271" branch="false"/>
						<line number="67" hits="2271" branch="true" condition-coverage="100% (2/2)">
							<conditions>
								<condition number="0" type="jump" coverage="100%"/>
							</conditions>
						</line>
						<line number="68" hits="2268" branch="false"/>
						<line number="71" hits="2271" branch="true" condition-coverage="100% (2/2)">
							<conditions>
								<condition number="0" type="jump" coverage="100%"/>
							</conditions>
						</line>
						<line number="72" hits="3" branch="false"/>
						<line number="73" hits="3" branch="false"/>
						<line number="77" hits="2268" branch="false"/>
						<line number="78" hits="2268" branch="false"/>
						<line number="83" hits="2803" branch="false"/>
						<line number="85" hits="2803" branch="false"/>
						<line number="87" hits="2745" branch="false"/>
						<line number="88" hits="2745" branch="false"/>
						<line number="89" hits="2745" branch="false"/>
						<line number="93" hits="102845" branch="true" condition-coverage="100% (2/2)">
							<conditions>
								<condition number="0" type="jump" coverage="100%"/>
							</conditions>
						</line>
						<line number="94" hits="2045" branch="false"/>
						<line number="95" hits="2045" branch="false"/>
						<line number="96" hits="2045" branch="true" condition-coverage="100% (2/2)">
							<conditions>
								<condition number="0" type="jump" coverage="100%"/>
							</conditions>
						</line>
						<line number="97" hits="2" branch="false"/>
						<line number="100" hits="2043" branch="false"/>
						<line number="102" hits="100779" branch="false"/>
						<line number="103" hits="100780" branch="false"/>
						<line number="104" hits="100780" branch="false"/>
						<line number="105" hits="100780" branch="true" condition-coverage="100% (2/2)">
							<conditions>
								<condition number="0" type="jump" coverage="100%"/>
							</conditions>
						</line>
						<line number="106" hits="2052" branch="true" condition-coverage="100% (2/2)">
							<conditions>
								<condition number="0" type="jump" coverage="100%"/>
							</conditions>
						</line>
						<line number="107" hits="4" branch="false"/>
						<line number="113" hits="100776" branch="false"/>
						<line number="114" hits="100776" branch="true" condition-coverage="100% (2/2)">
							<conditions>
								<condition number="0" type="jump" coverage="100%"/>
							</conditions>
						</line>
						<line number="115" hits="87603" branch="false"/>
						<line number="116" hits="13173" branch="true" condition-coverage="100% (2/2)">
							<conditions>
								<condition number="0" type="jump" coverage="100%"/>
							</conditions>
						</line>
						<line number="117" hits="2371" branch="false"/>
						<line number="119" hits="10802" branch="false"/>
						<line number="122" hits="100694" branch="false"/>
						<line number="126" hits="87603" branch="false"/>
						<line number="127" hits="87603" branch="false"/>
						<line number="128" hits="87603" branch="true" condition-coverage="100% (4/4)">
							<conditions>
								<condition number="0" type="jump" coverage="100%"/>
								<condition number="1" type="jump" coverage="100%"/>
							</conditions>
						</line>
						<line number="129" hits="86657" branch="false"/>
						<line number="131" hits="87603" branch="false"/>
						<line number="133" hits="87603" branch="true" condition-coverage="100% (2/2)">
							<conditions>
								<condition number="0" type="jump" coverage="100%"/>
							</conditions>
						</line>
						<line number="134" hits="35" branch="false"/>
						<line number="136" hits="87603" branch="false"/>
						<line number="141" hits="2371" branch="false"/>
						<line number="142" hits="2371" branch="false"/>
						<line number="143" hits="2371" branch="true" condition-coverage="75% (3/4)">
							<conditions>
								<condition number="0" type="jump" coverage="100%"/>
								<condition number="1" type="jump" coverage="50%"/>
							</conditions>
						</line>
						<line number="144" hits="2266" branch="false"/>
						<line number="146" hits="2371" branch="false"/>
						<line number="148" hits="2371" branch="true" condition-coverage="100% (2/2)">
							<conditions>
								<condition number="0" type="jump" coverage="100%"/>
							</conditions>
						</line>
						<line number="149" hits="3" branch="false"/>
						<line number="151" hits="2371" branch="false"/>
						<line number="152" hits="7507" branch="true" condition-coverage="100% (2/2)">
							<conditions>
								<condition number="0" type="jump" coverage="100%"/>
							</conditions>
						</line>
						<line number="153" hits="5148" branch="false"/>
						<line number="154" hits="5136" branch="false"/>
						<line number="156" hits="2341" branch="false"/>
						<line number="157" hits="2341" branch="false"/>
						<line number="158" hits="2341" branch="false"/>
						<line number="162" hits="10802" branch="false"/>
						<line number="163" hits="10802" branch="false"/>
						<line number="164" hits="10802" branch="true" condition-coverage="75% (3/4)">
							<conditions>
								<condition number="0" type="jump" coverage="100%"/>
								<condition number="1" type="jump" coverage="50%"/>
							</conditions>
						</line>
						<line number="165" hits="8507" branch="false"/>
						<line number="167" hits="10802" branch="false"/>
						<line number="169" hits="10802" branch="true" condition-coverage="100% (2/2)">
							<conditions>
								<condition number="0" type="jump" coverage="100%"/>
							</conditions>
						</line>
						<line number="170" hits="2010" branch="false"/>
						<line number="172" hits="58243" branch="true" condition-coverage="100% (2/2)">
							<conditions>
								<condition number="0" type="jump" coverage="100%"/>
							</conditions>
						</line>
						<line number="173" hits="47447" branch="false"/>
						<line number="174" hits="47447" branch="false"/>
						<line number="175" hits="47437" branch="false"/>
						<line number="176" hits="47441" branch="false"/>
						<line number="177" hits="10782" branch="false"/>
						<line number="178" hits="10782" branch="false"/>
						<line number="179" hits="10782" branch="false"/>
					</lines>
				</class>
				<class name="org.yaml.snakeyaml.composer.ComposerException" filename="org/yaml/snakeyaml/composer/ComposerException.java" line-rate="1.0" branch-rate="1.0" complexity="1.0">
					<methods>
						<method name="&lt;init&gt;" signature="(Ljava/lang/String;Lorg/yaml/snakeyaml/error/Mark;Ljava/lang/String;Lorg/yaml/snakeyaml/error/Mark;)V" line-rate="1.0" branch-rate="1.0">
							<lines>
								<line number="16" hits="9" branch="false"/>
								<line number="17" hits="9" branch="false"/>
							</lines>
						</method>
					</methods>
					<lines>
						<line number="16" hits="9" branch="false"/>
						<line number="17" hits="9" branch="false"/>
					</lines>
				</class>
			</classes>
		</package>
		<package name="org.yaml.snakeyaml.constructor" line-rate="0.975609756097561" branch-rate="0.95" complexity="1.0">
			<classes>
				<class name="org.yaml.snakeyaml.constructor.BaseConstructor" filename="org/yaml/snakeyaml/constructor/BaseConstructor.java" line-rate="0.967741935483871" branch-rate="1.0" complexity="0.0">
					<methods>
						<method name="&lt;init&gt;" signature="()V" line-rate="1.0" branch-rate="1.0">
							<lines>
								<line number="22" hits="492" branch="false"/>
								<line number="30" hits="492" branch="false"/>
								<line number="31" hits="492" branch="false"/>
								<line number="32" hits="492" branch="false"/>
								<line number="33" hits="492" branch="false"/>
								<line number="34" hits="492" branch="false"/>
							</lines>
						</method>
						<method name="callConstructor" signature="(Lorg/yaml/snakeyaml/nodes/Node;)Ljava/lang/Object;" line-rate="1.0" branch-rate="1.0">
							<lines>
								<line number="86" hits="39203" branch="false"/>
								<line number="87" hits="39203" branch="false"/>
								<line number="88" hits="39203" branch="false"/>
								<line number="89" hits="39203" branch="true" condition-coverage="100% (2/2)">
									<conditions>
										<condition number="0" type="jump" coverage="100%"/>
									</conditions>
								</line>
								<line number="90" hits="317" branch="false"/>
								<line number="91" hits="317" branch="false"/>
								<line number="93" hits="38886" branch="false"/>
								<line number="95" hits="39163" branch="false"/>
							</lines>
						</method>
						<method name="checkData" signature="()Z" line-rate="1.0" branch-rate="1.0">
							<lines>
								<line number="42" hits="365" branch="false"/>
							</lines>
						</method>
						<method name="constructDocument" signature="(Lorg/yaml/snakeyaml/nodes/Node;)Ljava/lang/Object;" line-rate="1.0" branch-rate="1.0">
							<lines>
								<line number="64" hits="2530" branch="false"/>
								<line number="65" hits="2484" branch="false"/>
								<line number="66" hits="2484" branch="false"/>
								<line number="67" hits="2484" branch="false"/>
							</lines>
						</method>
						<method name="constructMapping" signature="(Lorg/yaml/snakeyaml/nodes/MappingNode;)Ljava/util/Map;" line-rate="0.8666666666666667" branch-rate="1.0">
							<lines>
								<line number="121" hits="4510" branch="false"/>
								<line number="122" hits="4510" branch="false"/>
								<line number="123" hits="4510" branch="true" condition-coverage="100% (2/2)">
									<conditions>
										<condition number="0" type="jump" coverage="100%"/>
									</conditions>
								</line>
								<line number="124" hits="16932" branch="false"/>
								<line number="125" hits="16932" branch="false"/>
								<line number="126" hits="16932" branch="false"/>
								<line number="127" hits="16931" branch="true" condition-coverage="100% (2/2)">
									<conditions>
										<condition number="0" type="jump" coverage="100%"/>
									</conditions>
								</line>
								<line number="129" hits="16921" branch="false"/>
								<line number="130" hits="0" branch="false"/>
								<line number="131" hits="0" branch="false"/>
								<line number="134" hits="16921" branch="false"/>
								<line number="136" hits="16931" branch="false"/>
								<line number="137" hits="16930" branch="false"/>
								<line number="138" hits="16930" branch="false"/>
								<line number="139" hits="4508" branch="false"/>
							</lines>
						</method>
						<method name="constructObject" signature="(Lorg/yaml/snakeyaml/nodes/Node;)Ljava/lang/Object;" line-rate="1.0" branch-rate="1.0">
							<lines>
								<line number="71" hits="101589" branch="true" condition-coverage="100% (2/2)">
									<conditions>
										<condition number="0" type="jump" coverage="100%"/>
									</conditions>
								</line>
								<line number="72" hits="2033" branch="false"/>
								<line number="74" hits="99556" branch="true" condition-coverage="100% (2/2)">
									<conditions>
										<condition number="0" type="jump" coverage="100%"/>
									</conditions>
								</line>
								<line number="75" hits="2" branch="false"/>
								<line number="78" hits="99554" branch="false"/>
								<line number="79" hits="99554" branch="false"/>
								<line number="80" hits="99501" branch="false"/>
								<line number="81" hits="99501" branch="false"/>
								<line number="82" hits="99501" branch="false"/>
							</lines>
						</method>
						<method name="constructScalar" signature="(Lorg/yaml/snakeyaml/nodes/ScalarNode;)Ljava/lang/Object;" line-rate="1.0" branch-rate="1.0">
							<lines>
								<line number="99" hits="86521" branch="false"/>
							</lines>
						</method>
						<method name="constructSequence" signature="(Lorg/yaml/snakeyaml/nodes/SequenceNode;)Ljava/util/List;" line-rate="1.0" branch-rate="1.0">
							<lines>
								<line number="107" hits="2234" branch="false"/>
								<line number="108" hits="2234" branch="false"/>
								<line number="109" hits="2234" branch="true" condition-coverage="100% (2/2)">
									<conditions>
										<condition number="0" type="jump" coverage="100%"/>
									</conditions>
								</line>
								<line number="110" hits="4824" branch="false"/>
								<line number="112" hits="2232" branch="false"/>
							</lines>
						</method>
						<method name="createDefaultList" signature="(I)Ljava/util/List;" line-rate="1.0" branch-rate="1.0">
							<lines>
								<line number="103" hits="2232" branch="false"/>
							</lines>
						</method>
						<method name="createDefaultMap" signature="()Ljava/util/Map;" line-rate="1.0" branch-rate="1.0">
							<lines>
								<line number="117" hits="4508" branch="false"/>
							</lines>
						</method>
						<method name="getData" signature="()Ljava/lang/Object;" line-rate="1.0" branch-rate="1.0">
							<lines>
								<line number="47" hits="325" branch="false"/>
								<line number="48" hits="325" branch="false"/>
								<line number="49" hits="267" branch="false"/>
								<line number="50" hits="267" branch="false"/>
							</lines>
						</method>
						<method name="getSingleData" signature="()Ljava/lang/Object;" line-rate="1.0" branch-rate="1.0">
							<lines>
								<line number="55" hits="2269" branch="false"/>
								<line number="56" hits="2266" branch="true" condition-coverage="100% (2/2)">
									<conditions>
										<condition number="0" type="jump" coverage="100%"/>
									</conditions>
								</line>
								<line number="57" hits="2263" branch="false"/>
								<line number="58" hits="2263" branch="false"/>
								<line number="60" hits="3" branch="false"/>
							</lines>
						</method>
						<method name="setComposer" signature="(Lorg/yaml/snakeyaml/composer/Composer;)V" line-rate="1.0" branch-rate="1.0">
							<lines>
								<line number="37" hits="2595" branch="false"/>
								<line number="38" hits="2595" branch="false"/>
							</lines>
						</method>
					</methods>
					<lines>
						<line number="22" hits="492" branch="false"/>
						<line number="30" hits="492" branch="false"/>
						<line number="31" hits="492" branch="false"/>
						<line number="32" hits="492" branch="false"/>
						<line number="33" hits="492" branch="false"/>
						<line number="34" hits="492" branch="false"/>
						<line number="37" hits="2595" branch="false"/>
						<line number="38" hits="2595" branch="false"/>
						<line number="42" hits="365" branch="false"/>
						<line number="47" hits="325" branch="false"/>
						<line number="48" hits="325" branch="false"/>
						<line number="49" hits="267" branch="false"/>
						<line number="50" hits="267" branch="false"/>
						<line number="55" hits="2269" branch="false"/>
						<line number="56" hits="2266" branch="true" condition-coverage="100% (2/2)">
							<conditions>
								<condition number="0" type="jump" coverage="100%"/>
							</conditions>
						</line>
						<line number="57" hits="2263" branch="false"/>
						<line number="58" hits="2263" branch="false"/>
						<line number="60" hits="3" branch="false"/>
						<line number="64" hits="2530" branch="false"/>
						<line number="65" hits="2484" branch="false"/>
						<line number="66" hits="2484" branch="false"/>
						<line number="67" hits="2484" branch="false"/>
						<line number="71" hits="101589" branch="true" condition-coverage="100% (2/2)">
							<conditions>
								<condition number="0" type="jump" coverage="100%"/>
							</conditions>
						</line>
						<line number="72" hits="2033" branch="false"/>
						<line number="74" hits="99556" branch="true" condition-coverage="100% (2/2)">
							<conditions>
								<condition number="0" type="jump" coverage="100%"/>
							</conditions>
						</line>
						<line number="75" hits="2" branch="false"/>
						<line number="78" hits="99554" branch="false"/>
						<line number="79" hits="99554" branch="false"/>
						<line number="80" hits="99501" branch="false"/>
						<line number="81" hits="99501" branch="false"/>
						<line number="82" hits="99501" branch="false"/>
						<line number="86" hits="39203" branch="false"/>
						<line number="87" hits="39203" branch="false"/>
						<line number="88" hits="39203" branch="false"/>
						<line number="89" hits="39203" branch="true" condition-coverage="100% (2/2)">
							<conditions>
								<condition number="0" type="jump" coverage="100%"/>
							</conditions>
						</line>
						<line number="90" hits="317" branch="false"/>
						<line number="91" hits="317" branch="false"/>
						<line number="93" hits="38886" branch="false"/>
						<line number="95" hits="39163" branch="false"/>
						<line number="99" hits="86521" branch="false"/>
						<line number="103" hits="2232" branch="false"/>
						<line number="107" hits="2234" branch="false"/>
						<line number="108" hits="2234" branch="false"/>
						<line number="109" hits="2234" branch="true" condition-coverage="100% (2/2)">
							<conditions>
								<condition number="0" type="jump" coverage="100%"/>
							</conditions>
						</line>
						<line number="110" hits="4824" branch="false"/>
						<line number="112" hits="2232" branch="false"/>
						<line number="117" hits="4508" branch="false"/>
						<line number="121" hits="4510" branch="false"/>
						<line number="122" hits="4510" branch="false"/>
						<line number="123" hits="4510" branch="true" condition-coverage="100% (2/2)">
							<conditions>
								<condition number="0" type="jump" coverage="100%"/>
							</conditions>
						</line>
						<line number="124" hits="16932" branch="false"/>
						<line number="125" hits="16932" branch="false"/>
						<line number="126" hits="16932" branch="false"/>
						<line number="127" hits="16931" branch="true" condition-coverage="100% (2/2)">
							<conditions>
								<condition number="0" type="jump" coverage="100%"/>
							</conditions>
						</line>
						<line number="129" hits="16921" branch="false"/>
						<line number="130" hits="0" branch="false"/>
						<line number="131" hits="0" branch="false"/>
						<line number="134" hits="16921" branch="false"/>
						<line number="136" hits="16931" branch="false"/>
						<line number="137" hits="16930" branch="false"/>
						<line number="138" hits="16930" branch="false"/>
						<line number="139" hits="4508" branch="false"/>
					</lines>
				</class>
				<class name="org.yaml.snakeyaml.constructor.Construct" filename="org/yaml/snakeyaml/constructor/Construct.java" line-rate="1.0" branch-rate="1.0" complexity="1.0">
					<methods>
					</methods>
					<lines>
					</lines>
				</class>
				<class name="org.yaml.snakeyaml.constructor.Constructor" filename="org/yaml/snakeyaml/constructor/Constructor.java" line-rate="0.9513888888888888" branch-rate="0.9461538461538461" complexity="0.0">
					<methods>
						<method name="&lt;init&gt;" signature="()V" line-rate="1.0" branch-rate="1.0">
							<lines>
								<line number="36" hits="464" branch="false"/>
								<line number="37" hits="464" branch="false"/>
							</lines>
						</method>
						<method name="&lt;init&gt;" signature="(Ljava/lang/Class;)V" line-rate="1.0" branch-rate="1.0">
							<lines>
								<line number="39" hits="488" branch="false"/>
								<line number="40" hits="488" branch="true" condition-coverage="100% (2/2)">
									<conditions>
										<condition number="0" type="jump" coverage="100%"/>
									</conditions>
								</line>
								<line number="41" hits="1" branch="false"/>
								<line number="43" hits="487" branch="false"/>
								<line number="44" hits="487" branch="false"/>
								<line number="45" hits="487" branch="false"/>
								<line number="46" hits="487" branch="false"/>
								<line number="47" hits="487" branch="false"/>
							</lines>
						</method>
						<method name="&lt;init&gt;" signature="(Ljava/lang/String;)V" line-rate="1.0" branch-rate="1.0">
							<lines>
								<line number="58" hits="3" branch="false"/>
								<line number="59" hits="1" branch="false"/>
							</lines>
						</method>
						<method name="access$100" signature="(Lorg/yaml/snakeyaml/constructor/Constructor;)Ljava/util/Map;" line-rate="1.0" branch-rate="1.0">
							<lines>
							</lines>
						</method>
						<method name="access$200" signature="(Lorg/yaml/snakeyaml/constructor/Constructor;Lorg/yaml/snakeyaml/nodes/MappingNode;)Ljava/lang/Object;" line-rate="1.0" branch-rate="1.0">
							<lines>
								<line number="31" hits="52" branch="false"/>
							</lines>
						</method>
						<method name="addTypeDescription" signature="(Lorg/yaml/snakeyaml/TypeDescription;)Lorg/yaml/snakeyaml/TypeDescription;" line-rate="1.0" branch-rate="1.0">
							<lines>
								<line number="82" hits="10" branch="true" condition-coverage="100% (2/2)">
									<conditions>
										<condition number="0" type="jump" coverage="100%"/>
									</conditions>
								</line>
								<line number="83" hits="2" branch="false"/>
								<line number="85" hits="8" branch="true" condition-coverage="100% (4/4)">
									<conditions>
										<condition number="0" type="jump" coverage="100%"/>
										<condition number="1" type="jump" coverage="100%"/>
									</conditions>
								</line>
								<line number="86" hits="2" branch="false"/>
								<line number="88" hits="8" branch="false"/>
								<line number="89" hits="8" branch="false"/>
								<line number="90" hits="8" branch="false"/>
							</lines>
						</method>
						<method name="callConstructor" signature="(Lorg/yaml/snakeyaml/nodes/Node;)Ljava/lang/Object;" line-rate="1.0" branch-rate="1.0">
							<lines>
								<line number="155" hits="99545" branch="true" condition-coverage="100% (2/2)">
									<conditions>
										<condition number="0" type="jump" coverage="100%"/>
									</conditions>
								</line>
								<line number="156" hits="39188" branch="false"/>
								<line number="159" hits="60357" branch="true" condition-coverage="100% (3/3)">
									<conditions>
										<condition number="0" type="switch" coverage="100%"/>
									</conditions>
								</line>
								<line number="161" hits="52303" branch="false"/>
								<line number="162" hits="52299" branch="false"/>
								<line number="164" hits="2008" branch="false"/>
								<line number="165" hits="2008" branch="false"/>
								<line number="167" hits="6046" branch="true" condition-coverage="100% (2/2)">
									<conditions>
										<condition number="0" type="jump" coverage="100%"/>
									</conditions>
								</line>
								<line number="168" hits="6" branch="false"/>
								<line number="170" hits="6040" branch="false"/>
								<line number="173" hits="60344" branch="false"/>
							</lines>
						</method>
						<method name="check" signature="(Ljava/lang/String;)Ljava/lang/String;" line-rate="1.0" branch-rate="1.0">
							<lines>
								<line number="62" hits="3" branch="true" condition-coverage="100% (2/2)">
									<conditions>
										<condition number="0" type="jump" coverage="100%"/>
									</conditions>
								</line>
								<line number="63" hits="1" branch="false"/>
								<line number="65" hits="2" branch="true" condition-coverage="100% (2/2)">
									<conditions>
										<condition number="0" type="jump" coverage="100%"/>
									</conditions>
								</line>
								<line number="66" hits="1" branch="false"/>
								<line number="68" hits="1" branch="false"/>
							</lines>
						</method>
						<method name="constructMappingNode" signature="(Lorg/yaml/snakeyaml/nodes/MappingNode;)Ljava/lang/Object;" line-rate="0.9555555555555556" branch-rate="1.0">
							<lines>
								<line number="259" hits="6054" branch="false"/>
								<line number="262" hits="6054" branch="false"/>
								<line number="263" hits="2" branch="false"/>
								<line number="264" hits="2" branch="false"/>
								<line number="265" hits="0" branch="false"/>
								<line number="266" hits="0" branch="false"/>
								<line number="267" hits="6052" branch="false"/>
								<line number="268" hits="6052" branch="false"/>
								<line number="269" hits="6052" branch="true" condition-coverage="100% (2/2)">
									<conditions>
										<condition number="0" type="jump" coverage="100%"/>
									</conditions>
								</line>
								<line number="271" hits="30166" branch="true" condition-coverage="100% (2/2)">
									<conditions>
										<condition number="0" type="jump" coverage="100%"/>
									</conditions>
								</line>
								<line number="272" hits="30164" branch="false"/>
								<line number="274" hits="2" branch="false"/>
								<line number="276" hits="30164" branch="false"/>
								<line number="278" hits="30164" branch="false"/>
								<line number="279" hits="30164" branch="false"/>
								<line number="280" hits="30164" branch="false"/>
								<line number="282" hits="30164" branch="false"/>
								<line number="283" hits="30164" branch="true" condition-coverage="100% (2/2)">
									<conditions>
										<condition number="0" type="jump" coverage="100%"/>
									</conditions>
								</line>
								<line number="284" hits="2" branch="false"/>
								<line number="286" hits="30162" branch="false"/>
								<line number="287" hits="30162" branch="false"/>
								<line number="288" hits="30162" branch="true" condition-coverage="100% (2/2)">
[...]
							</lines>
						</method>
						<method name="getArguments" signature="()Ljava/lang/String;" line-rate="1.0" branch-rate="1.0">
							<lines>
								<line number="30" hits="1" branch="false"/>
							</lines>
						</method>
						<method name="getTokenId" signature="()Ljava/lang/String;" line-rate="1.0" branch-rate="1.0">
							<lines>
								<line number="35" hits="1" branch="false"/>
							</lines>
						</method>
						<method name="getValue" signature="()[Ljava/lang/String;" line-rate="1.0" branch-rate="1.0">
							<lines>
								<line number="25" hits="15826" branch="false"/>
							</lines>
						</method>
					</methods>
					<lines>
						<line number="16" hits="14499" branch="false"/>
						<line number="17" hits="14499" branch="true" condition-coverage="100% (2/2)">
							<conditions>
								<condition number="0" type="jump" coverage="100%"/>
							</conditions>
						</line>
						<line number="18" hits="1" branch="false"/>
						<line number="21" hits="14498" branch="false"/>
						<line number="22" hits="14498" branch="false"/>
						<line number="25" hits="15826" branch="false"/>
						<line number="30" hits="1" branch="false"/>
						<line number="35" hits="1" branch="false"/>
					</lines>
				</class>
				<class name="org.yaml.snakeyaml.tokens.Token" filename="org/yaml/snakeyaml/tokens/Token.java" line-rate="1.0" branch-rate="0.6" complexity="0.0">
					<methods>
						<method name="&lt;clinit&gt;" signature="()V" line-rate="1.0" branch-rate="1.0">
							<lines>
								<line number="11" hits="1" branch="false"/>
							</lines>
						</method>
						<method name="&lt;init&gt;" signature="(Lorg/yaml/snakeyaml/error/Mark;Lorg/yaml/snakeyaml/error/Mark;)V" line-rate="1.0" branch-rate="0.5">
							<lines>
								<line number="15" hits="283552" branch="false"/>
								<line number="16" hits="283552" branch="true" condition-coverage="50% (2/4)">
									<conditions>
										<condition number="0" type="jump" coverage="50%"/>
										<condition number="1" type="jump" coverage="50%"/>
									</conditions>
								</line>
								<line number="17" hits="283552" branch="true" condition-coverage="50% (2/4)">
									<conditions>
										<condition number="0" type="jump" coverage="50%"/>
										<condition number="1" type="jump" coverage="50%"/>
									</conditions>
								</line>
								<line number="18" hits="283552" branch="false"/>
								<line number="19" hits="283552" branch="false"/>
								<line number="20" hits="283552" branch="false"/>
							</lines>
						</method>
						<method name="equals" signature="(Ljava/lang/Object;)Z" line-rate="1.0" branch-rate="1.0">
							<lines>
								<line number="53" hits="9" branch="true" condition-coverage="100% (2/2)">
									<conditions>
										<condition number="0" type="jump" coverage="100%"/>
									</conditions>
								</line>
								<line number="54" hits="8" branch="false"/>
								<line number="56" hits="1" branch="false"/>
							</lines>
						</method>
						<method name="getArguments" signature="()Ljava/lang/String;" line-rate="1.0" branch-rate="1.0">
							<lines>
								<line number="38" hits="13" branch="false"/>
							</lines>
						</method>
						<method name="getEndMark" signature="()Lorg/yaml/snakeyaml/error/Mark;" line-rate="1.0" branch-rate="1.0">
							<lines>
								<line number="31" hits="146809" branch="false"/>
							</lines>
						</method>
						<method name="getStartMark" signature="()Lorg/yaml/snakeyaml/error/Mark;" line-rate="1.0" branch-rate="1.0">
							<lines>
								<line number="27" hits="183653" branch="false"/>
							</lines>
						</method>
						<method name="toString" signature="()Ljava/lang/String;" line-rate="1.0" branch-rate="1.0">
							<lines>
								<line number="23" hits="16" branch="false"/>
							</lines>
						</method>
					</methods>
					<lines>
						<line number="11" hits="1" branch="false"/>
						<line number="15" hits="283552" branch="false"/>
						<line number="16" hits="283552" branch="true" condition-coverage="50% (2/4)">
							<conditions>
								<condition number="0" type="jump" coverage="50%"/>
								<condition number="1" type="jump" coverage="50%"/>
							</conditions>
						</line>
						<line number="17" hits="283552" branch="true" condition-coverage="50% (2/4)">
							<conditions>
								<condition number="0" type="jump" coverage="50%"/>
								<condition number="1" type="jump" coverage="50%"/>
							</conditions>
						</line>
						<line number="18" hits="283552" branch="false"/>
						<line number="19" hits="283552" branch="false"/>
						<line number="20" hits="283552" branch="false"/>
						<line number="23" hits="16" branch="false"/>
						<line number="27" hits="183653" branch="false"/>
						<line number="31" hits="146809" branch="false"/>
						<line number="38" hits="13" branch="false"/>
						<line number="53" hits="9" branch="true" condition-coverage="100% (2/2)">
							<conditions>
								<condition number="0" type="jump" coverage="100%"/>
							</conditions>
						</line>
						<line number="54" hits="8" branch="false"/>
						<line number="56" hits="1" branch="false"/>
					</lines>
				</class>
				<class name="org.yaml.snakeyaml.tokens.ValueToken" filename="org/yaml/snakeyaml/tokens/ValueToken.java" line-rate="1.0" branch-rate="1.0" complexity="0.0">
					<methods>
						<method name="&lt;init&gt;" signature="(Lorg/yaml/snakeyaml/error/Mark;Lorg/yaml/snakeyaml/error/Mark;)V" line-rate="1.0" branch-rate="1.0">
							<lines>
								<line number="14" hits="51723" branch="false"/>
								<line number="15" hits="51724" branch="false"/>
							</lines>
						</method>
						<method name="getTokenId" signature="()Ljava/lang/String;" line-rate="1.0" branch-rate="1.0">
							<lines>
								<line number="19" hits="2" branch="false"/>
							</lines>
						</method>
					</methods>
					<lines>
						<line number="14" hits="51723" branch="false"/>
						<line number="15" hits="51724" branch="false"/>
						<line number="19" hits="2" branch="false"/>
					</lines>
				</class>
			</classes>
		</package>
		<package name="org.yaml.snakeyaml.util" line-rate="0.9577464788732394" branch-rate="0.7857142857142857" complexity="6.5">
			<classes>
				<class name="org.yaml.snakeyaml.util.Base64Coder" filename="org/yaml/snakeyaml/util/Base64Coder.java" line-rate="0.9577464788732394" branch-rate="0.7857142857142857" complexity="6.5">
					<methods>
						<method name="&lt;clinit&gt;" signature="()V" line-rate="1.0" branch-rate="1.0">
							<lines>
								<line number="10" hits="1" branch="false"/>
								<line number="12" hits="1" branch="false"/>
								<line number="13" hits="27" branch="false"/>
								<line number="14" hits="26" branch="false"/>
								<line number="15" hits="27" branch="false"/>
								<line number="16" hits="26" branch="false"/>
								<line number="17" hits="11" branch="false"/>
								<line number="18" hits="10" branch="false"/>
								<line number="19" hits="1" branch="false"/>
								<line number="20" hits="1" branch="false"/>
								<line number="24" hits="1" branch="false"/>
								<line number="26" hits="129" branch="false"/>
								<line number="27" hits="128" branch="false"/>
								<line number="28" hits="65" branch="false"/>
								<line number="29" hits="64" branch="false"/>
								<line number="30" hits="1" branch="false"/>
							</lines>
						</method>
						<method name="&lt;init&gt;" signature="()V" line-rate="0.0" branch-rate="1.0">
							<lines>
								<line number="8" hits="0" branch="false"/>
							</lines>
						</method>
						<method name="decode" signature="([C)[B" line-rate="0.9375" branch-rate="0.71875">
							<lines>
								<line number="76" hits="13" branch="false"/>
								<line number="77" hits="13" branch="true" condition-coverage="100% (2/2)">
									<conditions>
										<condition number="0" type="jump" coverage="100%"/>
									</conditions>
								</line>
								<line number="78" hits="2" branch="false"/>
								<line number="79" hits="24" branch="true" condition-coverage="75% (3/4)">
									<conditions>
										<condition number="0" type="jump" coverage="50%"/>
										<condition number="1" type="jump" coverage="100%"/>
									</conditions>
								</line>
								<line number="80" hits="13" branch="false"/>
								<line number="81" hits="11" branch="false"/>
								<line number="82" hits="11" branch="false"/>
								<line number="83" hits="11" branch="false"/>
								<line number="84" hits="11" branch="false"/>
								<line number="85" hits="241" branch="true" condition-coverage="100% (2/2)">
									<conditions>
										<condition number="0" type="jump" coverage="100%"/>
									</conditions>
								</line>
								<line number="86" hits="230" branch="false"/>
								<line number="87" hits="230" branch="false"/>
								<line number="88" hits="230" branch="true" condition-coverage="100% (2/2)">
									<conditions>
										<condition number="0" type="jump" coverage="100%"/>
									</conditions>
								</line>
								<line number="89" hits="230" branch="true" condition-coverage="100% (2/2)">
									<conditions>
										<condition number="0" type="jump" coverage="100%"/>
									</conditions>
								</line>
								<line number="90" hits="230" branch="true" condition-coverage="50% (4/8)">
									<conditions>
										<condition number="0" type="jump" coverage="50%"/>
										<condition number="1" type="jump" coverage="50%"/>
										<condition number="2" type="jump" coverage="50%"/>
										<condition number="3" type="jump" coverage="50%"/>
									</conditions>
								</line>
								<line number="91" hits="0" branch="false"/>
								<line number="92" hits="230" branch="false"/>
								<line number="93" hits="230" branch="false"/>
								<line number="94" hits="230" branch="false"/>
								<line number="95" hits="230" branch="false"/>
								<line number="96" hits="230" branch="true" condition-coverage="50% (4/8)">
									<conditions>
										<condition number="0" type="jump" coverage="50%"/>
										<condition number="1" type="jump" coverage="50%"/>
										<condition number="2" type="jump" coverage="50%"/>
										<condition number="3" type="jump" coverage="50%"/>
									</conditions>
								</line>
								<line number="97" hits="0" branch="false"/>
								<line number="98" hits="230" branch="false"/>
								<line number="99" hits="230" branch="false"/>
								<line number="100" hits="230" branch="false"/>
								<line number="101" hits="230" branch="false"/>
								<line number="102" hits="230" branch="true" condition-coverage="100% (2/2)">
									<conditions>
										<condition number="0" type="jump" coverage="100%"/>
									</conditions>
								</line>
								<line number="103" hits="227" branch="false"/>
								<line number="104" hits="230" branch="true" condition-coverage="100% (2/2)">
									<conditions>
										<condition number="0" type="jump" coverage="100%"/>
									</conditions>
								</line>
								<line number="105" hits="220" branch="false"/>
								<line number="106" hits="230" branch="false"/>
								<line number="107" hits="11" branch="false"/>
							</lines>
						</method>
						<method name="encode" signature="([B)[C" line-rate="1.0" branch-rate="1.0">
							<lines>
								<line number="41" hits="7" branch="false"/>
								<line number="42" hits="7" branch="false"/>
								<line number="43" hits="7" branch="false"/>
								<line number="44" hits="7" branch="false"/>
								<line number="45" hits="7" branch="false"/>
								<line number="46" hits="7" branch="false"/>
								<line number="47" hits="76" branch="true" condition-coverage="100% (2/2)">
									<conditions>
										<condition number="0" type="jump" coverage="100%"/>
									</conditions>
								</line>
								<line number="48" hits="69" branch="false"/>
								<line number="49" hits="69" branch="true" condition-coverage="100% (2/2)">
									<conditions>
										<condition number="0" type="jump" coverage="100%"/>
									</conditions>
								</line>
								<line number="50" hits="69" branch="true" condition-coverage="100% (2/2)">
									<conditions>
										<condition number="0" type="jump" coverage="100%"/>
									</conditions>
								</line>
								<line number="51" hits="69" branch="false"/>
								<line number="52" hits="69" branch="false"/>
								<line number="53" hits="69" branch="false"/>
								<line number="54" hits="69" branch="false"/>
								<line number="55" hits="69" branch="false"/>
								<line number="56" hits="69" branch="false"/>
								<line number="57" hits="69" branch="true" condition-coverage="100% (2/2)">
									<conditions>
										<condition number="0" type="jump" coverage="100%"/>
									</conditions>
								</line>
								<line number="58" hits="69" branch="false"/>
								<line number="59" hits="69" branch="true" condition-coverage="100% (2/2)">
									<conditions>
										<condition number="0" type="jump" coverage="100%"/>
									</conditions>
								</line>
								<line number="60" hits="69" branch="false"/>
								<line number="61" hits="69" branch="false"/>
								<line number="62" hits="7" branch="false"/>
							</lines>
						</method>
					</methods>
					<lines>
						<line number="8" hits="0" branch="false"/>
						<line number="10" hits="1" branch="false"/>
						<line number="12" hits="1" branch="false"/>
						<line number="13" hits="27" branch="false"/>
						<line number="14" hits="26" branch="false"/>
						<line number="15" hits="27" branch="false"/>
						<line number="16" hits="26" branch="false"/>
						<line number="17" hits="11" branch="false"/>
						<line number="18" hits="10" branch="false"/>
						<line number="19" hits="1" branch="false"/>
						<line number="20" hits="1" branch="false"/>
						<line number="24" hits="1" branch="false"/>
						<line number="26" hits="129" branch="false"/>
						<line number="27" hits="128" branch="false"/>
						<line number="28" hits="65" branch="false"/>
						<line number="29" hits="64" branch="false"/>
						<line number="30" hits="1" branch="false"/>
						<line number="41" hits="7" branch="false"/>
						<line number="42" hits="7" branch="false"/>
						<line number="43" hits="7" branch="false"/>
						<line number="44" hits="7" branch="false"/>
						<line number="45" hits="7" branch="false"/>
						<line number="46" hits="7" branch="false"/>
						<line number="47" hits="76" branch="true" condition-coverage="100% (2/2)">
							<conditions>
								<condition number="0" type="jump" coverage="100%"/>
							</conditions>
						</line>
						<line number="48" hits="69" branch="false"/>
						<line number="49" hits="69" branch="true" condition-coverage="100% (2/2)">
							<conditions>
								<condition number="0" type="jump" coverage="100%"/>
							</conditions>
						</line>
						<line number="50" hits="69" branch="true" condition-coverage="100% (2/2)">
							<conditions>
								<condition number="0" type="jump" coverage="100%"/>
							</conditions>
						</line>
						<line number="51" hits="69" branch="false"/>
						<line number="52" hits="69" branch="false"/>
						<line number="53" hits="69" branch="false"/>
						<line number="54" hits="69" branch="false"/>
						<line number="55" hits="69" branch="false"/>
						<line number="56" hits="69" branch="false"/>
						<line number="57" hits="69" branch="true" condition-coverage="100% (2/2)">
							<conditions>
								<condition number="0" type="jump" coverage="100%"/>
							</conditions>
						</line>
						<line number="58" hits="69" branch="false"/>
						<line number="59" hits="69" branch="true" condition-coverage="100% (2/2)">
							<conditions>
								<condition number="0" type="jump" coverage="100%"/>
							</conditions>
						</line>
						<line number="60" hits="69" branch="false"/>
						<line number="61" hits="69" branch="false"/>
						<line number="62" hits="7" branch="false"/>
						<line number="76" hits="13" branch="false"/>
						<line number="77" hits="13" branch="true" condition-coverage="100% (2/2)">
							<conditions>
								<condition number="0" type="jump" coverage="100%"/>
							</conditions>
						</line>
						<line number="78" hits="2" branch="false"/>
						<line number="79" hits="24" branch="true" condition-coverage="75% (3/4)">
							<conditions>
								<condition number="0" type="jump" coverage="50%"/>
								<condition number="1" type="jump" coverage="100%"/>
							</conditions>
						</line>
						<line number="80" hits="13" branch="false"/>
						<line number="81" hits="11" branch="false"/>
						<line number="82" hits="11" branch="false"/>
						<line number="83" hits="11" branch="false"/>
						<line number="84" hits="11" branch="false"/>
						<line number="85" hits="241" branch="true" condition-coverage="100% (2/2)">
							<conditions>
								<condition number="0" type="jump" coverage="100%"/>
							</conditions>
						</line>
						<line number="86" hits="230" branch="false"/>
						<line number="87" hits="230" branch="false"/>
						<line number="88" hits="230" branch="true" condition-coverage="100% (2/2)">
							<conditions>
								<condition number="0" type="jump" coverage="100%"/>
							</conditions>
						</line>
						<line number="89" hits="230" branch="true" condition-coverage="100% (2/2)">
							<conditions>
								<condition number="0" type="jump" coverage="100%"/>
							</conditions>
						</line>
						<line number="90" hits="230" branch="true" condition-coverage="50% (4/8)">
							<conditions>
								<condition number="0" type="jump" coverage="50%"/>
								<condition number="1" type="jump" coverage="50%"/>
								<condition number="2" type="jump" coverage="50%"/>
								<condition number="3" type="jump" coverage="50%"/>
							</conditions>
						</line>
						<line number="91" hits="0" branch="false"/>
						<line number="92" hits="230" branch="false"/>
						<line number="93" hits="230" branch="false"/>
						<line number="94" hits="230" branch="false"/>
						<line number="95" hits="230" branch="false"/>
						<line number="96" hits="230" branch="true" condition-coverage="50% (4/8)">
							<conditions>
								<condition number="0" type="jump" coverage="50%"/>
								<condition number="1" type="jump" coverage="50%"/>
								<condition number="2" type="jump" coverage="50%"/>
								<condition number="3" type="jump" coverage="50%"/>
							</conditions>
						</line>
						<line number="97" hits="0" branch="false"/>
						<line number="98" hits="230" branch="false"/>
						<line number="99" hits="230" branch="false"/>
						<line number="100" hits="230" branch="false"/>
						<line number="101" hits="230" branch="false"/>
						<line number="102" hits="230" branch="true" condition-coverage="100% (2/2)">
							<conditions>
								<condition number="0" type="jump" coverage="100%"/>
							</conditions>
						</line>
						<line number="103" hits="227" branch="false"/>
						<line number="104" hits="230" branch="true" condition-coverage="100% (2/2)">
							<conditions>
								<condition number="0" type="jump" coverage="100%"/>
							</conditions>
						</line>
						<line number="105" hits="220" branch="false"/>
						<line number="106" hits="230" branch="false"/>
						<line number="107" hits="11" branch="false"/>
					</lines>
				</class>
			</classes>
		</package>
	</packages>
</coverage>
