<?xml version="1.0"?>
<!DOCTYPE coverage SYSTEM "http://cobertura.sourceforge.net/xml/coverage-03.dtd">

<coverage line-rate="0.9790660225442834" branch-rate="0.9342806394316163" version="1.9" timestamp="1267205690557">
	<sources>
		<source>--source</source>
		<source>/home/somov/instantyaml-workspace/snakeyaml/src/main/java</source>
	</sources>
	<packages>
		<package name="org.yaml.snakeyaml" line-rate="0.968944099378882" branch-rate="0.9743589743589743" complexity="0.0">
			<classes>
				<class name="org.yaml.snakeyaml.Dumper" filename="org/yaml/snakeyaml/Dumper.java" line-rate="1.0" branch-rate="1.0" complexity="0.0">
					<methods>
						<method name="&lt;init&gt;" signature="(Lorg/yaml/snakeyaml/DumperOptions;)V" line-rate="1.0" branch-rate="1.0">
							<lines>
								<line number="44" hits="10830" branch="false"/>
								<line number="45" hits="10830" branch="false"/>
							</lines>
						</method>
						<method name="&lt;init&gt;" signature="(Lorg/yaml/snakeyaml/representer/Representer;Lorg/yaml/snakeyaml/DumperOptions;)V" line-rate="1.0" branch-rate="1.0">
							<lines>
								<line number="33" hits="11031" branch="false"/>
								<line number="35" hits="11031" branch="false"/>
								<line number="36" hits="11031" branch="false"/>
								<line number="37" hits="11031" branch="false"/>
								<line number="38" hits="11031" branch="false"/>
								<line number="39" hits="11031" branch="false"/>
								<line number="40" hits="11031" branch="false"/>
								<line number="41" hits="11031" branch="false"/>
							</lines>
						</method>
						<method name="dump" signature="(Ljava/util/Iterator;Ljava/io/Writer;Lorg/yaml/snakeyaml/resolver/Resolver;)V" line-rate="1.0" branch-rate="1.0">
							<lines>
								<line number="48" hits="810" branch="false"/>
								<line number="50" hits="810" branch="false"/>
								<line number="51" hits="1617" branch="true" condition-coverage="100% (2/2)">
									<conditions>
										<condition number="0" type="jump" coverage="100%"/>
									</conditions>
								</line>
								<line number="52" hits="828" branch="false"/>
								<line number="54" hits="789" branch="false"/>
								<line number="55" hits="6" branch="false"/>
								<line number="56" hits="6" branch="false"/>
								<line number="57" hits="789" branch="false"/>
								<line number="58" hits="789" branch="false"/>
							</lines>
						</method>
						<method name="setAttached" signature="()V" line-rate="1.0" branch-rate="1.0">
							<lines>
								<line number="64" hits="10905" branch="true" condition-coverage="100% (2/2)">
									<conditions>
										<condition number="0" type="jump" coverage="100%"/>
									</conditions>
								</line>
								<line number="65" hits="10902" branch="false"/>
								<line number="67" hits="3" branch="false"/>
								<line number="69" hits="10902" branch="false"/>
							</lines>
						</method>
					</methods>
					<lines>
						<line number="33" hits="11031" branch="false"/>
						<line number="35" hits="11031" branch="false"/>
						<line number="36" hits="11031" branch="false"/>
						<line number="37" hits="11031" branch="false"/>
						<line number="38" hits="11031" branch="false"/>
						<line number="39" hits="11031" branch="false"/>
						<line number="40" hits="11031" branch="false"/>
						<line number="41" hits="11031" branch="false"/>
						<line number="44" hits="10830" branch="false"/>
						<line number="45" hits="10830" branch="false"/>
						<line number="48" hits="810" branch="false"/>
						<line number="50" hits="810" branch="false"/>
						<line number="51" hits="1617" branch="true" condition-coverage="100% (2/2)">
							<conditions>
								<condition number="0" type="jump" coverage="100%"/>
							</conditions>
						</line>
						<line number="52" hits="828" branch="false"/>
						<line number="54" hits="789" branch="false"/>
						<line number="55" hits="6" branch="false"/>
						<line number="56" hits="6" branch="false"/>
						<line number="57" hits="789" branch="false"/>
						<line number="58" hits="789" branch="false"/>
						<line number="64" hits="10905" branch="true" condition-coverage="100% (2/2)">
							<conditions>
								<condition number="0" type="jump" coverage="100%"/>
							</conditions>
						</line>
						<line number="65" hits="10902" branch="false"/>
						<line number="67" hits="3" branch="false"/>
						<line number="69" hits="10902" branch="false"/>
					</lines>
				</class>
				<class name="org.yaml.snakeyaml.DumperOptions" filename="org/yaml/snakeyaml/DumperOptions.java" line-rate="0.9705882352941176" branch-rate="1.0" complexity="0.0">
					<methods>
						<method name="&lt;init&gt;" signature="()V" line-rate="1.0" branch-rate="1.0">
							<lines>
								<line number="28" hits="17394" branch="false"/>
								<line number="156" hits="17394" branch="false"/>
								<line number="157" hits="17394" branch="false"/>
								<line number="158" hits="17394" branch="false"/>
								<line number="159" hits="17394" branch="false"/>
								<line number="160" hits="17394" branch="false"/>
								<line number="161" hits="17394" branch="false"/>
								<line number="162" hits="17394" branch="false"/>
								<line number="163" hits="17394" branch="false"/>
								<line number="164" hits="17394" branch="false"/>
								<line number="165" hits="17394" branch="false"/>
								<line number="166" hits="17394" branch="false"/>
								<line number="167" hits="17394" branch="false"/>
								<line number="168" hits="17394" branch="false"/>
							</lines>
						</method>
						<method name="calculateScalarStyle" signature="(Lorg/yaml/snakeyaml/emitter/ScalarAnalysis;Lorg/yaml/snakeyaml/DumperOptions$ScalarStyle;)Lorg/yaml/snakeyaml/DumperOptions$ScalarStyle;" line-rate="1.0" branch-rate="1.0">
							<lines>
								<line number="345" hits="35859" branch="false"/>
							</lines>
						</method>
						<method name="getDefaultFlowStyle" signature="()Lorg/yaml/snakeyaml/DumperOptions$FlowStyle;" line-rate="1.0" branch-rate="1.0">
							<lines>
								<line number="269" hits="11031" branch="false"/>
							</lines>
						</method>
						<method name="getDefaultScalarStyle" signature="()Lorg/yaml/snakeyaml/DumperOptions$ScalarStyle;" line-rate="1.0" branch-rate="1.0">
							<lines>
								<line number="187" hits="11031" branch="false"/>
							</lines>
						</method>
						<method name="getExplicitRoot" signature="()Lorg/yaml/snakeyaml/nodes/Tag;" line-rate="1.0" branch-rate="1.0">
							<lines>
								<line number="273" hits="831" branch="false"/>
							</lines>
						</method>
						<method name="getIndent" signature="()I" line-rate="1.0" branch-rate="1.0">
							<lines>
								<line number="215" hits="21528" branch="false"/>
							</lines>
						</method>
						<method name="getLineBreak" signature="()Lorg/yaml/snakeyaml/DumperOptions$LineBreak;" line-rate="1.0" branch-rate="1.0">
							<lines>
								<line number="258" hits="7176" branch="false"/>
							</lines>
						</method>
						<method name="getTags" signature="()Ljava/util/Map;" line-rate="1.0" branch-rate="1.0">
							<lines>
								<line number="327" hits="831" branch="false"/>
							</lines>
						</method>
						<method name="getVersion" signature="()Lorg/yaml/snakeyaml/DumperOptions$Version;" line-rate="1.0" branch-rate="1.0">
							<lines>
								<line number="223" hits="837" branch="false"/>
							</lines>
						</method>
						<method name="getWidth" signature="()I" line-rate="1.0" branch-rate="1.0">
							<lines>
								<line number="254" hits="14352" branch="false"/>
							</lines>
						</method>
						<method name="isAllowReadOnlyProperties" signature="()Z" line-rate="1.0" branch-rate="1.0">
							<lines>
								<line number="355" hits="11031" branch="false"/>
							</lines>
						</method>
						<method name="isAllowUnicode" signature="()Z" line-rate="1.0" branch-rate="1.0">
							<lines>
								<line number="171" hits="7176" branch="false"/>
							</lines>
						</method>
						<method name="isCanonical" signature="()Z" line-rate="1.0" branch-rate="1.0">
							<lines>
								<line number="238" hits="7176" branch="false"/>
							</lines>
						</method>
						<method name="isExplicitEnd" signature="()Z" line-rate="1.0" branch-rate="1.0">
							<lines>
								<line number="319" hits="831" branch="false"/>
							</lines>
						</method>
						<method name="isExplicitStart" signature="()Z" line-rate="1.0" branch-rate="1.0">
							<lines>
								<line number="311" hits="831" branch="false"/>
							</lines>
						</method>
						<method name="setAllowReadOnlyProperties" signature="(Z)V" line-rate="1.0" branch-rate="1.0">
							<lines>
								<line number="367" hits="24" branch="false"/>
								<line number="368" hits="24" branch="false"/>
							</lines>
						</method>
						<method name="setAllowUnicode" signature="(Z)V" line-rate="1.0" branch-rate="1.0">
							<lines>
								<line number="183" hits="3" branch="false"/>
								<line number="184" hits="3" branch="false"/>
							</lines>
						</method>
						<method name="setCanonical" signature="(Z)V" line-rate="1.0" branch-rate="1.0">
							<lines>
								<line number="234" hits="834" branch="false"/>
								<line number="235" hits="834" branch="false"/>
							</lines>
						</method>
						<method name="setDefaultFlowStyle" signature="(Lorg/yaml/snakeyaml/DumperOptions$FlowStyle;)V" line-rate="1.0" branch-rate="1.0">
							<lines>
								<line number="262" hits="177" branch="true" condition-coverage="100% (2/2)">
									<conditions>
										<condition number="0" type="jump" coverage="100%"/>
									</conditions>
								</line>
								<line number="263" hits="3" branch="false"/>
								<line number="265" hits="174" branch="false"/>
								<line number="266" hits="174" branch="false"/>
							</lines>
						</method>
						<method name="setDefaultScalarStyle" signature="(Lorg/yaml/snakeyaml/DumperOptions$ScalarStyle;)V" line-rate="1.0" branch-rate="1.0">
							<lines>
								<line number="198" hits="69" branch="true" condition-coverage="100% (2/2)">
									<conditions>
										<condition number="0" type="jump" coverage="100%"/>
									</conditions>
								</line>
								<line number="199" hits="3" branch="false"/>
								<line number="201" hits="66" branch="false"/>
								<line number="202" hits="66" branch="false"/>
							</lines>
						</method>
						<method name="setExplicitEnd" signature="(Z)V" line-rate="1.0" branch-rate="1.0">
							<lines>
								<line number="323" hits="18" branch="false"/>
								<line number="324" hits="18" branch="false"/>
							</lines>
						</method>
						<method name="setExplicitRoot" signature="(Ljava/lang/String;)V" line-rate="0.0" branch-rate="1.0">
							<lines>
								<line number="283" hits="0" branch="false"/>
								<line number="284" hits="0" branch="false"/>
							</lines>
						</method>
						<method name="setExplicitRoot" signature="(Lorg/yaml/snakeyaml/nodes/Tag;)V" line-rate="1.0" branch-rate="1.0">
							<lines>
								<line number="292" hits="129" branch="true" condition-coverage="100% (2/2)">
									<conditions>
										<condition number="0" type="jump" coverage="100%"/>
									</conditions>
								</line>
								<line number="293" hits="3" branch="false"/>
								<line number="295" hits="126" branch="false"/>
								<line number="296" hits="126" branch="false"/>
							</lines>
						</method>
						<method name="setExplicitStart" signature="(Z)V" line-rate="1.0" branch-rate="1.0">
							<lines>
								<line number="315" hits="30" branch="false"/>
								<line number="316" hits="30" branch="false"/>
							</lines>
						</method>
						<method name="setIndent" signature="(I)V" line-rate="1.0" branch-rate="1.0">
							<lines>
								<line number="205" hits="24" branch="true" condition-coverage="100% (2/2)">
									<conditions>
										<condition number="0" type="jump" coverage="100%"/>
									</conditions>
								</line>
								<line number="206" hits="6" branch="false"/>
								<line number="208" hits="18" branch="true" condition-coverage="100% (2/2)">
									<conditions>
										<condition number="0" type="jump" coverage="100%"/>
									</conditions>
								</line>
								<line number="209" hits="3" branch="false"/>
								<line number="211" hits="15" branch="false"/>
								<line number="212" hits="15" branch="false"/>
							</lines>
						</method>
						<method name="setLineBreak" signature="(Lorg/yaml/snakeyaml/DumperOptions$LineBreak;)V" line-rate="1.0" branch-rate="1.0">
							<lines>
								<line number="304" hits="9" branch="true" condition-coverage="100% (2/2)">
									<conditions>
										<condition number="0" type="jump" coverage="100%"/>
									</conditions>
								</line>
								<line number="305" hits="3" branch="false"/>
								<line number="307" hits="6" branch="false"/>
								<line number="308" hits="6" branch="false"/>
							</lines>
						</method>
						<method name="setTags" signature="(Ljava/util/Map;)V" line-rate="1.0" branch-rate="1.0">
							<lines>
								<line number="332" hits="3" branch="false"/>
								<line number="333" hits="3" branch="false"/>
							</lines>
						</method>
						<method name="setVersion" signature="(Lorg/yaml/snakeyaml/DumperOptions$Version;)V" line-rate="1.0" branch-rate="1.0">
							<lines>
								<line number="219" hits="6" branch="false"/>
								<line number="220" hits="6" branch="false"/>
							</lines>
						</method>
						<method name="setWidth" signature="(I)V" line-rate="1.0" branch-rate="1.0">
							<lines>
								<line number="250" hits="6" branch="false"/>
								<line number="251" hits="6" branch="false"/>
							</lines>
						</method>
					</methods>
					<lines>
						<line number="28" hits="17394" branch="false"/>
						<line number="156" hits="17394" branch="false"/>
						<line number="157" hits="17394" branch="false"/>
						<line number="158" hits="17394" branch="false"/>
						<line number="159" hits="17394" branch="false"/>
						<line number="160" hits="17394" branch="false"/>
						<line number="161" hits="17394" branch="false"/>
						<line number="162" hits="17394" branch="false"/>
						<line number="163" hits="17394" branch="false"/>
						<line number="164" hits="17394" branch="false"/>
						<line number="165" hits="17394" branch="false"/>
						<line number="166" hits="17394" branch="false"/>
						<line number="167" hits="17394" branch="false"/>
						<line number="168" hits="17394" branch="false"/>
						<line number="171" hits="7176" branch="false"/>
						<line number="183" hits="3" branch="false"/>
						<line number="184" hits="3" branch="false"/>
						<line number="187" hits="11031" branch="false"/>
						<line number="198" hits="69" branch="true" condition-coverage="100% (2/2)">
							<conditions>
								<condition number="0" type="jump" coverage="100%"/>
							</conditions>
						</line>
						<line number="199" hits="3" branch="false"/>
						<line number="201" hits="66" branch="false"/>
						<line number="202" hits="66" branch="false"/>
						<line number="205" hits="24" branch="true" condition-coverage="100% (2/2)">
							<conditions>
								<condition number="0" type="jump" coverage="100%"/>
							</conditions>
						</line>
						<line number="206" hits="6" branch="false"/>
						<line number="208" hits="18" branch="true" condition-coverage="100% (2/2)">
							<conditions>
								<condition number="0" type="jump" coverage="100%"/>
							</conditions>
						</line>
						<line number="209" hits="3" branch="false"/>
						<line number="211" hits="15" branch="false"/>
						<line number="212" hits="15" branch="false"/>
						<line number="215" hits="21528" branch="false"/>
						<line number="219" hits="6" branch="false"/>
						<line number="220" hits="6" branch="false"/>
						<line number="223" hits="837" branch="false"/>
						<line number="234" hits="834" branch="false"/>
						<line number="235" hits="834" branch="false"/>
						<line number="238" hits="7176" branch="false"/>
						<line number="250" hits="6" branch="false"/>
						<line number="251" hits="6" branch="false"/>
						<line number="254" hits="14352" branch="false"/>
						<line number="258" hits="7176" branch="false"/>
						<line number="262" hits="177" branch="true" condition-coverage="100% (2/2)">
							<conditions>
								<condition number="0" type="jump" coverage="100%"/>
							</conditions>
						</line>
						<line number="263" hits="3" branch="false"/>
						<line number="265" hits="174" branch="false"/>
						<line number="266" hits="174" branch="false"/>
						<line number="269" hits="11031" branch="false"/>
						<line number="273" hits="831" branch="false"/>
						<line number="283" hits="0" branch="false"/>
						<line number="284" hits="0" branch="false"/>
						<line number="292" hits="129" branch="true" condition-coverage="100% (2/2)">
							<conditions>
								<condition number="0" type="jump" coverage="100%"/>
							</conditions>
						</line>
						<line number="293" hits="3" branch="false"/>
						<line number="295" hits="126" branch="false"/>
						<line number="296" hits="126" branch="false"/>
						<line number="304" hits="9" branch="true" condition-coverage="100% (2/2)">
							<conditions>
								<condition number="0" type="jump" coverage="100%"/>
							</conditions>
						</line>
						<line number="305" hits="3" branch="false"/>
						<line number="307" hits="6" branch="false"/>
						<line number="308" hits="6" branch="false"/>
						<line number="311" hits="831" branch="false"/>
						<line number="315" hits="30" branch="false"/>
						<line number="316" hits="30" branch="false"/>
						<line number="319" hits="831" branch="false"/>
						<line number="323" hits="18" branch="false"/>
						<line number="324" hits="18" branch="false"/>
						<line number="327" hits="831" branch="false"/>
						<line number="332" hits="3" branch="false"/>
						<line number="333" hits="3" branch="false"/>
						<line number="345" hits="35859" branch="false"/>
						<line number="355" hits="11031" branch="false"/>
						<line number="367" hits="24" branch="false"/>
						<line number="368" hits="24" branch="false"/>
					</lines>
				</class>
				<class name="org.yaml.snakeyaml.DumperOptions$FlowStyle" filename="org/yaml/snakeyaml/DumperOptions.java" line-rate="1.0" branch-rate="1.0" complexity="0.0">
					<methods>
						<method name="&lt;clinit&gt;" signature="()V" line-rate="1.0" branch-rate="1.0">
							<lines>
								<line number="83" hits="3" branch="false"/>
								<line number="84" hits="3" branch="false"/>
							</lines>
						</method>
						<method name="&lt;init&gt;" signature="(Ljava/lang/String;ILjava/lang/Boolean;)V" line-rate="1.0" branch-rate="1.0">
							<lines>
								<line number="88" hits="9" branch="false"/>
								<line number="89" hits="9" branch="false"/>
								<line number="90" hits="9" branch="false"/>
							</lines>
						</method>
						<method name="getStyleBoolean" signature="()Ljava/lang/Boolean;" line-rate="1.0" branch-rate="1.0">
							<lines>
								<line number="93" hits="11031" branch="false"/>
							</lines>
						</method>
						<method name="toString" signature="()Ljava/lang/String;" line-rate="1.0" branch-rate="1.0">
							<lines>
								<line number="98" hits="3" branch="false"/>
							</lines>
						</method>
						<method name="valueOf" signature="(Ljava/lang/String;)Lorg/yaml/snakeyaml/DumperOptions$FlowStyle;" line-rate="1.0" branch-rate="1.0">
							<lines>
							</lines>
						</method>
						<method name="values" signature="()[Lorg/yaml/snakeyaml/DumperOptions$FlowStyle;" line-rate="1.0" branch-rate="1.0">
							<lines>
							</lines>
						</method>
					</methods>
					<lines>
						<line number="83" hits="3" branch="false"/>
						<line number="84" hits="3" branch="false"/>
						<line number="88" hits="9" branch="false"/>
						<line number="89" hits="9" branch="false"/>
						<line number="90" hits="9" branch="false"/>
						<line number="93" hits="11031" branch="false"/>
						<line number="98" hits="3" branch="false"/>
					</lines>
				</class>
				<class name="org.yaml.snakeyaml.DumperOptions$LineBreak" filename="org/yaml/snakeyaml/DumperOptions.java" line-rate="1.0" branch-rate="1.0" complexity="0.0">
					<methods>
						<method name="&lt;clinit&gt;" signature="()V" line-rate="1.0" branch-rate="1.0">
							<lines>
								<line number="105" hits="21" branch="false"/>
								<line number="106" hits="3" branch="false"/>
							</lines>
						</method>
						<method name="&lt;init&gt;" signature="(Ljava/lang/String;ILjava/lang/String;)V" line-rate="1.0" branch-rate="1.0">
							<lines>
								<line number="110" hits="9" branch="false"/>
								<line number="111" hits="9" branch="false"/>
								<line number="112" hits="9" branch="false"/>
							</lines>
						</method>
						<method name="getPlatformLineBreak" signature="()Lorg/yaml/snakeyaml/DumperOptions$LineBreak;" line-rate="1.0" branch-rate="1.0">
							<lines>
								<line number="124" hits="18" branch="false"/>
								<line number="125" hits="48" branch="true" condition-coverage="100% (2/2)">
									<conditions>
										<condition number="0" type="jump" coverage="100%"/>
									</conditions>
								</line>
								<line number="126" hits="45" branch="true" condition-coverage="100% (2/2)">
									<conditions>
										<condition number="0" type="jump" coverage="100%"/>
									</conditions>
								</line>
								<line number="127" hits="15" branch="false"/>
								<line number="130" hits="3" branch="false"/>
							</lines>
						</method>
						<method name="getString" signature="()Ljava/lang/String;" line-rate="1.0" branch-rate="1.0">
							<lines>
								<line number="115" hits="7200" branch="false"/>
							</lines>
						</method>
						<method name="toString" signature="()Ljava/lang/String;" line-rate="1.0" branch-rate="1.0">
							<lines>
								<line number="120" hits="3" branch="false"/>
							</lines>
						</method>
						<method name="valueOf" signature="(Ljava/lang/String;)Lorg/yaml/snakeyaml/DumperOptions$LineBreak;" line-rate="1.0" branch-rate="1.0">
							<lines>
							</lines>
						</method>
						<method name="values" signature="()[Lorg/yaml/snakeyaml/DumperOptions$LineBreak;" line-rate="1.0" branch-rate="1.0">
							<lines>
							</lines>
						</method>
					</methods>
					<lines>
						<line number="105" hits="21" branch="false"/>
						<line number="106" hits="3" branch="false"/>
						<line number="110" hits="9" branch="false"/>
						<line number="111" hits="9" branch="false"/>
						<line number="112" hits="9" branch="false"/>
						<line number="115" hits="7200" branch="false"/>
						<line number="120" hits="3" branch="false"/>
						<line number="124" hits="18" branch="false"/>
						<line number="125" hits="48" branch="true" condition-coverage="100% (2/2)">
							<conditions>
								<condition number="0" type="jump" coverage="100%"/>
							</conditions>
						</line>
						<line number="126" hits="45" branch="true" condition-coverage="100% (2/2)">
							<conditions>
								<condition number="0" type="jump" coverage="100%"/>
							</conditions>
						</line>
						<line number="127" hits="15" branch="false"/>
						<line number="130" hits="3" branch="false"/>
					</lines>
				</class>
				<class name="org.yaml.snakeyaml.DumperOptions$ScalarStyle" filename="org/yaml/snakeyaml/DumperOptions.java" line-rate="0.9375" branch-rate="0.8571428571428571" complexity="0.0">
					<methods>
						<method name="&lt;clinit&gt;" signature="()V" line-rate="1.0" branch-rate="1.0">
							<lines>
								<line number="38" hits="1095" branch="false"/>
								<line number="39" hits="3" branch="false"/>
								<line number="40" hits="3" branch="false"/>
							</lines>
						</method>
						<method name="&lt;init&gt;" signature="(Ljava/lang/String;ILjava/lang/Character;)V" line-rate="1.0" branch-rate="1.0">
							<lines>
								<line number="43" hits="15" branch="false"/>
								<line number="44" hits="15" branch="false"/>
								<line number="45" hits="15" branch="false"/>
							</lines>
						</method>
						<method name="createStyle" signature="(Ljava/lang/Character;)Lorg/yaml/snakeyaml/DumperOptions$ScalarStyle;" line-rate="0.875" branch-rate="0.8571428571428571">
							<lines>
								<line number="57" hits="35862" branch="true" condition-coverage="100% (2/2)">
									<conditions>
										<condition number="0" type="jump" coverage="100%"/>
									</conditions>
								</line>
								<line number="58" hits="12897" branch="false"/>
								<line number="60" hits="22965" branch="true" condition-coverage="80% (4/5)">
									<conditions>
										<condition number="0" type="switch" coverage="80%"/>
									</conditions>
								</line>
								<line number="62" hits="13164" branch="false"/>
								<line number="64" hits="7002" branch="false"/>
								<line number="66" hits="1428" branch="false"/>
								<line number="68" hits="1371" branch="false"/>
								<line number="70" hits="0" branch="false"/>
							</lines>
						</method>
						<method name="getChar" signature="()Ljava/lang/Character;" line-rate="1.0" branch-rate="1.0">
							<lines>
								<line number="48" hits="67233" branch="false"/>
							</lines>
						</method>
						<method name="toString" signature="()Ljava/lang/String;" line-rate="1.0" branch-rate="1.0">
							<lines>
								<line number="53" hits="3" branch="false"/>
							</lines>
						</method>
						<method name="valueOf" signature="(Ljava/lang/String;)Lorg/yaml/snakeyaml/DumperOptions$ScalarStyle;" line-rate="1.0" branch-rate="1.0">
							<lines>
							</lines>
						</method>
						<method name="values" signature="()[Lorg/yaml/snakeyaml/DumperOptions$ScalarStyle;" line-rate="1.0" branch-rate="1.0">
							<lines>
							</lines>
						</method>
					</methods>
					<lines>
						<line number="38" hits="1095" branch="false"/>
						<line number="39" hits="3" branch="false"/>
						<line number="40" hits="3" branch="false"/>
						<line number="43" hits="15" branch="false"/>
						<line number="44" hits="15" branch="false"/>
						<line number="45" hits="15" branch="false"/>
						<line number="48" hits="67233" branch="false"/>
						<line number="53" hits="3" branch="false"/>
						<line number="57" hits="35862" branch="true" condition-coverage="100% (2/2)">
							<conditions>
								<condition number="0" type="jump" coverage="100%"/>
							</conditions>
						</line>
						<line number="58" hits="12897" branch="false"/>
						<line number="60" hits="22965" branch="true" condition-coverage="80% (4/5)">
							<conditions>
								<condition number="0" type="switch" coverage="80%"/>
							</conditions>
						</line>
						<line number="62" hits="13164" branch="false"/>
						<line number="64" hits="7002" branch="false"/>
						<line number="66" hits="1428" branch="false"/>
						<line number="68" hits="1371" branch="false"/>
						<line number="70" hits="0" branch="false"/>
					</lines>
				</class>
				<class name="org.yaml.snakeyaml.DumperOptions$Version" filename="org/yaml/snakeyaml/DumperOptions.java" line-rate="1.0" branch-rate="1.0" complexity="0.0">
					<methods>
						<method name="&lt;clinit&gt;" signature="()V" line-rate="1.0" branch-rate="1.0">
							<lines>
								<line number="137" hits="3" branch="false"/>
								<line number="138" hits="3" branch="false"/>
							</lines>
						</method>
						<method name="&lt;init&gt;" signature="(Ljava/lang/String;I[Ljava/lang/Integer;)V" line-rate="1.0" branch-rate="1.0">
							<lines>
								<line number="142" hits="6" branch="false"/>
								<line number="143" hits="6" branch="false"/>
								<line number="144" hits="6" branch="false"/>
							</lines>
						</method>
						<method name="getArray" signature="()[Ljava/lang/Integer;" line-rate="1.0" branch-rate="1.0">
							<lines>
								<line number="147" hits="6" branch="false"/>
							</lines>
						</method>
						<method name="toString" signature="()Ljava/lang/String;" line-rate="1.0" branch-rate="1.0">
							<lines>
								<line number="152" hits="3" branch="false"/>
							</lines>
						</method>
						<method name="valueOf" signature="(Ljava/lang/String;)Lorg/yaml/snakeyaml/DumperOptions$Version;" line-rate="1.0" branch-rate="1.0">
							<lines>
							</lines>
						</method>
						<method name="values" signature="()[Lorg/yaml/snakeyaml/DumperOptions$Version;" line-rate="1.0" branch-rate="1.0">
							<lines>
							</lines>
						</method>
					</methods>
					<lines>
						<line number="137" hits="3" branch="false"/>
						<line number="138" hits="3" branch="false"/>
						<line number="142" hits="6" branch="false"/>
						<line number="143" hits="6" branch="false"/>
						<line number="144" hits="6" branch="false"/>
						<line number="147" hits="6" branch="false"/>
						<line number="152" hits="3" branch="false"/>
					</lines>
				</class>
				<class name="org.yaml.snakeyaml.JavaBeanDumper" filename="org/yaml/snakeyaml/JavaBeanDumper.java" line-rate="1.0" branch-rate="1.0" complexity="0.0">
					<methods>
						<method name="&lt;init&gt;" signature="()V" line-rate="1.0" branch-rate="1.0">
							<lines>
								<line number="56" hits="57" branch="false"/>
								<line number="57" hits="57" branch="false"/>
							</lines>
						</method>
						<method name="&lt;init&gt;" signature="(Lorg/yaml/snakeyaml/representer/Representer;Lorg/yaml/snakeyaml/DumperOptions;)V" line-rate="1.0" branch-rate="1.0">
							<lines>
								<line number="59" hits="15" branch="false"/>
								<line number="60" hits="15" branch="false"/>
								<line number="61" hits="15" branch="false"/>
								<line number="62" hits="15" branch="false"/>
							</lines>
						</method>
						<method name="&lt;init&gt;" signature="(Z)V" line-rate="1.0" branch-rate="1.0">
							<lines>
								<line number="46" hits="96" branch="false"/>
								<line number="47" hits="96" branch="false"/>
								<line number="48" hits="96" branch="false"/>
								<line number="49" hits="96" branch="false"/>
								<line number="50" hits="96" branch="false"/>
							</lines>
						</method>
						<method name="dump" signature="(Ljava/lang/Object;)Ljava/lang/String;" line-rate="1.0" branch-rate="1.0">
							<lines>
								<line number="106" hits="123" branch="false"/>
								<line number="107" hits="123" branch="false"/>
								<line number="108" hits="120" branch="false"/>
							</lines>
						</method>
						<method name="dump" signature="(Ljava/lang/Object;Ljava/io/Writer;)V" line-rate="1.0" branch-rate="1.0">
							<lines>
								<line number="74" hits="126" branch="true" condition-coverage="100% (2/2)">
									<conditions>
										<condition number="0" type="jump" coverage="100%"/>
									</conditions>
								</line>
								<line number="75" hits="111" branch="false"/>
								<line number="76" hits="111" branch="true" condition-coverage="100% (2/2)">
									<conditions>
										<condition number="0" type="jump" coverage="100%"/>
									</conditions>
								</line>
								<line number="77" hits="102" branch="false"/>
								<line number="79" hits="111" branch="false"/>
								<line number="81" hits="15" branch="false"/>
								<line number="84" hits="126" branch="true" condition-coverage="100% (2/2)">
									<conditions>
										<condition number="0" type="jump" coverage="100%"/>
									</conditions>
								</line>
								<line number="85" hits="111" branch="false"/>
								<line number="86" hits="111" branch="true" condition-coverage="100% (2/2)">
									<conditions>
										<condition number="0" type="jump" coverage="100%"/>
									</conditions>
								</line>
								<line number="87" hits="6" branch="false"/>
								<line number="90" hits="15" branch="false"/>
								<line number="92" hits="126" branch="false"/>
								<line number="93" hits="126" branch="false"/>
								<line number="94" hits="126" branch="false"/>
								<line number="95" hits="126" branch="false"/>
								<line number="96" hits="123" branch="false"/>
							</lines>
						</method>
						<method name="getFlowStyle" signature="()Lorg/yaml/snakeyaml/DumperOptions$FlowStyle;" line-rate="1.0" branch-rate="1.0">
							<lines>
								<line number="120" hits="3" branch="false"/>
							</lines>
						</method>
						<method name="isUseGlobalTag" signature="()Z" line-rate="1.0" branch-rate="1.0">
							<lines>
								<line number="112" hits="3" branch="false"/>
							</lines>
						</method>
						<method name="setFlowStyle" signature="(Lorg/yaml/snakeyaml/DumperOptions$FlowStyle;)V" line-rate="1.0" branch-rate="1.0">
							<lines>
								<line number="124" hits="3" branch="false"/>
								<line number="125" hits="3" branch="false"/>
							</lines>
						</method>
						<method name="setMapTagForBean" signature="(Ljava/lang/Class;)V" line-rate="1.0" branch-rate="1.0">
							<lines>
								<line number="134" hits="3" branch="false"/>
								<line number="135" hits="3" branch="false"/>
							</lines>
						</method>
						<method name="setUseGlobalTag" signature="(Z)V" line-rate="1.0" branch-rate="1.0">
							<lines>
								<line number="116" hits="3" branch="false"/>
								<line number="117" hits="3" branch="false"/>
							</lines>
						</method>
					</methods>
					<lines>
						<line number="46" hits="96" branch="false"/>
						<line number="47" hits="96" branch="false"/>
						<line number="48" hits="96" branch="false"/>
						<line number="49" hits="96" branch="false"/>
						<line number="50" hits="96" branch="false"/>
						<line number="56" hits="57" branch="false"/>
						<line number="57" hits="57" branch="false"/>
						<line number="59" hits="15" branch="false"/>
						<line number="60" hits="15" branch="false"/>
						<line number="61" hits="15" branch="false"/>
						<line number="62" hits="15" branch="false"/>
						<line number="74" hits="126" branch="true" condition-coverage="100% (2/2)">
							<conditions>
								<condition number="0" type="jump" coverage="100%"/>
							</conditions>
						</line>
						<line number="75" hits="111" branch="false"/>
						<line number="76" hits="111" branch="true" condition-coverage="100% (2/2)">
							<conditions>
								<condition number="0" type="jump" coverage="100%"/>
							</conditions>
						</line>
						<line number="77" hits="102" branch="false"/>
						<line number="79" hits="111" branch="false"/>
						<line number="81" hits="15" branch="false"/>
						<line number="84" hits="126" branch="true" condition-coverage="100% (2/2)">
							<conditions>
								<condition number="0" type="jump" coverage="100%"/>
							</conditions>
						</line>
						<line number="85" hits="111" branch="false"/>
						<line number="86" hits="111" branch="true" condition-coverage="100% (2/2)">
							<conditions>
								<condition number="0" type="jump" coverage="100%"/>
							</conditions>
						</line>
						<line number="87" hits="6" branch="false"/>
						<line number="90" hits="15" branch="false"/>
						<line number="92" hits="126" branch="false"/>
						<line number="93" hits="126" branch="false"/>
						<line number="94" hits="126" branch="false"/>
						<line number="95" hits="126" branch="false"/>
						<line number="96" hits="123" branch="false"/>
						<line number="106" hits="123" branch="false"/>
						<line number="107" hits="123" branch="false"/>
						<line number="108" hits="120" branch="false"/>
						<line number="112" hits="3" branch="false"/>
						<line number="116" hits="3" branch="false"/>
						<line number="117" hits="3" branch="false"/>
						<line number="120" hits="3" branch="false"/>
						<line number="124" hits="3" branch="false"/>
						<line number="125" hits="3" branch="false"/>
						<line number="134" hits="3" branch="false"/>
						<line number="135" hits="3" branch="false"/>
					</lines>
				</class>
				<class name="org.yaml.snakeyaml.JavaBeanLoader" filename="org/yaml/snakeyaml/JavaBeanLoader.java" line-rate="1.0" branch-rate="1.0" complexity="0.0">
					<methods>
						<method name="&lt;init&gt;" signature="(Ljava/lang/Class;)V" line-rate="1.0" branch-rate="1.0">
							<lines>
								<line number="46" hits="159" branch="false"/>
								<line number="47" hits="159" branch="false"/>
							</lines>
						</method>
						<method name="&lt;init&gt;" signature="(Lorg/yaml/snakeyaml/TypeDescription;)V" line-rate="1.0" branch-rate="1.0">
							<lines>
								<line number="36" hits="174" branch="false"/>
								<line number="37" hits="174" branch="false"/>
								<line number="38" hits="174" branch="false"/>
								<line number="39" hits="174" branch="false"/>
								<line number="40" hits="174" branch="false"/>
								<line number="41" hits="174" branch="false"/>
								<line number="42" hits="174" branch="false"/>
								<line number="43" hits="174" branch="false"/>
							</lines>
						</method>
						<method name="load" signature="(Ljava/io/InputStream;)Ljava/lang/Object;" line-rate="1.0" branch-rate="1.0">
							<lines>
								<line number="72" hits="6" branch="false"/>
							</lines>
						</method>
						<method name="load" signature="(Ljava/io/Reader;)Ljava/lang/Object;" line-rate="1.0" branch-rate="1.0">
							<lines>
								<line number="85" hits="6" branch="false"/>
							</lines>
						</method>
						<method name="load" signature="(Ljava/lang/String;)Ljava/lang/Object;" line-rate="1.0" branch-rate="1.0">
							<lines>
								<line number="59" hits="159" branch="false"/>
							</lines>
						</method>
					</methods>
					<lines>
						<line number="36" hits="174" branch="false"/>
						<line number="37" hits="174" branch="false"/>
						<line number="38" hits="174" branch="false"/>
						<line number="39" hits="174" branch="false"/>
						<line number="40" hits="174" branch="false"/>
						<line number="41" hits="174" branch="false"/>
						<line number="42" hits="174" branch="false"/>
						<line number="43" hits="174" branch="false"/>
						<line number="46" hits="159" branch="false"/>
						<line number="47" hits="159" branch="false"/>
						<line number="59" hits="159" branch="false"/>
						<line number="72" hits="6" branch="false"/>
						<line number="85" hits="6" branch="false"/>
					</lines>
				</class>
				<class name="org.yaml.snakeyaml.JavaBeanParser" filename="org/yaml/snakeyaml/JavaBeanParser.java" line-rate="0.75" branch-rate="1.0" complexity="0.0">
					<methods>
						<method name="&lt;init&gt;" signature="()V" line-rate="0.0" branch-rate="1.0">
							<lines>
								<line number="31" hits="0" branch="false"/>
								<line number="32" hits="0" branch="false"/>
							</lines>
						</method>
						<method name="load" signature="(Ljava/io/InputStream;Ljava/lang/Class;)Ljava/lang/Object;" line-rate="1.0" branch-rate="1.0">
							<lines>
								<line number="60" hits="3" branch="false"/>
								<line number="61" hits="3" branch="false"/>
							</lines>
						</method>
						<method name="load" signature="(Ljava/io/Reader;Ljava/lang/Class;)Ljava/lang/Object;" line-rate="1.0" branch-rate="1.0">
							<lines>
								<line number="75" hits="3" branch="false"/>
								<line number="76" hits="3" branch="false"/>
							</lines>
						</method>
						<method name="load" signature="(Ljava/lang/String;Ljava/lang/Class;)Ljava/lang/Object;" line-rate="1.0" branch-rate="1.0">
							<lines>
								<line number="45" hits="6" branch="false"/>
								<line number="46" hits="6" branch="false"/>
							</lines>
						</method>
					</methods>
					<lines>
						<line number="31" hits="0" branch="false"/>
						<line number="32" hits="0" branch="false"/>
						<line number="45" hits="6" branch="false"/>
						<line number="46" hits="6" branch="false"/>
						<line number="60" hits="3" branch="false"/>
						<line number="61" hits="3" branch="false"/>
						<line number="75" hits="3" branch="false"/>
						<line number="76" hits="3" branch="false"/>
					</lines>
				</class>
				<class name="org.yaml.snakeyaml.Loader" filename="org/yaml/snakeyaml/Loader.java" line-rate="1.0" branch-rate="1.0" complexity="0.0">
					<methods>
						<method name="&lt;init&gt;" signature="()V" line-rate="1.0" branch-rate="1.0">
							<lines>
								<line number="46" hits="1512" branch="false"/>
								<line number="47" hits="1512" branch="false"/>
							</lines>
						</method>
						<method name="&lt;init&gt;" signature="(Lorg/yaml/snakeyaml/constructor/BaseConstructor;)V" line-rate="1.0" branch-rate="1.0">
							<lines>
								<line number="38" hits="11088" branch="false"/>
								<line number="41" hits="11088" branch="false"/>
								<line number="42" hits="11088" branch="false"/>
								<line number="43" hits="11088" branch="false"/>
							</lines>
						</method>
						<method name="compose" signature="(Ljava/io/Reader;)Lorg/yaml/snakeyaml/nodes/Node;" line-rate="1.0" branch-rate="1.0">
							<lines>
								<line number="83" hits="21" branch="false"/>
								<line number="84" hits="21" branch="false"/>
								<line number="85" hits="21" branch="false"/>
							</lines>
						</method>
						<method name="composeAll" signature="(Ljava/io/Reader;)Ljava/lang/Iterable;" line-rate="1.0" branch-rate="1.0">
							<lines>
								<line number="97" hits="9" branch="false"/>
								<line number="98" hits="9" branch="false"/>
								<line number="99" hits="9" branch="false"/>
								<line number="112" hits="9" branch="false"/>
							</lines>
						</method>
						<method name="load" signature="(Ljava/io/Reader;)Ljava/lang/Object;" line-rate="1.0" branch-rate="1.0">
							<lines>
								<line number="50" hits="22233" branch="false"/>
								<line number="51" hits="22233" branch="false"/>
								<line number="52" hits="22233" branch="false"/>
							</lines>
						</method>
						<method name="loadAll" signature="(Ljava/io/Reader;)Ljava/lang/Iterable;" line-rate="1.0" branch-rate="1.0">
							<lines>
								<line number="56" hits="753" branch="false"/>
								<line number="57" hits="753" branch="false"/>
								<line number="58" hits="753" branch="false"/>
								<line number="71" hits="753" branch="false"/>
							</lines>
						</method>
						<method name="parse" signature="(Ljava/io/Reader;)Ljava/lang/Iterable;" line-rate="1.0" branch-rate="1.0">
							<lines>
								<line number="164" hits="6" branch="false"/>
								<line number="165" hits="6" branch="false"/>
								<line number="178" hits="6" branch="false"/>
							</lines>
						</method>
						<method name="setAttached" signature="()V" line-rate="1.0" branch-rate="1.0">
							<lines>
								<line number="149" hits="10908" branch="true" condition-coverage="100% (2/2)">
									<conditions>
										<condition number="0" type="jump" coverage="100%"/>
									</conditions>
								</line>
								<line number="150" hits="10905" branch="false"/>
								<line number="152" hits="3" branch="false"/>
								<line number="154" hits="10905" branch="false"/>
							</lines>
						</method>
						<method name="setResolver" signature="(Lorg/yaml/snakeyaml/resolver/Resolver;)V" line-rate="1.0" branch-rate="1.0">
							<lines>
								<line number="142" hits="11085" branch="false"/>
								<line number="143" hits="11085" branch="false"/>
							</lines>
						</method>
					</methods>
					<lines>
						<line number="38" hits="11088" branch="false"/>
						<line number="41" hits="11088" branch="false"/>
						<line number="42" hits="11088" branch="false"/>
						<line number="43" hits="11088" branch="false"/>
						<line number="46" hits="1512" branch="false"/>
						<line number="47" hits="1512" branch="false"/>
						<line number="50" hits="22233" branch="false"/>
						<line number="51" hits="22233" branch="false"/>
						<line number="52" hits="22233" branch="false"/>
						<line number="56" hits="753" branch="false"/>
						<line number="57" hits="753" branch="false"/>
						<line number="58" hits="753" branch="false"/>
						<line number="71" hits="753" branch="false"/>
						<line number="83" hits="21" branch="false"/>
						<line number="84" hits="21" branch="false"/>
						<line number="85" hits="21" branch="false"/>
						<line number="97" hits="9" branch="false"/>
						<line number="98" hits="9" branch="false"/>
						<line number="99" hits="9" branch="false"/>
						<line number="112" hits="9" branch="false"/>
						<line number="142" hits="11085" branch="false"/>
						<line number="143" hits="11085" branch="false"/>
						<line number="149" hits="10908" branch="true" condition-coverage="100% (2/2)">
							<conditions>
								<condition number="0" type="jump" coverage="100%"/>
							</conditions>
						</line>
						<line number="150" hits="10905" branch="false"/>
						<line number="152" hits="3" branch="false"/>
						<line number="154" hits="10905" branch="false"/>
						<line number="164" hits="6" branch="false"/>
						<line number="165" hits="6" branch="false"/>
						<line number="178" hits="6" branch="false"/>
					</lines>
				</class>
				<class name="org.yaml.snakeyaml.Loader$1" filename="org/yaml/snakeyaml/Loader.java" line-rate="0.75" branch-rate="1.0" complexity="0.0">
					<methods>
						<method name="&lt;init&gt;" signature="(Lorg/yaml/snakeyaml/Loader;)V" line-rate="1.0" branch-rate="1.0">
							<lines>
								<line number="67" hits="753" branch="false"/>
							</lines>
						</method>
						<method name="hasNext" signature="()Z" line-rate="1.0" branch-rate="1.0">
							<lines>
								<line number="60" hits="1143" branch="false"/>
							</lines>
						</method>
						<method name="next" signature="()Ljava/lang/Object;" line-rate="1.0" branch-rate="1.0">
							<lines>
								<line number="64" hits="708" branch="false"/>
							</lines>
						</method>
						<method name="remove" signature="()V" line-rate="0.0" branch-rate="1.0">
							<lines>
								<line number="68" hits="0" branch="false"/>
							</lines>
						</method>
					</methods>
					<lines>
						<line number="60" hits="1143" branch="false"/>
						<line number="64" hits="708" branch="false"/>
						<line number="67" hits="753" branch="false"/>
						<line number="68" hits="0" branch="false"/>
					</lines>
				</class>
				<class name="org.yaml.snakeyaml.Loader$2" filename="org/yaml/snakeyaml/Loader.java" line-rate="0.75" branch-rate="1.0" complexity="0.0">
					<methods>
						<method name="&lt;init&gt;" signature="(Lorg/yaml/snakeyaml/Loader;Lorg/yaml/snakeyaml/composer/Composer;)V" line-rate="1.0" branch-rate="1.0">
							<lines>
							</lines>
						</method>
						<method name="hasNext" signature="()Z" line-rate="1.0" branch-rate="1.0">
							<lines>
								<line number="101" hits="30" branch="false"/>
							</lines>
						</method>
						<method name="next" signature="()Ljava/lang/Object;" line-rate="1.0" branch-rate="1.0">
							<lines>
								<line number="108" hits="30" branch="false"/>
							</lines>
						</method>
						<method name="next" signature="()Lorg/yaml/snakeyaml/nodes/Node;" line-rate="1.0" branch-rate="1.0">
							<lines>
								<line number="105" hits="21" branch="false"/>
							</lines>
						</method>
						<method name="remove" signature="()V" line-rate="0.0" branch-rate="1.0">
							<lines>
								<line number="109" hits="0" branch="false"/>
							</lines>
						</method>
					</methods>
					<lines>
						<line number="101" hits="30" branch="false"/>
						<line number="105" hits="21" branch="false"/>
						<line number="108" hits="30" branch="false"/>
						<line number="109" hits="0" branch="false"/>
					</lines>
				</class>
				<class name="org.yaml.snakeyaml.Loader$3" filename="org/yaml/snakeyaml/Loader.java" line-rate="0.75" branch-rate="1.0" complexity="0.0">
					<methods>
						<method name="&lt;init&gt;" signature="(Lorg/yaml/snakeyaml/Loader;Lorg/yaml/snakeyaml/parser/Parser;)V" line-rate="1.0" branch-rate="1.0">
							<lines>
							</lines>
						</method>
						<method name="hasNext" signature="()Z" line-rate="1.0" branch-rate="1.0">
							<lines>
								<line number="167" hits="72" branch="true" condition-coverage="100% (2/2)">
									<conditions>
										<condition number="0" type="jump" coverage="100%"/>
									</conditions>
								</line>
							</lines>
						</method>
						<method name="next" signature="()Ljava/lang/Object;" line-rate="1.0" branch-rate="1.0">
							<lines>
								<line number="174" hits="72" branch="false"/>
							</lines>
						</method>
						<method name="next" signature="()Lorg/yaml/snakeyaml/events/Event;" line-rate="1.0" branch-rate="1.0">
							<lines>
								<line number="171" hits="66" branch="false"/>
							</lines>
						</method>
						<method name="remove" signature="()V" line-rate="0.0" branch-rate="1.0">
							<lines>
								<line number="175" hits="0" branch="false"/>
							</lines>
						</method>
					</methods>
					<lines>
						<line number="167" hits="72" branch="true" condition-coverage="100% (2/2)">
							<conditions>
								<condition number="0" type="jump" coverage="100%"/>
							</conditions>
						</line>
						<line number="171" hits="66" branch="false"/>
						<line number="174" hits="72" branch="false"/>
						<line number="175" hits="0" branch="false"/>
					</lines>
				</class>
				<class name="org.yaml.snakeyaml.Loader$EventIterable" filename="org/yaml/snakeyaml/Loader.java" line-rate="1.0" branch-rate="1.0" complexity="0.0">
					<methods>
						<method name="&lt;init&gt;" signature="(Lorg/yaml/snakeyaml/Loader;Ljava/util/Iterator;)V" line-rate="1.0" branch-rate="1.0">
							<lines>
								<line number="184" hits="6" branch="false"/>
								<line number="185" hits="6" branch="false"/>
								<line number="186" hits="6" branch="false"/>
							</lines>
						</method>
						<method name="iterator" signature="()Ljava/util/Iterator;" line-rate="1.0" branch-rate="1.0">
							<lines>
								<line number="189" hits="6" branch="false"/>
							</lines>
						</method>
					</methods>
					<lines>
						<line number="184" hits="6" branch="false"/>
						<line number="185" hits="6" branch="false"/>
						<line number="186" hits="6" branch="false"/>
						<line number="189" hits="6" branch="false"/>
					</lines>
				</class>
				<class name="org.yaml.snakeyaml.Loader$NodeIterable" filename="org/yaml/snakeyaml/Loader.java" line-rate="1.0" branch-rate="1.0" complexity="0.0">
					<methods>
						<method name="&lt;init&gt;" signature="(Lorg/yaml/snakeyaml/Loader;Ljava/util/Iterator;)V" line-rate="1.0" branch-rate="1.0">
							<lines>
								<line number="118" hits="9" branch="false"/>
								<line number="119" hits="9" branch="false"/>
								<line number="120" hits="9" branch="false"/>
							</lines>
						</method>
						<method name="iterator" signature="()Ljava/util/Iterator;" line-rate="1.0" branch-rate="1.0">
							<lines>
								<line number="123" hits="9" branch="false"/>
							</lines>
						</method>
					</methods>
					<lines>
						<line number="118" hits="9" branch="false"/>
						<line number="119" hits="9" branch="false"/>
						<line number="120" hits="9" branch="false"/>
						<line number="123" hits="9" branch="false"/>
					</lines>
				</class>
				<class name="org.yaml.snakeyaml.Loader$YamlIterable" filename="org/yaml/snakeyaml/Loader.java" line-rate="1.0" branch-rate="1.0" complexity="0.0">
					<methods>
						<method name="&lt;init&gt;" signature="(Lorg/yaml/snakeyaml/Loader;Ljava/util/Iterator;)V" line-rate="1.0" branch-rate="1.0">
							<lines>
								<line number="131" hits="753" branch="false"/>
								<line number="132" hits="753" branch="false"/>
								<line number="133" hits="753" branch="false"/>
							</lines>
						</method>
						<method name="iterator" signature="()Ljava/util/Iterator;" line-rate="1.0" branch-rate="1.0">
							<lines>
								<line number="136" hits="753" branch="false"/>
							</lines>
						</method>
					</methods>
					<lines>
						<line number="131" hits="753" branch="false"/>
						<line number="132" hits="753" branch="false"/>
						<line number="133" hits="753" branch="false"/>
						<line number="136" hits="753" branch="false"/>
					</lines>
				</class>
				<class name="org.yaml.snakeyaml.TypeDescription" filename="org/yaml/snakeyaml/TypeDescription.java" line-rate="1.0" branch-rate="1.0" complexity="0.0">
					<methods>
						<method name="&lt;init&gt;" signature="(Ljava/lang/Class;)V" line-rate="1.0" branch-rate="1.0">
							<lines>
								<line number="48" hits="207" branch="false"/>
								<line number="49" hits="207" branch="false"/>
							</lines>
						</method>
						<method name="&lt;init&gt;" signature="(Ljava/lang/Class;Ljava/lang/String;)V" line-rate="1.0" branch-rate="1.0">
							<lines>
								<line number="44" hits="51" branch="false"/>
								<line number="45" hits="51" branch="false"/>
							</lines>
						</method>
						<method name="&lt;init&gt;" signature="(Ljava/lang/Class;Lorg/yaml/snakeyaml/nodes/Tag;)V" line-rate="1.0" branch-rate="1.0">
							<lines>
								<line number="35" hits="261" branch="false"/>
								<line number="36" hits="261" branch="false"/>
								<line number="37" hits="261" branch="false"/>
								<line number="38" hits="261" branch="false"/>
								<line number="39" hits="261" branch="false"/>
								<line number="40" hits="261" branch="false"/>
								<line number="41" hits="261" branch="false"/>
							</lines>
						</method>
						<method name="getListPropertyType" signature="(Ljava/lang/String;)Ljava/lang/Class;" line-rate="1.0" branch-rate="1.0">
							<lines>
								<line number="124" hits="138" branch="false"/>
							</lines>
						</method>
						<method name="getMapKeyType" signature="(Ljava/lang/String;)Ljava/lang/Class;" line-rate="1.0" branch-rate="1.0">
							<lines>
								<line number="151" hits="345" branch="false"/>
							</lines>
						</method>
						<method name="getMapValueType" signature="(Ljava/lang/String;)Ljava/lang/Class;" line-rate="1.0" branch-rate="1.0">
							<lines>
								<line number="162" hits="54" branch="false"/>
							</lines>
						</method>
						<method name="getTag" signature="()Lorg/yaml/snakeyaml/nodes/Tag;" line-rate="1.0" branch-rate="1.0">
							<lines>
								<line number="58" hits="264" branch="false"/>
							</lines>
						</method>
						<method name="getType" signature="()Ljava/lang/Class;" line-rate="1.0" branch-rate="1.0">
							<lines>
								<line number="81" hits="693" branch="false"/>
							</lines>
						</method>
						<method name="isRoot" signature="()Z" line-rate="1.0" branch-rate="1.0">
							<lines>
								<line number="90" hits="33" branch="false"/>
							</lines>
						</method>
						<method name="putListPropertyType" signature="(Ljava/lang/String;Ljava/lang/Class;)V" line-rate="1.0" branch-rate="1.0">
							<lines>
								<line number="113" hits="21" branch="false"/>
								<line number="114" hits="21" branch="false"/>
							</lines>
						</method>
						<method name="putMapPropertyType" signature="(Ljava/lang/String;Ljava/lang/Class;Ljava/lang/Class;)V" line-rate="1.0" branch-rate="1.0">
							<lines>
								<line number="139" hits="18" branch="false"/>
								<line number="140" hits="18" branch="false"/>
								<line number="141" hits="18" branch="false"/>
							</lines>
						</method>
						<method name="setRoot" signature="(Z)V" line-rate="1.0" branch-rate="1.0">
							<lines>
								<line number="101" hits="180" branch="false"/>
								<line number="102" hits="180" branch="false"/>
							</lines>
						</method>
						<method name="setTag" signature="(Ljava/lang/String;)V" line-rate="1.0" branch-rate="1.0">
							<lines>
								<line number="72" hits="3" branch="false"/>
								<line number="73" hits="3" branch="false"/>
							</lines>
						</method>
						<method name="setTag" signature="(Lorg/yaml/snakeyaml/nodes/Tag;)V" line-rate="1.0" branch-rate="1.0">
							<lines>
								<line number="68" hits="6" branch="false"/>
								<line number="69" hits="6" branch="false"/>
							</lines>
						</method>
						<method name="toString" signature="()Ljava/lang/String;" line-rate="1.0" branch-rate="1.0">
							<lines>
								<line number="167" hits="3" branch="false"/>
							</lines>
						</method>
					</methods>
					<lines>
						<line number="35" hits="261" branch="false"/>
						<line number="36" hits="261" branch="false"/>
						<line number="37" hits="261" branch="false"/>
						<line number="38" hits="261" branch="false"/>
						<line number="39" hits="261" branch="false"/>
						<line number="40" hits="261" branch="false"/>
						<line number="41" hits="261" branch="false"/>
						<line number="44" hits="51" branch="false"/>
						<line number="45" hits="51" branch="false"/>
						<line number="48" hits="207" branch="false"/>
						<line number="49" hits="207" branch="false"/>
						<line number="58" hits="264" branch="false"/>
						<line number="68" hits="6" branch="false"/>
						<line number="69" hits="6" branch="false"/>
						<line number="72" hits="3" branch="false"/>
						<line number="73" hits="3" branch="false"/>
						<line number="81" hits="693" branch="false"/>
						<line number="90" hits="33" branch="false"/>
						<line number="101" hits="180" branch="false"/>
						<line number="102" hits="180" branch="false"/>
						<line number="113" hits="21" branch="false"/>
						<line number="114" hits="21" branch="false"/>
						<line number="124" hits="138" branch="false"/>
						<line number="139" hits="18" branch="false"/>
						<line number="140" hits="18" branch="false"/>
						<line number="141" hits="18" branch="false"/>
						<line number="151" hits="345" branch="false"/>
						<line number="162" hits="54" branch="false"/>
						<line number="167" hits="3" branch="false"/>
					</lines>
				</class>
				<class name="org.yaml.snakeyaml.Yaml" filename="org/yaml/snakeyaml/Yaml.java" line-rate="0.9583333333333334" branch-rate="1.0" complexity="0.0">
					<methods>
						<method name="&lt;init&gt;" signature="()V" line-rate="1.0" branch-rate="1.0">
							<lines>
								<line number="90" hits="1239" branch="false"/>
								<line number="91" hits="1239" branch="false"/>
							</lines>
						</method>
						<method name="&lt;init&gt;" signature="(Lorg/yaml/snakeyaml/Dumper;)V" line-rate="1.0" branch-rate="1.0">
							<lines>
								<line number="48" hits="63" branch="false"/>
								<line number="49" hits="60" branch="false"/>
							</lines>
						</method>
						<method name="&lt;init&gt;" signature="(Lorg/yaml/snakeyaml/DumperOptions;)V" line-rate="1.0" branch-rate="1.0">
							<lines>
								<line number="44" hits="192" branch="false"/>
								<line number="45" hits="192" branch="false"/>
							</lines>
						</method>
						<method name="&lt;init&gt;" signature="(Lorg/yaml/snakeyaml/Loader;)V" line-rate="1.0" branch-rate="1.0">
							<lines>
								<line number="52" hits="9384" branch="false"/>
								<line number="53" hits="9381" branch="false"/>
							</lines>
						</method>
						<method name="&lt;init&gt;" signature="(Lorg/yaml/snakeyaml/Loader;Lorg/yaml/snakeyaml/Dumper;)V" line-rate="1.0" branch-rate="1.0">
							<lines>
								<line number="65" hits="10899" branch="false"/>
								<line number="66" hits="10893" branch="false"/>
							</lines>
						</method>
						<method name="&lt;init&gt;" signature="(Lorg/yaml/snakeyaml/Loader;Lorg/yaml/snakeyaml/Dumper;Lorg/yaml/snakeyaml/resolver/Resolver;)V" line-rate="1.0" branch-rate="1.0">
							<lines>
								<line number="79" hits="10908" branch="false"/>
								<line number="80" hits="10908" branch="false"/>
								<line number="81" hits="10908" branch="false"/>
								<line number="82" hits="10905" branch="false"/>
								<line number="83" hits="10905" branch="false"/>
								<line number="84" hits="10902" branch="false"/>
								<line number="85" hits="10902" branch="false"/>
								<line number="86" hits="10902" branch="false"/>
								<line number="87" hits="10902" branch="false"/>
							</lines>
						</method>
						<method name="addImplicitResolver" signature="(Ljava/lang/String;Ljava/util/regex/Pattern;Ljava/lang/String;)V" line-rate="0.0" branch-rate="1.0">
							<lines>
								<line number="259" hits="0" branch="false"/>
								<line number="260" hits="0" branch="false"/>
							</lines>
						</method>
						<method name="addImplicitResolver" signature="(Lorg/yaml/snakeyaml/nodes/Tag;Ljava/util/regex/Pattern;Ljava/lang/String;)V" line-rate="1.0" branch-rate="1.0">
							<lines>
								<line number="275" hits="15" branch="false"/>
								<line number="276" hits="15" branch="false"/>
							</lines>
						</method>
						<method name="compose" signature="(Ljava/io/Reader;)Lorg/yaml/snakeyaml/nodes/Node;" line-rate="1.0" branch-rate="1.0">
							<lines>
								<line number="229" hits="15" branch="false"/>
							</lines>
						</method>
						<method name="composeAll" signature="(Ljava/io/Reader;)Ljava/lang/Iterable;" line-rate="1.0" branch-rate="1.0">
							<lines>
								<line number="241" hits="6" branch="false"/>
							</lines>
						</method>
						<method name="dump" signature="(Ljava/lang/Object;)Ljava/lang/String;" line-rate="1.0" branch-rate="1.0">
							<lines>
								<line number="101" hits="546" branch="false"/>
								<line number="102" hits="546" branch="false"/>
								<line number="103" hits="546" branch="false"/>
							</lines>
						</method>
						<method name="dump" signature="(Ljava/lang/Object;Ljava/io/Writer;)V" line-rate="1.0" branch-rate="1.0">
							<lines>
								<line number="128" hits="126" branch="false"/>
								<line number="129" hits="126" branch="false"/>
								<line number="130" hits="126" branch="false"/>
								<line number="131" hits="120" branch="false"/>
							</lines>
						</method>
						<method name="dumpAll" signature="(Ljava/util/Iterator;)Ljava/lang/String;" line-rate="1.0" branch-rate="1.0">
							<lines>
								<line number="114" hits="549" branch="false"/>
								<line number="115" hits="549" branch="false"/>
								<line number="116" hits="537" branch="false"/>
							</lines>
						</method>
						<method name="dumpAll" signature="(Ljava/util/Iterator;Ljava/io/Writer;)V" line-rate="1.0" branch-rate="1.0">
							<lines>
								<line number="142" hits="684" branch="false"/>
								<line number="143" hits="666" branch="false"/>
							</lines>
						</method>
						<method name="getName" signature="()Ljava/lang/String;" line-rate="1.0" branch-rate="1.0">
							<lines>
								<line number="291" hits="3" branch="false"/>
							</lines>
						</method>
						<method name="load" signature="(Ljava/io/InputStream;)Ljava/lang/Object;" line-rate="1.0" branch-rate="1.0">
							<lines>
								<line number="166" hits="126" branch="false"/>
							</lines>
						</method>
						<method name="load" signature="(Ljava/io/Reader;)Ljava/lang/Object;" line-rate="1.0" branch-rate="1.0">
							<lines>
								<line number="178" hits="3" branch="false"/>
							</lines>
						</method>
						<method name="load" signature="(Ljava/lang/String;)Ljava/lang/Object;" line-rate="1.0" branch-rate="1.0">
							<lines>
								<line number="154" hits="21933" branch="false"/>
							</lines>
						</method>
						<method name="loadAll" signature="(Ljava/io/InputStream;)Ljava/lang/Iterable;" line-rate="1.0" branch-rate="1.0">
							<lines>
								<line number="217" hits="768" branch="false"/>
							</lines>
						</method>
						<method name="loadAll" signature="(Ljava/io/Reader;)Ljava/lang/Iterable;" line-rate="1.0" branch-rate="1.0">
							<lines>
								<line number="191" hits="1026" branch="false"/>
							</lines>
						</method>
						<method name="loadAll" signature="(Ljava/lang/String;)Ljava/lang/Iterable;" line-rate="1.0" branch-rate="1.0">
							<lines>
								<line number="204" hits="258" branch="false"/>
							</lines>
						</method>
						<method name="parse" signature="(Ljava/io/Reader;)Ljava/lang/Iterable;" line-rate="1.0" branch-rate="1.0">
							<lines>
								<line number="312" hits="6" branch="false"/>
							</lines>
						</method>
						<method name="setName" signature="(Ljava/lang/String;)V" line-rate="1.0" branch-rate="1.0">
							<lines>
								<line number="301" hits="3" branch="false"/>
								<line number="302" hits="3" branch="false"/>
							</lines>
						</method>
						<method name="toString" signature="()Ljava/lang/String;" line-rate="1.0" branch-rate="1.0">
							<lines>
								<line number="280" hits="6" branch="false"/>
							</lines>
						</method>
					</methods>
					<lines>
						<line number="44" hits="192" branch="false"/>
						<line number="45" hits="192" branch="false"/>
						<line number="48" hits="63" branch="false"/>
						<line number="49" hits="60" branch="false"/>
						<line number="52" hits="9384" branch="false"/>
						<line number="53" hits="9381" branch="false"/>
						<line number="65" hits="10899" branch="false"/>
						<line number="66" hits="10893" branch="false"/>
						<line number="79" hits="10908" branch="false"/>
						<line number="80" hits="10908" branch="false"/>
						<line number="81" hits="10908" branch="false"/>
						<line number="82" hits="10905" branch="false"/>
						<line number="83" hits="10905" branch="false"/>
						<line number="84" hits="10902" branch="false"/>
						<line number="85" hits="10902" branch="false"/>
						<line number="86" hits="10902" branch="false"/>
						<line number="87" hits="10902" branch="false"/>
						<line number="90" hits="1239" branch="false"/>
						<line number="91" hits="1239" branch="false"/>
						<line number="101" hits="546" branch="false"/>
						<line number="102" hits="546" branch="false"/>
						<line number="103" hits="546" branch="false"/>
						<line number="114" hits="549" branch="false"/>
						<line number="115" hits="549" branch="false"/>
						<line number="116" hits="537" branch="false"/>
						<line number="128" hits="126" branch="false"/>
						<line number="129" hits="126" branch="false"/>
						<line number="130" hits="126" branch="false"/>
						<line number="131" hits="120" branch="false"/>
						<line number="142" hits="684" branch="false"/>
						<line number="143" hits="666" branch="false"/>
						<line number="154" hits="21933" branch="false"/>
						<line number="166" hits="126" branch="false"/>
						<line number="178" hits="3" branch="false"/>
						<line number="191" hits="1026" branch="false"/>
						<line number="204" hits="258" branch="false"/>
						<line number="217" hits="768" branch="false"/>
						<line number="229" hits="15" branch="false"/>
						<line number="241" hits="6" branch="false"/>
						<line number="259" hits="0" branch="false"/>
						<line number="260" hits="0" branch="false"/>
						<line number="275" hits="15" branch="false"/>
						<line number="276" hits="15" branch="false"/>
						<line number="280" hits="6" branch="false"/>
						<line number="291" hits="3" branch="false"/>
						<line number="301" hits="3" branch="false"/>
						<line number="302" hits="3" branch="false"/>
						<line number="312" hits="6" branch="false"/>
					</lines>
				</class>
			</classes>
		</package>
		<package name="org.yaml.snakeyaml.composer" line-rate="0.9897959183673469" branch-rate="0.9347826086956522" complexity="1.0">
			<classes>
				<class name="org.yaml.snakeyaml.composer.Composer" filename="org/yaml/snakeyaml/composer/Composer.java" line-rate="0.9895833333333334" branch-rate="0.9347826086956522" complexity="0.0">
					<methods>
						<method name="&lt;init&gt;" signature="(Lorg/yaml/snakeyaml/parser/Parser;Lorg/yaml/snakeyaml/resolver/Resolver;)V" line-rate="1.0" branch-rate="1.0">
							<lines>
								<line number="53" hits="23847" branch="false"/>
								<line number="54" hits="23847" branch="false"/>
								<line number="55" hits="23847" branch="false"/>
								<line number="56" hits="23847" branch="false"/>
								<line number="57" hits="23847" branch="false"/>
								<line number="58" hits="23847" branch="false"/>
							</lines>
						</method>
						<method name="checkNode" signature="()Z" line-rate="1.0" branch-rate="1.0">
							<lines>
								<line number="67" hits="3372" branch="true" condition-coverage="100% (2/2)">
									<conditions>
										<condition number="0" type="jump" coverage="100%"/>
									</conditions>
								</line>
								<line number="68" hits="1578" branch="false"/>
								<line number="71" hits="3360" branch="true" condition-coverage="100% (2/2)">
									<conditions>
										<condition number="0" type="jump" coverage="100%"/>
									</conditions>
								</line>
							</lines>
						</method>
						<method name="composeDocument" signature="()Lorg/yaml/snakeyaml/nodes/Node;" line-rate="1.0" branch-rate="1.0">
							<lines>
								<line number="119" hits="23922" branch="false"/>
								<line number="121" hits="23922" branch="false"/>
								<line number="123" hits="23736" branch="false"/>
								<line number="124" hits="23736" branch="false"/>
								<line number="125" hits="23736" branch="false"/>
								<line number="126" hits="23736" branch="false"/>
							</lines>
						</method>
						<method name="composeMappingNode" signature="(Ljava/lang/String;)Lorg/yaml/snakeyaml/nodes/Node;" line-rate="1.0" branch-rate="0.875">
							<lines>
								<line number="212" hits="111234" branch="false"/>
								<line number="213" hits="111234" branch="false"/>
								<line number="215" hits="111234" branch="false"/>
								<line number="216" hits="111234" branch="true" condition-coverage="75% (3/4)">
									<conditions>
										<condition number="0" type="jump" coverage="100%"/>
										<condition number="1" type="jump" coverage="50%"/>
									</conditions>
								</line>
								<line number="217" hits="85941" branch="false"/>
								<line number="218" hits="85941" branch="false"/>
								<line number="220" hits="25293" branch="false"/>
								<line number="222" hits="111234" branch="false"/>
								<line number="224" hits="111234" branch="true" condition-coverage="100% (2/2)">
									<conditions>
										<condition number="0" type="jump" coverage="100%"/>
									</conditions>
								</line>
								<line number="225" hits="24144" branch="false"/>
								<line number="227" hits="603759" branch="true" condition-coverage="100% (2/2)">
									<conditions>
										<condition number="0" type="jump" coverage="100%"/>
									</conditions>
								</line>
								<line number="228" hits="492546" branch="false"/>
								<line number="229" hits="492546" branch="false"/>
								<line number="230" hits="492525" branch="false"/>
								<line number="231" hits="492525" branch="false"/>
								<line number="232" hits="111165" branch="false"/>
								<line number="233" hits="111165" branch="false"/>
								<line number="234" hits="111165" branch="false"/>
							</lines>
						</method>
						<method name="composeNode" signature="(Lorg/yaml/snakeyaml/nodes/Node;Ljava/lang/Object;)Lorg/yaml/snakeyaml/nodes/Node;" line-rate="1.0" branch-rate="1.0">
							<lines>
								<line number="130" hits="1060818" branch="false"/>
								<line number="131" hits="1060818" branch="true" condition-coverage="100% (2/2)">
									<conditions>
										<condition number="0" type="jump" coverage="100%"/>
									</conditions>
								</line>
								<line number="132" hits="24381" branch="false"/>
								<line number="133" hits="24381" branch="false"/>
								<line number="134" hits="24381" branch="true" condition-coverage="100% (2/2)">
									<conditions>
										<condition number="0" type="jump" coverage="100%"/>
									</conditions>
								</line>
								<line number="135" hits="6" branch="false"/>
								<line number="138" hits="24375" branch="false"/>
								<line number="139" hits="24375" branch="true" condition-coverage="100% (2/2)">
									<conditions>
										<condition number="0" type="jump" coverage="100%"/>
									</conditions>
								</line>
								<line number="140" hits="132" branch="false"/>
								<line number="142" hits="24375" branch="false"/>
								<line number="144" hits="1036377" branch="false"/>
								<line number="145" hits="1036377" branch="false"/>
								<line number="146" hits="1036377" branch="false"/>
								<line number="147" hits="1036377" branch="true" condition-coverage="100% (4/4)">
									<conditions>
										<condition number="0" type="jump" coverage="100%"/>
										<condition number="1" type="jump" coverage="100%"/>
									</conditions>
								</line>
								<line number="148" hits="12" branch="false"/>
								<line number="153" hits="1036365" branch="false"/>
								<line number="154" hits="1036365" branch="true" condition-coverage="100% (2/2)">
									<conditions>
										<condition number="0" type="jump" coverage="100%"/>
									</conditions>
								</line>
								<line number="155" hits="902820" branch="false"/>
								<line number="156" hits="133545" branch="true" condition-coverage="100% (2/2)">
									<conditions>
										<condition number="0" type="jump" coverage="100%"/>
									</conditions>
								</line>
								<line number="157" hits="22311" branch="false"/>
								<line number="159" hits="111234" branch="false"/>
								<line number="162" hits="1036200" branch="false"/>
								<line number="163" hits="1036200" branch="false"/>
							</lines>
						</method>
						<method name="composeScalarNode" signature="(Ljava/lang/String;)Lorg/yaml/snakeyaml/nodes/Node;" line-rate="1.0" branch-rate="1.0">
							<lines>
								<line number="167" hits="902820" branch="false"/>
								<line number="168" hits="902820" branch="false"/>
								<line number="169" hits="902820" branch="false"/>
								<line number="171" hits="902820" branch="true" condition-coverage="100% (4/4)">
									<conditions>
										<condition number="0" type="jump" coverage="100%"/>
										<condition number="1" type="jump" coverage="100%"/>
									</conditions>
								</line>
								<line number="172" hits="899739" branch="false"/>
								<line number="173" hits="899739" branch="false"/>
								<line number="175" hits="3081" branch="false"/>
								<line number="177" hits="902820" branch="false"/>
								<line number="179" hits="902820" branch="true" condition-coverage="100% (2/2)">
									<conditions>
										<condition number="0" type="jump" coverage="100%"/>
									</conditions>
								</line>
								<line number="180" hits="105" branch="false"/>
								<line number="182" hits="902820" branch="false"/>
							</lines>
						</method>
						<method name="composeSequenceNode" signature="(Ljava/lang/String;)Lorg/yaml/snakeyaml/nodes/Node;" line-rate="1.0" branch-rate="0.875">
							<lines>
								<line number="186" hits="22311" branch="false"/>
								<line number="187" hits="22311" branch="false"/>
								<line number="189" hits="22311" branch="false"/>
								<line number="190" hits="22311" branch="true" condition-coverage="75% (3/4)">
									<conditions>
										<condition number="0" type="jump" coverage="100%"/>
										<condition number="1" type="jump" coverage="50%"/>
									</conditions>
								</line>
								<line number="191" hits="21963" branch="false"/>
								<line number="192" hits="21963" branch="false"/>
								<line number="194" hits="348" branch="false"/>
								<line number="196" hits="22311" branch="false"/>
								<line number="198" hits="22311" branch="true" condition-coverage="100% (2/2)">
									<conditions>
										<condition number="0" type="jump" coverage="100%"/>
									</conditions>
								</line>
								<line number="199" hits="18" branch="false"/>
								<line number="201" hits="22311" branch="false"/>
								<line number="202" hits="74079" branch="true" condition-coverage="100% (2/2)">
									<conditions>
										<condition number="0" type="jump" coverage="100%"/>
									</conditions>
								</line>
								<line number="203" hits="51804" branch="false"/>
								<line number="204" hits="51768" branch="false"/>
								<line number="206" hits="22215" branch="false"/>
								<line number="207" hits="22215" branch="false"/>
								<line number="208" hits="22215" branch="false"/>
							</lines>
						</method>
						<method name="getNode" signature="()Lorg/yaml/snakeyaml/nodes/Node;" line-rate="0.6666666666666666" branch-rate="0.5">
							<lines>
								<line number="82" hits="1674" branch="true" condition-coverage="50% (1/2)">
									<conditions>
										<condition number="0" type="jump" coverage="50%"/>
									</conditions>
								</line>
								<line number="83" hits="1674" branch="false"/>
								<line number="85" hits="0" branch="false"/>
							</lines>
						</method>
						<method name="getSingleNode" signature="()Lorg/yaml/snakeyaml/nodes/Node;" line-rate="1.0" branch-rate="1.0">
							<lines>
								<line number="100" hits="22266" branch="false"/>
								<line number="102" hits="22266" branch="false"/>
								<line number="103" hits="22266" branch="true" condition-coverage="100% (2/2)">
									<conditions>
										<condition number="0" type="jump" coverage="100%"/>
									</conditions>
								</line>
								<line number="104" hits="22248" branch="false"/>
								<line number="107" hits="22254" branch="true" condition-coverage="100% (2/2)">
									<conditions>
										<condition number="0" type="jump" coverage="100%"/>
									</conditions>
								</line>
								<line number="108" hits="12" branch="false"/>
								<line number="109" hits="12" branch="false"/>
								<line number="113" hits="22242" branch="false"/>
								<line number="114" hits="22242" branch="false"/>
							</lines>
						</method>
					</methods>
					<lines>
						<line number="53" hits="23847" branch="false"/>
						<line number="54" hits="23847" branch="false"/>
						<line number="55" hits="23847" branch="false"/>
						<line number="56" hits="23847" branch="false"/>
						<line number="57" hits="23847" branch="false"/>
						<line number="58" hits="23847" branch="false"/>
						<line number="67" hits="3372" branch="true" condition-coverage="100% (2/2)">
							<conditions>
								<condition number="0" type="jump" coverage="100%"/>
							</conditions>
						</line>
						<line number="68" hits="1578" branch="false"/>
						<line number="71" hits="3360" branch="true" condition-coverage="100% (2/2)">
							<conditions>
								<condition number="0" type="jump" coverage="100%"/>
							</conditions>
						</line>
						<line number="82" hits="1674" branch="true" condition-coverage="50% (1/2)">
							<conditions>
								<condition number="0" type="jump" coverage="50%"/>
							</conditions>
						</line>
						<line number="83" hits="1674" branch="false"/>
						<line number="85" hits="0" branch="false"/>
						<line number="100" hits="22266" branch="false"/>
						<line number="102" hits="22266" branch="false"/>
						<line number="103" hits="22266" branch="true" condition-coverage="100% (2/2)">
							<conditions>
								<condition number="0" type="jump" coverage="100%"/>
							</conditions>
						</line>
						<line number="104" hits="22248" branch="false"/>
						<line number="107" hits="22254" branch="true" condition-coverage="100% (2/2)">
							<conditions>
								<condition number="0" type="jump" coverage="100%"/>
							</conditions>
						</line>
						<line number="108" hits="12" branch="false"/>
						<line number="109" hits="12" branch="false"/>
						<line number="113" hits="22242" branch="false"/>
						<line number="114" hits="22242" branch="false"/>
						<line number="119" hits="23922" branch="false"/>
						<line number="121" hits="23922" branch="false"/>
[...]
								<line number="36" hits="2516631" branch="false"/>
								<line number="37" hits="2516631" branch="false"/>
								<line number="38" hits="2516631" branch="false"/>
							</lines>
						</method>
						<method name="equals" signature="(Ljava/lang/Object;)Z" line-rate="1.0" branch-rate="1.0">
							<lines>
								<line number="71" hits="27" branch="true" condition-coverage="100% (2/2)">
									<conditions>
										<condition number="0" type="jump" coverage="100%"/>
									</conditions>
								</line>
								<line number="72" hits="24" branch="false"/>
								<line number="74" hits="3" branch="false"/>
							</lines>
						</method>
						<method name="getArguments" signature="()Ljava/lang/String;" line-rate="1.0" branch-rate="1.0">
							<lines>
								<line number="56" hits="39" branch="false"/>
							</lines>
						</method>
						<method name="getEndMark" signature="()Lorg/yaml/snakeyaml/error/Mark;" line-rate="1.0" branch-rate="1.0">
							<lines>
								<line number="49" hits="1278969" branch="false"/>
							</lines>
						</method>
						<method name="getStartMark" signature="()Lorg/yaml/snakeyaml/error/Mark;" line-rate="1.0" branch-rate="1.0">
							<lines>
								<line number="45" hits="1646907" branch="false"/>
							</lines>
						</method>
						<method name="toString" signature="()Ljava/lang/String;" line-rate="1.0" branch-rate="1.0">
							<lines>
								<line number="41" hits="48" branch="false"/>
							</lines>
						</method>
					</methods>
					<lines>
						<line number="32" hits="2516637" branch="false"/>
						<line number="33" hits="2516637" branch="true" condition-coverage="100% (4/4)">
							<conditions>
								<condition number="0" type="jump" coverage="100%"/>
								<condition number="1" type="jump" coverage="100%"/>
							</conditions>
						</line>
						<line number="34" hits="6" branch="false"/>
						<line number="36" hits="2516631" branch="false"/>
						<line number="37" hits="2516631" branch="false"/>
						<line number="38" hits="2516631" branch="false"/>
						<line number="41" hits="48" branch="false"/>
						<line number="45" hits="1646907" branch="false"/>
						<line number="49" hits="1278969" branch="false"/>
						<line number="56" hits="39" branch="false"/>
						<line number="71" hits="27" branch="true" condition-coverage="100% (2/2)">
							<conditions>
								<condition number="0" type="jump" coverage="100%"/>
							</conditions>
						</line>
						<line number="72" hits="24" branch="false"/>
						<line number="74" hits="3" branch="false"/>
					</lines>
				</class>
				<class name="org.yaml.snakeyaml.tokens.Token$ID" filename="org/yaml/snakeyaml/tokens/Token.java" line-rate="1.0" branch-rate="1.0" complexity="0.0">
					<methods>
						<method name="&lt;clinit&gt;" signature="()V" line-rate="1.0" branch-rate="1.0">
							<lines>
								<line number="25" hits="63" branch="false"/>
								<line number="26" hits="3" branch="false"/>
							</lines>
						</method>
						<method name="&lt;init&gt;" signature="(Ljava/lang/String;I)V" line-rate="1.0" branch-rate="1.0">
							<lines>
							</lines>
						</method>
						<method name="valueOf" signature="(Ljava/lang/String;)Lorg/yaml/snakeyaml/tokens/Token$ID;" line-rate="1.0" branch-rate="1.0">
							<lines>
							</lines>
						</method>
						<method name="values" signature="()[Lorg/yaml/snakeyaml/tokens/Token$ID;" line-rate="1.0" branch-rate="1.0">
							<lines>
							</lines>
						</method>
					</methods>
					<lines>
						<line number="25" hits="63" branch="false"/>
						<line number="26" hits="3" branch="false"/>
					</lines>
				</class>
				<class name="org.yaml.snakeyaml.tokens.ValueToken" filename="org/yaml/snakeyaml/tokens/ValueToken.java" line-rate="1.0" branch-rate="1.0" complexity="0.0">
					<methods>
						<method name="&lt;init&gt;" signature="(Lorg/yaml/snakeyaml/error/Mark;Lorg/yaml/snakeyaml/error/Mark;)V" line-rate="1.0" branch-rate="1.0">
							<lines>
								<line number="26" hits="505386" branch="false"/>
								<line number="27" hits="505386" branch="false"/>
							</lines>
						</method>
						<method name="getTokenId" signature="()Lorg/yaml/snakeyaml/tokens/Token$ID;" line-rate="1.0" branch-rate="1.0">
							<lines>
								<line number="31" hits="504357" branch="false"/>
							</lines>
						</method>
					</methods>
					<lines>
						<line number="26" hits="505386" branch="false"/>
						<line number="27" hits="505386" branch="false"/>
						<line number="31" hits="504357" branch="false"/>
					</lines>
				</class>
			</classes>
		</package>
		<package name="org.yaml.snakeyaml.util" line-rate="0.9625" branch-rate="0.7857142857142857" complexity="6.5">
			<classes>
				<class name="org.yaml.snakeyaml.util.ArrayStack" filename="org/yaml/snakeyaml/util/ArrayStack.java" line-rate="1.0" branch-rate="1.0" complexity="0.0">
					<methods>
						<method name="&lt;init&gt;" signature="(I)V" line-rate="1.0" branch-rate="1.0">
							<lines>
								<line number="23" hits="108468" branch="false"/>
								<line number="24" hits="108468" branch="false"/>
								<line number="25" hits="108468" branch="false"/>
							</lines>
						</method>
						<method name="clear" signature="()V" line-rate="1.0" branch-rate="1.0">
							<lines>
								<line number="40" hits="3" branch="false"/>
								<line number="41" hits="3" branch="false"/>
							</lines>
						</method>
						<method name="isEmpty" signature="()Z" line-rate="1.0" branch-rate="1.0">
							<lines>
								<line number="36" hits="61539" branch="false"/>
							</lines>
						</method>
						<method name="pop" signature="()Ljava/lang/Object;" line-rate="1.0" branch-rate="1.0">
							<lines>
								<line number="32" hits="1474089" branch="false"/>
							</lines>
						</method>
						<method name="push" signature="(Ljava/lang/Object;)V" line-rate="1.0" branch-rate="1.0">
							<lines>
								<line number="28" hits="1474608" branch="false"/>
								<line number="29" hits="1474608" branch="false"/>
							</lines>
						</method>
					</methods>
					<lines>
						<line number="23" hits="108468" branch="false"/>
						<line number="24" hits="108468" branch="false"/>
						<line number="25" hits="108468" branch="false"/>
						<line number="28" hits="1474608" branch="false"/>
						<line number="29" hits="1474608" branch="false"/>
						<line number="32" hits="1474089" branch="false"/>
						<line number="36" hits="61539" branch="false"/>
						<line number="40" hits="3" branch="false"/>
						<line number="41" hits="3" branch="false"/>
					</lines>
				</class>
				<class name="org.yaml.snakeyaml.util.Base64Coder" filename="org/yaml/snakeyaml/util/Base64Coder.java" line-rate="0.9577464788732394" branch-rate="0.7857142857142857" complexity="6.5">
					<methods>
						<method name="&lt;clinit&gt;" signature="()V" line-rate="1.0" branch-rate="1.0">
							<lines>
								<line number="22" hits="3" branch="false"/>
								<line number="24" hits="3" branch="false"/>
								<line number="25" hits="81" branch="false"/>
								<line number="26" hits="78" branch="false"/>
								<line number="27" hits="81" branch="false"/>
								<line number="28" hits="78" branch="false"/>
								<line number="29" hits="33" branch="false"/>
								<line number="30" hits="30" branch="false"/>
								<line number="31" hits="3" branch="false"/>
								<line number="32" hits="3" branch="false"/>
								<line number="36" hits="3" branch="false"/>
								<line number="38" hits="387" branch="false"/>
								<line number="39" hits="384" branch="false"/>
								<line number="40" hits="195" branch="false"/>
								<line number="41" hits="192" branch="false"/>
								<line number="42" hits="3" branch="false"/>
							</lines>
						</method>
						<method name="&lt;init&gt;" signature="()V" line-rate="0.0" branch-rate="1.0">
							<lines>
								<line number="20" hits="0" branch="false"/>
							</lines>
						</method>
						<method name="decode" signature="([C)[B" line-rate="0.9375" branch-rate="0.71875">
							<lines>
								<line number="88" hits="39" branch="false"/>
								<line number="89" hits="39" branch="true" condition-coverage="100% (2/2)">
									<conditions>
										<condition number="0" type="jump" coverage="100%"/>
									</conditions>
								</line>
								<line number="90" hits="6" branch="false"/>
								<line number="91" hits="72" branch="true" condition-coverage="75% (3/4)">
									<conditions>
										<condition number="0" type="jump" coverage="50%"/>
										<condition number="1" type="jump" coverage="100%"/>
									</conditions>
								</line>
								<line number="92" hits="39" branch="false"/>
								<line number="93" hits="33" branch="false"/>
								<line number="94" hits="33" branch="false"/>
								<line number="95" hits="33" branch="false"/>
								<line number="96" hits="33" branch="false"/>
								<line number="97" hits="723" branch="true" condition-coverage="100% (2/2)">
									<conditions>
										<condition number="0" type="jump" coverage="100%"/>
									</conditions>
								</line>
								<line number="98" hits="690" branch="false"/>
								<line number="99" hits="690" branch="false"/>
								<line number="100" hits="690" branch="true" condition-coverage="100% (2/2)">
									<conditions>
										<condition number="0" type="jump" coverage="100%"/>
									</conditions>
								</line>
								<line number="101" hits="690" branch="true" condition-coverage="100% (2/2)">
									<conditions>
										<condition number="0" type="jump" coverage="100%"/>
									</conditions>
								</line>
								<line number="102" hits="690" branch="true" condition-coverage="50% (4/8)">
									<conditions>
										<condition number="0" type="jump" coverage="50%"/>
										<condition number="1" type="jump" coverage="50%"/>
										<condition number="2" type="jump" coverage="50%"/>
										<condition number="3" type="jump" coverage="50%"/>
									</conditions>
								</line>
								<line number="103" hits="0" branch="false"/>
								<line number="104" hits="690" branch="false"/>
								<line number="105" hits="690" branch="false"/>
								<line number="106" hits="690" branch="false"/>
								<line number="107" hits="690" branch="false"/>
								<line number="108" hits="690" branch="true" condition-coverage="50% (4/8)">
									<conditions>
										<condition number="0" type="jump" coverage="50%"/>
										<condition number="1" type="jump" coverage="50%"/>
										<condition number="2" type="jump" coverage="50%"/>
										<condition number="3" type="jump" coverage="50%"/>
									</conditions>
								</line>
								<line number="109" hits="0" branch="false"/>
								<line number="110" hits="690" branch="false"/>
								<line number="111" hits="690" branch="false"/>
								<line number="112" hits="690" branch="false"/>
								<line number="113" hits="690" branch="false"/>
								<line number="114" hits="690" branch="true" condition-coverage="100% (2/2)">
									<conditions>
										<condition number="0" type="jump" coverage="100%"/>
									</conditions>
								</line>
								<line number="115" hits="681" branch="false"/>
								<line number="116" hits="690" branch="true" condition-coverage="100% (2/2)">
									<conditions>
										<condition number="0" type="jump" coverage="100%"/>
									</conditions>
								</line>
								<line number="117" hits="660" branch="false"/>
								<line number="118" hits="690" branch="false"/>
								<line number="119" hits="33" branch="false"/>
							</lines>
						</method>
						<method name="encode" signature="([B)[C" line-rate="1.0" branch-rate="1.0">
							<lines>
								<line number="53" hits="21" branch="false"/>
								<line number="54" hits="21" branch="false"/>
								<line number="55" hits="21" branch="false"/>
								<line number="56" hits="21" branch="false"/>
								<line number="57" hits="21" branch="false"/>
								<line number="58" hits="21" branch="false"/>
								<line number="59" hits="228" branch="true" condition-coverage="100% (2/2)">
									<conditions>
										<condition number="0" type="jump" coverage="100%"/>
									</conditions>
								</line>
								<line number="60" hits="207" branch="false"/>
								<line number="61" hits="207" branch="true" condition-coverage="100% (2/2)">
									<conditions>
										<condition number="0" type="jump" coverage="100%"/>
									</conditions>
								</line>
								<line number="62" hits="207" branch="true" condition-coverage="100% (2/2)">
									<conditions>
										<condition number="0" type="jump" coverage="100%"/>
									</conditions>
								</line>
								<line number="63" hits="207" branch="false"/>
								<line number="64" hits="207" branch="false"/>
								<line number="65" hits="207" branch="false"/>
								<line number="66" hits="207" branch="false"/>
								<line number="67" hits="207" branch="false"/>
								<line number="68" hits="207" branch="false"/>
								<line number="69" hits="207" branch="true" condition-coverage="100% (2/2)">
									<conditions>
										<condition number="0" type="jump" coverage="100%"/>
									</conditions>
								</line>
								<line number="70" hits="207" branch="false"/>
								<line number="71" hits="207" branch="true" condition-coverage="100% (2/2)">
									<conditions>
										<condition number="0" type="jump" coverage="100%"/>
									</conditions>
								</line>
								<line number="72" hits="207" branch="false"/>
								<line number="73" hits="207" branch="false"/>
								<line number="74" hits="21" branch="false"/>
							</lines>
						</method>
					</methods>
					<lines>
						<line number="20" hits="0" branch="false"/>
						<line number="22" hits="3" branch="false"/>
						<line number="24" hits="3" branch="false"/>
						<line number="25" hits="81" branch="false"/>
						<line number="26" hits="78" branch="false"/>
						<line number="27" hits="81" branch="false"/>
						<line number="28" hits="78" branch="false"/>
						<line number="29" hits="33" branch="false"/>
						<line number="30" hits="30" branch="false"/>
						<line number="31" hits="3" branch="false"/>
						<line number="32" hits="3" branch="false"/>
						<line number="36" hits="3" branch="false"/>
						<line number="38" hits="387" branch="false"/>
						<line number="39" hits="384" branch="false"/>
						<line number="40" hits="195" branch="false"/>
						<line number="41" hits="192" branch="false"/>
						<line number="42" hits="3" branch="false"/>
						<line number="53" hits="21" branch="false"/>
						<line number="54" hits="21" branch="false"/>
						<line number="55" hits="21" branch="false"/>
						<line number="56" hits="21" branch="false"/>
						<line number="57" hits="21" branch="false"/>
						<line number="58" hits="21" branch="false"/>
						<line number="59" hits="228" branch="true" condition-coverage="100% (2/2)">
							<conditions>
								<condition number="0" type="jump" coverage="100%"/>
							</conditions>
						</line>
						<line number="60" hits="207" branch="false"/>
						<line number="61" hits="207" branch="true" condition-coverage="100% (2/2)">
							<conditions>
								<condition number="0" type="jump" coverage="100%"/>
							</conditions>
						</line>
						<line number="62" hits="207" branch="true" condition-coverage="100% (2/2)">
							<conditions>
								<condition number="0" type="jump" coverage="100%"/>
							</conditions>
						</line>
						<line number="63" hits="207" branch="false"/>
						<line number="64" hits="207" branch="false"/>
						<line number="65" hits="207" branch="false"/>
						<line number="66" hits="207" branch="false"/>
						<line number="67" hits="207" branch="false"/>
						<line number="68" hits="207" branch="false"/>
						<line number="69" hits="207" branch="true" condition-coverage="100% (2/2)">
							<conditions>
								<condition number="0" type="jump" coverage="100%"/>
							</conditions>
						</line>
						<line number="70" hits="207" branch="false"/>
						<line number="71" hits="207" branch="true" condition-coverage="100% (2/2)">
							<conditions>
								<condition number="0" type="jump" coverage="100%"/>
							</conditions>
						</line>
						<line number="72" hits="207" branch="false"/>
						<line number="73" hits="207" branch="false"/>
						<line number="74" hits="21" branch="false"/>
						<line number="88" hits="39" branch="false"/>
						<line number="89" hits="39" branch="true" condition-coverage="100% (2/2)">
							<conditions>
								<condition number="0" type="jump" coverage="100%"/>
							</conditions>
						</line>
						<line number="90" hits="6" branch="false"/>
						<line number="91" hits="72" branch="true" condition-coverage="75% (3/4)">
							<conditions>
								<condition number="0" type="jump" coverage="50%"/>
								<condition number="1" type="jump" coverage="100%"/>
							</conditions>
						</line>
						<line number="92" hits="39" branch="false"/>
						<line number="93" hits="33" branch="false"/>
						<line number="94" hits="33" branch="false"/>
						<line number="95" hits="33" branch="false"/>
						<line number="96" hits="33" branch="false"/>
						<line number="97" hits="723" branch="true" condition-coverage="100% (2/2)">
							<conditions>
								<condition number="0" type="jump" coverage="100%"/>
							</conditions>
						</line>
						<line number="98" hits="690" branch="false"/>
						<line number="99" hits="690" branch="false"/>
						<line number="100" hits="690" branch="true" condition-coverage="100% (2/2)">
							<conditions>
								<condition number="0" type="jump" coverage="100%"/>
							</conditions>
						</line>
						<line number="101" hits="690" branch="true" condition-coverage="100% (2/2)">
							<conditions>
								<condition number="0" type="jump" coverage="100%"/>
							</conditions>
						</line>
						<line number="102" hits="690" branch="true" condition-coverage="50% (4/8)">
							<conditions>
								<condition number="0" type="jump" coverage="50%"/>
								<condition number="1" type="jump" coverage="50%"/>
								<condition number="2" type="jump" coverage="50%"/>
								<condition number="3" type="jump" coverage="50%"/>
							</conditions>
						</line>
						<line number="103" hits="0" branch="false"/>
						<line number="104" hits="690" branch="false"/>
						<line number="105" hits="690" branch="false"/>
						<line number="106" hits="690" branch="false"/>
						<line number="107" hits="690" branch="false"/>
						<line number="108" hits="690" branch="true" condition-coverage="50% (4/8)">
							<conditions>
								<condition number="0" type="jump" coverage="50%"/>
								<condition number="1" type="jump" coverage="50%"/>
								<condition number="2" type="jump" coverage="50%"/>
								<condition number="3" type="jump" coverage="50%"/>
							</conditions>
						</line>
						<line number="109" hits="0" branch="false"/>
						<line number="110" hits="690" branch="false"/>
						<line number="111" hits="690" branch="false"/>
						<line number="112" hits="690" branch="false"/>
						<line number="113" hits="690" branch="false"/>
						<line number="114" hits="690" branch="true" condition-coverage="100% (2/2)">
							<conditions>
								<condition number="0" type="jump" coverage="100%"/>
							</conditions>
						</line>
						<line number="115" hits="681" branch="false"/>
						<line number="116" hits="690" branch="true" condition-coverage="100% (2/2)">
							<conditions>
								<condition number="0" type="jump" coverage="100%"/>
							</conditions>
						</line>
						<line number="117" hits="660" branch="false"/>
						<line number="118" hits="690" branch="false"/>
						<line number="119" hits="33" branch="false"/>
					</lines>
				</class>
			</classes>
		</package>
	</packages>
</coverage>
