<?xml version="1.0"?>
<!DOCTYPE coverage SYSTEM "http://cobertura.sourceforge.net/xml/coverage-03.dtd">

<coverage line-rate="0.981118716072693" branch-rate="0.9367319071461083" version="1.9" timestamp="1256919275049">
	<sources>
		<source>--source</source>
		<source>/home/somov/instantyaml-workspace/snakeyaml/src/main/java</source>
	</sources>
	<packages>
		<package name="org.yaml.snakeyaml" line-rate="0.9828767123287672" branch-rate="1.0" complexity="0.0">
			<classes>
				<class name="org.yaml.snakeyaml.Dumper" filename="org/yaml/snakeyaml/Dumper.java" line-rate="1.0" branch-rate="1.0" complexity="0.0">
					<methods>
						<method name="&lt;init&gt;" signature="(Lorg/yaml/snakeyaml/DumperOptions;)V" line-rate="1.0" branch-rate="1.0">
							<lines>
								<line number="43" hits="3581" branch="false"/>
								<line number="44" hits="3581" branch="false"/>
							</lines>
						</method>
						<method name="&lt;init&gt;" signature="(Lorg/yaml/snakeyaml/representer/Representer;Lorg/yaml/snakeyaml/DumperOptions;)V" line-rate="1.0" branch-rate="1.0">
							<lines>
								<line number="33" hits="3629" branch="false"/>
								<line number="35" hits="3629" branch="false"/>
								<line number="36" hits="3629" branch="false"/>
								<line number="37" hits="3629" branch="false"/>
								<line number="38" hits="3629" branch="false"/>
								<line number="39" hits="3629" branch="false"/>
								<line number="40" hits="3629" branch="false"/>
							</lines>
						</method>
						<method name="dump" signature="(Ljava/util/Iterator;Ljava/io/Writer;Lorg/yaml/snakeyaml/resolver/Resolver;)V" line-rate="1.0" branch-rate="1.0">
							<lines>
								<line number="47" hits="235" branch="false"/>
								<line number="49" hits="235" branch="false"/>
								<line number="50" hits="470" branch="true" condition-coverage="100% (2/2)">
									<conditions>
										<condition number="0" type="jump" coverage="100%"/>
									</conditions>
								</line>
								<line number="51" hits="241" branch="false"/>
								<line number="53" hits="229" branch="false"/>
								<line number="54" hits="2" branch="false"/>
								<line number="55" hits="2" branch="false"/>
								<line number="56" hits="229" branch="false"/>
								<line number="57" hits="229" branch="false"/>
							</lines>
						</method>
						<method name="setAttached" signature="()V" line-rate="1.0" branch-rate="1.0">
							<lines>
								<line number="63" hits="3601" branch="true" condition-coverage="100% (2/2)">
									<conditions>
										<condition number="0" type="jump" coverage="100%"/>
									</conditions>
								</line>
								<line number="64" hits="3600" branch="false"/>
								<line number="66" hits="1" branch="false"/>
								<line number="68" hits="3600" branch="false"/>
							</lines>
						</method>
					</methods>
					<lines>
						<line number="33" hits="3629" branch="false"/>
						<line number="35" hits="3629" branch="false"/>
						<line number="36" hits="3629" branch="false"/>
						<line number="37" hits="3629" branch="false"/>
						<line number="38" hits="3629" branch="false"/>
						<line number="39" hits="3629" branch="false"/>
						<line number="40" hits="3629" branch="false"/>
						<line number="43" hits="3581" branch="false"/>
						<line number="44" hits="3581" branch="false"/>
						<line number="47" hits="235" branch="false"/>
						<line number="49" hits="235" branch="false"/>
						<line number="50" hits="470" branch="true" condition-coverage="100% (2/2)">
							<conditions>
								<condition number="0" type="jump" coverage="100%"/>
							</conditions>
						</line>
						<line number="51" hits="241" branch="false"/>
						<line number="53" hits="229" branch="false"/>
						<line number="54" hits="2" branch="false"/>
						<line number="55" hits="2" branch="false"/>
						<line number="56" hits="229" branch="false"/>
						<line number="57" hits="229" branch="false"/>
						<line number="63" hits="3601" branch="true" condition-coverage="100% (2/2)">
							<conditions>
								<condition number="0" type="jump" coverage="100%"/>
							</conditions>
						</line>
						<line number="64" hits="3600" branch="false"/>
						<line number="66" hits="1" branch="false"/>
						<line number="68" hits="3600" branch="false"/>
					</lines>
				</class>
				<class name="org.yaml.snakeyaml.DumperOptions" filename="org/yaml/snakeyaml/DumperOptions.java" line-rate="1.0" branch-rate="1.0" complexity="0.0">
					<methods>
						<method name="&lt;init&gt;" signature="()V" line-rate="1.0" branch-rate="1.0">
							<lines>
								<line number="26" hits="5750" branch="false"/>
								<line number="135" hits="5750" branch="false"/>
								<line number="136" hits="5750" branch="false"/>
								<line number="137" hits="5750" branch="false"/>
								<line number="138" hits="5750" branch="false"/>
								<line number="139" hits="5750" branch="false"/>
								<line number="140" hits="5750" branch="false"/>
								<line number="141" hits="5750" branch="false"/>
								<line number="142" hits="5750" branch="false"/>
								<line number="143" hits="5750" branch="false"/>
								<line number="144" hits="5750" branch="false"/>
								<line number="145" hits="5750" branch="false"/>
								<line number="146" hits="5750" branch="false"/>
							</lines>
						</method>
						<method name="getDefaultFlowStyle" signature="()Lorg/yaml/snakeyaml/DumperOptions$FlowStyle;" line-rate="1.0" branch-rate="1.0">
							<lines>
								<line number="247" hits="3629" branch="false"/>
							</lines>
						</method>
						<method name="getDefaultScalarStyle" signature="()Lorg/yaml/snakeyaml/DumperOptions$ScalarStyle;" line-rate="1.0" branch-rate="1.0">
							<lines>
								<line number="165" hits="3629" branch="false"/>
							</lines>
						</method>
						<method name="getExplicitRoot" signature="()Ljava/lang/String;" line-rate="1.0" branch-rate="1.0">
							<lines>
								<line number="251" hits="242" branch="false"/>
							</lines>
						</method>
						<method name="getIndent" signature="()I" line-rate="1.0" branch-rate="1.0">
							<lines>
								<line number="193" hits="7071" branch="false"/>
							</lines>
						</method>
						<method name="getLineBreak" signature="()Lorg/yaml/snakeyaml/DumperOptions$LineBreak;" line-rate="1.0" branch-rate="1.0">
							<lines>
								<line number="236" hits="2357" branch="false"/>
							</lines>
						</method>
						<method name="getTags" signature="()Ljava/util/Map;" line-rate="1.0" branch-rate="1.0">
							<lines>
								<line number="295" hits="242" branch="false"/>
							</lines>
						</method>
						<method name="getVersion" signature="()Lorg/yaml/snakeyaml/DumperOptions$Version;" line-rate="1.0" branch-rate="1.0">
							<lines>
								<line number="201" hits="244" branch="false"/>
							</lines>
						</method>
						<method name="getWidth" signature="()I" line-rate="1.0" branch-rate="1.0">
							<lines>
								<line number="232" hits="4714" branch="false"/>
							</lines>
						</method>
						<method name="isAllowUnicode" signature="()Z" line-rate="1.0" branch-rate="1.0">
							<lines>
								<line number="149" hits="2357" branch="false"/>
							</lines>
						</method>
						<method name="isCanonical" signature="()Z" line-rate="1.0" branch-rate="1.0">
							<lines>
								<line number="216" hits="2357" branch="false"/>
							</lines>
						</method>
						<method name="isExplicitEnd" signature="()Z" line-rate="1.0" branch-rate="1.0">
							<lines>
								<line number="287" hits="242" branch="false"/>
							</lines>
						</method>
						<method name="isExplicitStart" signature="()Z" line-rate="1.0" branch-rate="1.0">
							<lines>
								<line number="279" hits="242" branch="false"/>
							</lines>
						</method>
						<method name="setAllowUnicode" signature="(Z)V" line-rate="1.0" branch-rate="1.0">
							<lines>
								<line number="161" hits="1" branch="false"/>
								<line number="162" hits="1" branch="false"/>
							</lines>
						</method>
						<method name="setCanonical" signature="(Z)V" line-rate="1.0" branch-rate="1.0">
							<lines>
								<line number="212" hits="278" branch="false"/>
								<line number="213" hits="278" branch="false"/>
							</lines>
						</method>
						<method name="setDefaultFlowStyle" signature="(Lorg/yaml/snakeyaml/DumperOptions$FlowStyle;)V" line-rate="1.0" branch-rate="1.0">
							<lines>
								<line number="240" hits="48" branch="true" condition-coverage="100% (2/2)">
									<conditions>
										<condition number="0" type="jump" coverage="100%"/>
									</conditions>
								</line>
								<line number="241" hits="1" branch="false"/>
								<line number="243" hits="47" branch="false"/>
								<line number="244" hits="47" branch="false"/>
							</lines>
						</method>
						<method name="setDefaultScalarStyle" signature="(Lorg/yaml/snakeyaml/DumperOptions$ScalarStyle;)V" line-rate="1.0" branch-rate="1.0">
							<lines>
								<line number="176" hits="20" branch="true" condition-coverage="100% (2/2)">
									<conditions>
										<condition number="0" type="jump" coverage="100%"/>
									</conditions>
								</line>
								<line number="177" hits="1" branch="false"/>
								<line number="179" hits="19" branch="false"/>
								<line number="180" hits="19" branch="false"/>
							</lines>
						</method>
						<method name="setExplicitEnd" signature="(Z)V" line-rate="1.0" branch-rate="1.0">
							<lines>
								<line number="291" hits="6" branch="false"/>
								<line number="292" hits="6" branch="false"/>
							</lines>
						</method>
						<method name="setExplicitRoot" signature="(Ljava/lang/String;)V" line-rate="1.0" branch-rate="1.0">
							<lines>
								<line number="260" hits="30" branch="true" condition-coverage="100% (2/2)">
									<conditions>
										<condition number="0" type="jump" coverage="100%"/>
									</conditions>
								</line>
								<line number="261" hits="1" branch="false"/>
								<line number="263" hits="29" branch="false"/>
								<line number="264" hits="29" branch="false"/>
							</lines>
						</method>
						<method name="setExplicitStart" signature="(Z)V" line-rate="1.0" branch-rate="1.0">
							<lines>
								<line number="283" hits="8" branch="false"/>
								<line number="284" hits="8" branch="false"/>
							</lines>
						</method>
						<method name="setIndent" signature="(I)V" line-rate="1.0" branch-rate="1.0">
							<lines>
								<line number="183" hits="7" branch="true" condition-coverage="100% (2/2)">
									<conditions>
										<condition number="0" type="jump" coverage="100%"/>
									</conditions>
								</line>
								<line number="184" hits="2" branch="false"/>
								<line number="186" hits="5" branch="true" condition-coverage="100% (2/2)">
									<conditions>
										<condition number="0" type="jump" coverage="100%"/>
									</conditions>
								</line>
								<line number="187" hits="1" branch="false"/>
								<line number="189" hits="4" branch="false"/>
								<line number="190" hits="4" branch="false"/>
							</lines>
						</method>
						<method name="setLineBreak" signature="(Lorg/yaml/snakeyaml/DumperOptions$LineBreak;)V" line-rate="1.0" branch-rate="1.0">
							<lines>
								<line number="272" hits="3" branch="true" condition-coverage="100% (2/2)">
									<conditions>
										<condition number="0" type="jump" coverage="100%"/>
									</conditions>
								</line>
								<line number="273" hits="1" branch="false"/>
								<line number="275" hits="2" branch="false"/>
								<line number="276" hits="2" branch="false"/>
							</lines>
						</method>
						<method name="setTags" signature="(Ljava/util/Map;)V" line-rate="1.0" branch-rate="1.0">
							<lines>
								<line number="299" hits="1" branch="false"/>
								<line number="300" hits="1" branch="false"/>
							</lines>
						</method>
						<method name="setVersion" signature="(Lorg/yaml/snakeyaml/DumperOptions$Version;)V" line-rate="1.0" branch-rate="1.0">
							<lines>
								<line number="197" hits="2" branch="false"/>
								<line number="198" hits="2" branch="false"/>
							</lines>
						</method>
						<method name="setWidth" signature="(I)V" line-rate="1.0" branch-rate="1.0">
							<lines>
								<line number="228" hits="1" branch="false"/>
								<line number="229" hits="1" branch="false"/>
							</lines>
						</method>
					</methods>
					<lines>
						<line number="26" hits="5750" branch="false"/>
						<line number="135" hits="5750" branch="false"/>
						<line number="136" hits="5750" branch="false"/>
						<line number="137" hits="5750" branch="false"/>
						<line number="138" hits="5750" branch="false"/>
						<line number="139" hits="5750" branch="false"/>
						<line number="140" hits="5750" branch="false"/>
						<line number="141" hits="5750" branch="false"/>
						<line number="142" hits="5750" branch="false"/>
						<line number="143" hits="5750" branch="false"/>
						<line number="144" hits="5750" branch="false"/>
						<line number="145" hits="5750" branch="false"/>
						<line number="146" hits="5750" branch="false"/>
						<line number="149" hits="2357" branch="false"/>
						<line number="161" hits="1" branch="false"/>
						<line number="162" hits="1" branch="false"/>
						<line number="165" hits="3629" branch="false"/>
						<line number="176" hits="20" branch="true" condition-coverage="100% (2/2)">
							<conditions>
								<condition number="0" type="jump" coverage="100%"/>
							</conditions>
						</line>
						<line number="177" hits="1" branch="false"/>
						<line number="179" hits="19" branch="false"/>
						<line number="180" hits="19" branch="false"/>
						<line number="183" hits="7" branch="true" condition-coverage="100% (2/2)">
							<conditions>
								<condition number="0" type="jump" coverage="100%"/>
							</conditions>
						</line>
						<line number="184" hits="2" branch="false"/>
						<line number="186" hits="5" branch="true" condition-coverage="100% (2/2)">
							<conditions>
								<condition number="0" type="jump" coverage="100%"/>
							</conditions>
						</line>
						<line number="187" hits="1" branch="false"/>
						<line number="189" hits="4" branch="false"/>
						<line number="190" hits="4" branch="false"/>
						<line number="193" hits="7071" branch="false"/>
						<line number="197" hits="2" branch="false"/>
						<line number="198" hits="2" branch="false"/>
						<line number="201" hits="244" branch="false"/>
						<line number="212" hits="278" branch="false"/>
						<line number="213" hits="278" branch="false"/>
						<line number="216" hits="2357" branch="false"/>
						<line number="228" hits="1" branch="false"/>
						<line number="229" hits="1" branch="false"/>
						<line number="232" hits="4714" branch="false"/>
						<line number="236" hits="2357" branch="false"/>
						<line number="240" hits="48" branch="true" condition-coverage="100% (2/2)">
							<conditions>
								<condition number="0" type="jump" coverage="100%"/>
							</conditions>
						</line>
						<line number="241" hits="1" branch="false"/>
						<line number="243" hits="47" branch="false"/>
						<line number="244" hits="47" branch="false"/>
						<line number="247" hits="3629" branch="false"/>
						<line number="251" hits="242" branch="false"/>
						<line number="260" hits="30" branch="true" condition-coverage="100% (2/2)">
							<conditions>
								<condition number="0" type="jump" coverage="100%"/>
							</conditions>
						</line>
						<line number="261" hits="1" branch="false"/>
						<line number="263" hits="29" branch="false"/>
						<line number="264" hits="29" branch="false"/>
						<line number="272" hits="3" branch="true" condition-coverage="100% (2/2)">
							<conditions>
								<condition number="0" type="jump" coverage="100%"/>
							</conditions>
						</line>
						<line number="273" hits="1" branch="false"/>
						<line number="275" hits="2" branch="false"/>
						<line number="276" hits="2" branch="false"/>
						<line number="279" hits="242" branch="false"/>
						<line number="283" hits="8" branch="false"/>
						<line number="284" hits="8" branch="false"/>
						<line number="287" hits="242" branch="false"/>
						<line number="291" hits="6" branch="false"/>
						<line number="292" hits="6" branch="false"/>
						<line number="295" hits="242" branch="false"/>
						<line number="299" hits="1" branch="false"/>
						<line number="300" hits="1" branch="false"/>
					</lines>
				</class>
				<class name="org.yaml.snakeyaml.DumperOptions$FlowStyle" filename="org/yaml/snakeyaml/DumperOptions.java" line-rate="1.0" branch-rate="1.0" complexity="0.0">
					<methods>
						<method name="&lt;clinit&gt;" signature="()V" line-rate="1.0" branch-rate="1.0">
							<lines>
								<line number="62" hits="1" branch="false"/>
								<line number="63" hits="1" branch="false"/>
							</lines>
						</method>
						<method name="&lt;init&gt;" signature="(Ljava/lang/String;ILjava/lang/Boolean;)V" line-rate="1.0" branch-rate="1.0">
							<lines>
								<line number="67" hits="3" branch="false"/>
								<line number="68" hits="3" branch="false"/>
								<line number="69" hits="3" branch="false"/>
							</lines>
						</method>
						<method name="getStyleBoolean" signature="()Ljava/lang/Boolean;" line-rate="1.0" branch-rate="1.0">
							<lines>
								<line number="72" hits="3629" branch="false"/>
							</lines>
						</method>
						<method name="toString" signature="()Ljava/lang/String;" line-rate="1.0" branch-rate="1.0">
							<lines>
								<line number="77" hits="1" branch="false"/>
							</lines>
						</method>
						<method name="valueOf" signature="(Ljava/lang/String;)Lorg/yaml/snakeyaml/DumperOptions$FlowStyle;" line-rate="1.0" branch-rate="1.0">
							<lines>
							</lines>
						</method>
						<method name="values" signature="()[Lorg/yaml/snakeyaml/DumperOptions$FlowStyle;" line-rate="1.0" branch-rate="1.0">
							<lines>
							</lines>
						</method>
					</methods>
					<lines>
						<line number="62" hits="1" branch="false"/>
						<line number="63" hits="1" branch="false"/>
						<line number="67" hits="3" branch="false"/>
						<line number="68" hits="3" branch="false"/>
						<line number="69" hits="3" branch="false"/>
						<line number="72" hits="3629" branch="false"/>
						<line number="77" hits="1" branch="false"/>
					</lines>
				</class>
				<class name="org.yaml.snakeyaml.DumperOptions$LineBreak" filename="org/yaml/snakeyaml/DumperOptions.java" line-rate="1.0" branch-rate="1.0" complexity="0.0">
					<methods>
						<method name="&lt;clinit&gt;" signature="()V" line-rate="1.0" branch-rate="1.0">
							<lines>
								<line number="84" hits="7" branch="false"/>
								<line number="85" hits="1" branch="false"/>
							</lines>
						</method>
						<method name="&lt;init&gt;" signature="(Ljava/lang/String;ILjava/lang/String;)V" line-rate="1.0" branch-rate="1.0">
							<lines>
								<line number="89" hits="3" branch="false"/>
								<line number="90" hits="3" branch="false"/>
								<line number="91" hits="3" branch="false"/>
							</lines>
						</method>
						<method name="getPlatformLineBreak" signature="()Lorg/yaml/snakeyaml/DumperOptions$LineBreak;" line-rate="1.0" branch-rate="1.0">
							<lines>
								<line number="103" hits="6" branch="false"/>
								<line number="104" hits="16" branch="true" condition-coverage="100% (2/2)">
									<conditions>
										<condition number="0" type="jump" coverage="100%"/>
									</conditions>
								</line>
								<line number="105" hits="15" branch="true" condition-coverage="100% (2/2)">
									<conditions>
										<condition number="0" type="jump" coverage="100%"/>
									</conditions>
								</line>
								<line number="106" hits="5" branch="false"/>
								<line number="109" hits="1" branch="false"/>
							</lines>
						</method>
						<method name="getString" signature="()Ljava/lang/String;" line-rate="1.0" branch-rate="1.0">
							<lines>
								<line number="94" hits="2365" branch="false"/>
							</lines>
						</method>
						<method name="toString" signature="()Ljava/lang/String;" line-rate="1.0" branch-rate="1.0">
							<lines>
								<line number="99" hits="1" branch="false"/>
							</lines>
						</method>
						<method name="valueOf" signature="(Ljava/lang/String;)Lorg/yaml/snakeyaml/DumperOptions$LineBreak;" line-rate="1.0" branch-rate="1.0">
							<lines>
							</lines>
						</method>
						<method name="values" signature="()[Lorg/yaml/snakeyaml/DumperOptions$LineBreak;" line-rate="1.0" branch-rate="1.0">
							<lines>
							</lines>
						</method>
					</methods>
					<lines>
						<line number="84" hits="7" branch="false"/>
						<line number="85" hits="1" branch="false"/>
						<line number="89" hits="3" branch="false"/>
						<line number="90" hits="3" branch="false"/>
						<line number="91" hits="3" branch="false"/>
						<line number="94" hits="2365" branch="false"/>
						<line number="99" hits="1" branch="false"/>
						<line number="103" hits="6" branch="false"/>
						<line number="104" hits="16" branch="true" condition-coverage="100% (2/2)">
							<conditions>
								<condition number="0" type="jump" coverage="100%"/>
							</conditions>
						</line>
						<line number="105" hits="15" branch="true" condition-coverage="100% (2/2)">
							<conditions>
								<condition number="0" type="jump" coverage="100%"/>
							</conditions>
						</line>
						<line number="106" hits="5" branch="false"/>
						<line number="109" hits="1" branch="false"/>
					</lines>
				</class>
				<class name="org.yaml.snakeyaml.DumperOptions$ScalarStyle" filename="org/yaml/snakeyaml/DumperOptions.java" line-rate="1.0" branch-rate="1.0" complexity="0.0">
					<methods>
						<method name="&lt;clinit&gt;" signature="()V" line-rate="1.0" branch-rate="1.0">
							<lines>
								<line number="36" hits="365" branch="false"/>
								<line number="37" hits="1" branch="false"/>
								<line number="38" hits="1" branch="false"/>
							</lines>
						</method>
						<method name="&lt;init&gt;" signature="(Ljava/lang/String;ILjava/lang/Character;)V" line-rate="1.0" branch-rate="1.0">
							<lines>
								<line number="41" hits="5" branch="false"/>
								<line number="42" hits="5" branch="false"/>
								<line number="43" hits="5" branch="false"/>
							</lines>
						</method>
						<method name="getChar" signature="()Ljava/lang/Character;" line-rate="1.0" branch-rate="1.0">
							<lines>
								<line number="46" hits="10409" branch="false"/>
							</lines>
						</method>
						<method name="toString" signature="()Ljava/lang/String;" line-rate="1.0" branch-rate="1.0">
							<lines>
								<line number="51" hits="1" branch="false"/>
							</lines>
						</method>
						<method name="valueOf" signature="(Ljava/lang/String;)Lorg/yaml/snakeyaml/DumperOptions$ScalarStyle;" line-rate="1.0" branch-rate="1.0">
							<lines>
							</lines>
						</method>
						<method name="values" signature="()[Lorg/yaml/snakeyaml/DumperOptions$ScalarStyle;" line-rate="1.0" branch-rate="1.0">
							<lines>
							</lines>
						</method>
					</methods>
					<lines>
						<line number="36" hits="365" branch="false"/>
						<line number="37" hits="1" branch="false"/>
						<line number="38" hits="1" branch="false"/>
						<line number="41" hits="5" branch="false"/>
						<line number="42" hits="5" branch="false"/>
						<line number="43" hits="5" branch="false"/>
						<line number="46" hits="10409" branch="false"/>
						<line number="51" hits="1" branch="false"/>
					</lines>
				</class>
				<class name="org.yaml.snakeyaml.DumperOptions$Version" filename="org/yaml/snakeyaml/DumperOptions.java" line-rate="1.0" branch-rate="1.0" complexity="0.0">
					<methods>
						<method name="&lt;clinit&gt;" signature="()V" line-rate="1.0" branch-rate="1.0">
							<lines>
								<line number="116" hits="1" branch="false"/>
								<line number="117" hits="1" branch="false"/>
							</lines>
						</method>
						<method name="&lt;init&gt;" signature="(Ljava/lang/String;I[Ljava/lang/Integer;)V" line-rate="1.0" branch-rate="1.0">
							<lines>
								<line number="121" hits="2" branch="false"/>
								<line number="122" hits="2" branch="false"/>
								<line number="123" hits="2" branch="false"/>
							</lines>
						</method>
						<method name="getArray" signature="()[Ljava/lang/Integer;" line-rate="1.0" branch-rate="1.0">
							<lines>
								<line number="126" hits="2" branch="false"/>
							</lines>
						</method>
						<method name="toString" signature="()Ljava/lang/String;" line-rate="1.0" branch-rate="1.0">
							<lines>
								<line number="131" hits="1" branch="false"/>
							</lines>
						</method>
						<method name="valueOf" signature="(Ljava/lang/String;)Lorg/yaml/snakeyaml/DumperOptions$Version;" line-rate="1.0" branch-rate="1.0">
							<lines>
							</lines>
						</method>
						<method name="values" signature="()[Lorg/yaml/snakeyaml/DumperOptions$Version;" line-rate="1.0" branch-rate="1.0">
							<lines>
							</lines>
						</method>
					</methods>
					<lines>
						<line number="116" hits="1" branch="false"/>
						<line number="117" hits="1" branch="false"/>
						<line number="121" hits="2" branch="false"/>
						<line number="122" hits="2" branch="false"/>
						<line number="123" hits="2" branch="false"/>
						<line number="126" hits="2" branch="false"/>
						<line number="131" hits="1" branch="false"/>
					</lines>
				</class>
				<class name="org.yaml.snakeyaml.JavaBeanDumper" filename="org/yaml/snakeyaml/JavaBeanDumper.java" line-rate="1.0" branch-rate="1.0" complexity="0.0">
					<methods>
						<method name="&lt;init&gt;" signature="()V" line-rate="1.0" branch-rate="1.0">
							<lines>
								<line number="54" hits="10" branch="false"/>
								<line number="55" hits="10" branch="false"/>
							</lines>
						</method>
						<method name="&lt;init&gt;" signature="(Z)V" line-rate="1.0" branch-rate="1.0">
							<lines>
								<line number="44" hits="23" branch="false"/>
								<line number="45" hits="23" branch="false"/>
								<line number="46" hits="23" branch="false"/>
								<line number="47" hits="23" branch="false"/>
								<line number="48" hits="23" branch="false"/>
							</lines>
						</method>
						<method name="dump" signature="(Ljava/lang/Object;)Ljava/lang/String;" line-rate="1.0" branch-rate="1.0">
							<lines>
								<line number="89" hits="27" branch="false"/>
								<line number="90" hits="27" branch="false"/>
								<line number="91" hits="27" branch="false"/>
							</lines>
						</method>
						<method name="dump" signature="(Ljava/lang/Object;Ljava/io/Writer;)V" line-rate="1.0" branch-rate="1.0">
							<lines>
								<line number="66" hits="28" branch="false"/>
								<line number="67" hits="28" branch="true" condition-coverage="100% (2/2)">
									<conditions>
										<condition number="0" type="jump" coverage="100%"/>
									</conditions>
								</line>
								<line number="68" hits="25" branch="false"/>
								<line number="70" hits="28" branch="false"/>
								<line number="71" hits="28" branch="false"/>
								<line number="72" hits="28" branch="true" condition-coverage="100% (2/2)">
									<conditions>
										<condition number="0" type="jump" coverage="100%"/>
									</conditions>
								</line>
								<line number="73" hits="2" branch="false"/>
								<line number="75" hits="28" branch="false"/>
								<line number="76" hits="28" branch="false"/>
								<line number="77" hits="28" branch="false"/>
								<line number="78" hits="28" branch="false"/>
								<line number="79" hits="28" branch="false"/>
							</lines>
						</method>
						<method name="getFlowStyle" signature="()Lorg/yaml/snakeyaml/DumperOptions$FlowStyle;" line-rate="1.0" branch-rate="1.0">
							<lines>
								<line number="103" hits="1" branch="false"/>
							</lines>
						</method>
						<method name="isUseGlobalTag" signature="()Z" line-rate="1.0" branch-rate="1.0">
							<lines>
								<line number="95" hits="1" branch="false"/>
							</lines>
						</method>
						<method name="setFlowStyle" signature="(Lorg/yaml/snakeyaml/DumperOptions$FlowStyle;)V" line-rate="1.0" branch-rate="1.0">
							<lines>
								<line number="107" hits="1" branch="false"/>
								<line number="108" hits="1" branch="false"/>
							</lines>
						</method>
						<method name="setMapTagForBean" signature="(Ljava/lang/Class;)V" line-rate="1.0" branch-rate="1.0">
							<lines>
								<line number="117" hits="1" branch="false"/>
								<line number="118" hits="1" branch="false"/>
							</lines>
						</method>
						<method name="setUseGlobalTag" signature="(Z)V" line-rate="1.0" branch-rate="1.0">
							<lines>
								<line number="99" hits="1" branch="false"/>
								<line number="100" hits="1" branch="false"/>
							</lines>
						</method>
					</methods>
					<lines>
						<line number="44" hits="23" branch="false"/>
						<line number="45" hits="23" branch="false"/>
						<line number="46" hits="23" branch="false"/>
						<line number="47" hits="23" branch="false"/>
						<line number="48" hits="23" branch="false"/>
						<line number="54" hits="10" branch="false"/>
						<line number="55" hits="10" branch="false"/>
						<line number="66" hits="28" branch="false"/>
						<line number="67" hits="28" branch="true" condition-coverage="100% (2/2)">
							<conditions>
								<condition number="0" type="jump" coverage="100%"/>
							</conditions>
						</line>
						<line number="68" hits="25" branch="false"/>
						<line number="70" hits="28" branch="false"/>
						<line number="71" hits="28" branch="false"/>
						<line number="72" hits="28" branch="true" condition-coverage="100% (2/2)">
							<conditions>
								<condition number="0" type="jump" coverage="100%"/>
							</conditions>
						</line>
						<line number="73" hits="2" branch="false"/>
						<line number="75" hits="28" branch="false"/>
						<line number="76" hits="28" branch="false"/>
						<line number="77" hits="28" branch="false"/>
						<line number="78" hits="28" branch="false"/>
						<line number="79" hits="28" branch="false"/>
						<line number="89" hits="27" branch="false"/>
						<line number="90" hits="27" branch="false"/>
						<line number="91" hits="27" branch="false"/>
						<line number="95" hits="1" branch="false"/>
						<line number="99" hits="1" branch="false"/>
						<line number="100" hits="1" branch="false"/>
						<line number="103" hits="1" branch="false"/>
						<line number="107" hits="1" branch="false"/>
						<line number="108" hits="1" branch="false"/>
						<line number="117" hits="1" branch="false"/>
						<line number="118" hits="1" branch="false"/>
					</lines>
				</class>
				<class name="org.yaml.snakeyaml.JavaBeanLoader" filename="org/yaml/snakeyaml/JavaBeanLoader.java" line-rate="1.0" branch-rate="1.0" complexity="0.0">
					<methods>
						<method name="&lt;init&gt;" signature="(Ljava/lang/Class;)V" line-rate="1.0" branch-rate="1.0">
							<lines>
								<line number="45" hits="41" branch="false"/>
								<line number="46" hits="41" branch="false"/>
							</lines>
						</method>
						<method name="&lt;init&gt;" signature="(Lorg/yaml/snakeyaml/TypeDescription;)V" line-rate="1.0" branch-rate="1.0">
							<lines>
								<line number="35" hits="46" branch="false"/>
								<line number="36" hits="46" branch="false"/>
								<line number="37" hits="46" branch="false"/>
								<line number="38" hits="46" branch="false"/>
								<line number="39" hits="46" branch="false"/>
								<line number="40" hits="46" branch="false"/>
								<line number="41" hits="46" branch="false"/>
								<line number="42" hits="46" branch="false"/>
							</lines>
						</method>
						<method name="load" signature="(Ljava/io/InputStream;)Ljava/lang/Object;" line-rate="1.0" branch-rate="1.0">
							<lines>
								<line number="71" hits="2" branch="false"/>
							</lines>
						</method>
						<method name="load" signature="(Ljava/io/Reader;)Ljava/lang/Object;" line-rate="1.0" branch-rate="1.0">
							<lines>
								<line number="84" hits="2" branch="false"/>
							</lines>
						</method>
						<method name="load" signature="(Ljava/lang/String;)Ljava/lang/Object;" line-rate="1.0" branch-rate="1.0">
							<lines>
								<line number="58" hits="41" branch="false"/>
							</lines>
						</method>
					</methods>
					<lines>
						<line number="35" hits="46" branch="false"/>
						<line number="36" hits="46" branch="false"/>
						<line number="37" hits="46" branch="false"/>
						<line number="38" hits="46" branch="false"/>
						<line number="39" hits="46" branch="false"/>
						<line number="40" hits="46" branch="false"/>
						<line number="41" hits="46" branch="false"/>
						<line number="42" hits="46" branch="false"/>
						<line number="45" hits="41" branch="false"/>
						<line number="46" hits="41" branch="false"/>
						<line number="58" hits="41" branch="false"/>
						<line number="71" hits="2" branch="false"/>
						<line number="84" hits="2" branch="false"/>
					</lines>
				</class>
				<class name="org.yaml.snakeyaml.JavaBeanParser" filename="org/yaml/snakeyaml/JavaBeanParser.java" line-rate="0.75" branch-rate="1.0" complexity="0.0">
					<methods>
						<method name="&lt;init&gt;" signature="()V" line-rate="0.0" branch-rate="1.0">
							<lines>
								<line number="30" hits="0" branch="false"/>
								<line number="31" hits="0" branch="false"/>
							</lines>
						</method>
						<method name="load" signature="(Ljava/io/InputStream;Ljava/lang/Class;)Ljava/lang/Object;" line-rate="1.0" branch-rate="1.0">
							<lines>
								<line number="59" hits="1" branch="false"/>
								<line number="60" hits="1" branch="false"/>
							</lines>
						</method>
						<method name="load" signature="(Ljava/io/Reader;Ljava/lang/Class;)Ljava/lang/Object;" line-rate="1.0" branch-rate="1.0">
							<lines>
								<line number="74" hits="1" branch="false"/>
								<line number="75" hits="1" branch="false"/>
							</lines>
						</method>
						<method name="load" signature="(Ljava/lang/String;Ljava/lang/Class;)Ljava/lang/Object;" line-rate="1.0" branch-rate="1.0">
							<lines>
								<line number="44" hits="2" branch="false"/>
								<line number="45" hits="2" branch="false"/>
							</lines>
						</method>
					</methods>
					<lines>
						<line number="30" hits="0" branch="false"/>
						<line number="31" hits="0" branch="false"/>
						<line number="44" hits="2" branch="false"/>
						<line number="45" hits="2" branch="false"/>
						<line number="59" hits="1" branch="false"/>
						<line number="60" hits="1" branch="false"/>
						<line number="74" hits="1" branch="false"/>
						<line number="75" hits="1" branch="false"/>
					</lines>
				</class>
				<class name="org.yaml.snakeyaml.Loader" filename="org/yaml/snakeyaml/Loader.java" line-rate="1.0" branch-rate="1.0" complexity="0.0">
					<methods>
						<method name="&lt;init&gt;" signature="()V" line-rate="1.0" branch-rate="1.0">
							<lines>
								<line number="45" hits="481" branch="false"/>
								<line number="46" hits="481" branch="false"/>
							</lines>
						</method>
						<method name="&lt;init&gt;" signature="(Lorg/yaml/snakeyaml/constructor/BaseConstructor;)V" line-rate="1.0" branch-rate="1.0">
							<lines>
								<line number="37" hits="3650" branch="false"/>
								<line number="40" hits="3650" branch="false"/>
								<line number="41" hits="3650" branch="false"/>
								<line number="42" hits="3650" branch="false"/>
							</lines>
						</method>
						<method name="compose" signature="(Ljava/io/Reader;)Lorg/yaml/snakeyaml/nodes/Node;" line-rate="1.0" branch-rate="1.0">
							<lines>
								<line number="82" hits="7" branch="false"/>
								<line number="83" hits="7" branch="false"/>
								<line number="84" hits="7" branch="false"/>
							</lines>
						</method>
						<method name="composeAll" signature="(Ljava/io/Reader;)Ljava/lang/Iterable;" line-rate="1.0" branch-rate="1.0">
							<lines>
								<line number="96" hits="3" branch="false"/>
								<line number="97" hits="3" branch="false"/>
								<line number="98" hits="3" branch="false"/>
								<line number="111" hits="3" branch="false"/>
							</lines>
						</method>
						<method name="load" signature="(Ljava/io/Reader;)Ljava/lang/Object;" line-rate="1.0" branch-rate="1.0">
							<lines>
								<line number="49" hits="7376" branch="false"/>
								<line number="50" hits="7376" branch="false"/>
								<line number="51" hits="7376" branch="false"/>
							</lines>
						</method>
						<method name="loadAll" signature="(Ljava/io/Reader;)Ljava/lang/Iterable;" line-rate="1.0" branch-rate="1.0">
							<lines>
								<line number="55" hits="251" branch="false"/>
								<line number="56" hits="251" branch="false"/>
								<line number="57" hits="251" branch="false"/>
								<line number="70" hits="251" branch="false"/>
							</lines>
						</method>
						<method name="parse" signature="(Ljava/io/Reader;)Ljava/lang/Iterable;" line-rate="1.0" branch-rate="1.0">
							<lines>
								<line number="163" hits="2" branch="false"/>
								<line number="164" hits="2" branch="false"/>
								<line number="177" hits="2" branch="false"/>
							</lines>
						</method>
						<method name="setAttached" signature="()V" line-rate="1.0" branch-rate="1.0">
							<lines>
								<line number="148" hits="3602" branch="true" condition-coverage="100% (2/2)">
									<conditions>
										<condition number="0" type="jump" coverage="100%"/>
									</conditions>
								</line>
								<line number="149" hits="3601" branch="false"/>
								<line number="151" hits="1" branch="false"/>
								<line number="153" hits="3601" branch="false"/>
							</lines>
						</method>
						<method name="setResolver" signature="(Lorg/yaml/snakeyaml/resolver/Resolver;)V" line-rate="1.0" branch-rate="1.0">
							<lines>
								<line number="141" hits="3649" branch="false"/>
								<line number="142" hits="3649" branch="false"/>
							</lines>
						</method>
					</methods>
					<lines>
						<line number="37" hits="3650" branch="false"/>
						<line number="40" hits="3650" branch="false"/>
						<line number="41" hits="3650" branch="false"/>
						<line number="42" hits="3650" branch="false"/>
						<line number="45" hits="481" branch="false"/>
						<line number="46" hits="481" branch="false"/>
						<line number="49" hits="7376" branch="false"/>
						<line number="50" hits="7376" branch="false"/>
						<line number="51" hits="7376" branch="false"/>
						<line number="55" hits="251" branch="false"/>
						<line number="56" hits="251" branch="false"/>
						<line number="57" hits="251" branch="false"/>
						<line number="70" hits="251" branch="false"/>
						<line number="82" hits="7" branch="false"/>
						<line number="83" hits="7" branch="false"/>
						<line number="84" hits="7" branch="false"/>
						<line number="96" hits="3" branch="false"/>
						<line number="97" hits="3" branch="false"/>
						<line number="98" hits="3" branch="false"/>
						<line number="111" hits="3" branch="false"/>
						<line number="141" hits="3649" branch="false"/>
						<line number="142" hits="3649" branch="false"/>
						<line number="148" hits="3602" branch="true" condition-coverage="100% (2/2)">
							<conditions>
								<condition number="0" type="jump" coverage="100%"/>
							</conditions>
						</line>
						<line number="149" hits="3601" branch="false"/>
						<line number="151" hits="1" branch="false"/>
						<line number="153" hits="3601" branch="false"/>
						<line number="163" hits="2" branch="false"/>
						<line number="164" hits="2" branch="false"/>
						<line number="177" hits="2" branch="false"/>
					</lines>
				</class>
				<class name="org.yaml.snakeyaml.Loader$1" filename="org/yaml/snakeyaml/Loader.java" line-rate="0.75" branch-rate="1.0" complexity="0.0">
					<methods>
						<method name="&lt;init&gt;" signature="(Lorg/yaml/snakeyaml/Loader;)V" line-rate="1.0" branch-rate="1.0">
							<lines>
								<line number="66" hits="251" branch="false"/>
							</lines>
						</method>
						<method name="hasNext" signature="()Z" line-rate="1.0" branch-rate="1.0">
							<lines>
								<line number="59" hits="381" branch="false"/>
							</lines>
						</method>
						<method name="next" signature="()Ljava/lang/Object;" line-rate="1.0" branch-rate="1.0">
							<lines>
								<line number="63" hits="236" branch="false"/>
							</lines>
						</method>
						<method name="remove" signature="()V" line-rate="0.0" branch-rate="1.0">
							<lines>
								<line number="67" hits="0" branch="false"/>
							</lines>
						</method>
					</methods>
					<lines>
						<line number="59" hits="381" branch="false"/>
						<line number="63" hits="236" branch="false"/>
						<line number="66" hits="251" branch="false"/>
						<line number="67" hits="0" branch="false"/>
					</lines>
				</class>
				<class name="org.yaml.snakeyaml.Loader$2" filename="org/yaml/snakeyaml/Loader.java" line-rate="0.75" branch-rate="1.0" complexity="0.0">
					<methods>
						<method name="&lt;init&gt;" signature="(Lorg/yaml/snakeyaml/Loader;Lorg/yaml/snakeyaml/composer/Composer;)V" line-rate="1.0" branch-rate="1.0">
							<lines>
							</lines>
						</method>
						<method name="hasNext" signature="()Z" line-rate="1.0" branch-rate="1.0">
							<lines>
								<line number="100" hits="10" branch="false"/>
							</lines>
						</method>
						<method name="next" signature="()Ljava/lang/Object;" line-rate="1.0" branch-rate="1.0">
							<lines>
								<line number="107" hits="10" branch="false"/>
							</lines>
						</method>
						<method name="next" signature="()Lorg/yaml/snakeyaml/nodes/Node;" line-rate="1.0" branch-rate="1.0">
							<lines>
								<line number="104" hits="7" branch="false"/>
							</lines>
						</method>
						<method name="remove" signature="()V" line-rate="0.0" branch-rate="1.0">
							<lines>
								<line number="108" hits="0" branch="false"/>
							</lines>
						</method>
					</methods>
					<lines>
						<line number="100" hits="10" branch="false"/>
						<line number="104" hits="7" branch="false"/>
						<line number="107" hits="10" branch="false"/>
						<line number="108" hits="0" branch="false"/>
					</lines>
				</class>
				<class name="org.yaml.snakeyaml.Loader$3" filename="org/yaml/snakeyaml/Loader.java" line-rate="0.75" branch-rate="1.0" complexity="0.0">
					<methods>
						<method name="&lt;init&gt;" signature="(Lorg/yaml/snakeyaml/Loader;Lorg/yaml/snakeyaml/parser/Parser;)V" line-rate="1.0" branch-rate="1.0">
							<lines>
							</lines>
						</method>
						<method name="hasNext" signature="()Z" line-rate="1.0" branch-rate="1.0">
							<lines>
								<line number="166" hits="24" branch="true" condition-coverage="100% (2/2)">
									<conditions>
										<condition number="0" type="jump" coverage="100%"/>
									</conditions>
								</line>
							</lines>
						</method>
						<method name="next" signature="()Ljava/lang/Object;" line-rate="1.0" branch-rate="1.0">
							<lines>
								<line number="173" hits="24" branch="false"/>
							</lines>
						</method>
						<method name="next" signature="()Lorg/yaml/snakeyaml/events/Event;" line-rate="1.0" branch-rate="1.0">
							<lines>
								<line number="170" hits="22" branch="false"/>
							</lines>
						</method>
						<method name="remove" signature="()V" line-rate="0.0" branch-rate="1.0">
							<lines>
								<line number="174" hits="0" branch="false"/>
							</lines>
						</method>
					</methods>
					<lines>
						<line number="166" hits="24" branch="true" condition-coverage="100% (2/2)">
							<conditions>
								<condition number="0" type="jump" coverage="100%"/>
							</conditions>
						</line>
						<line number="170" hits="22" branch="false"/>
						<line number="173" hits="24" branch="false"/>
						<line number="174" hits="0" branch="false"/>
					</lines>
				</class>
				<class name="org.yaml.snakeyaml.Loader$EventIterable" filename="org/yaml/snakeyaml/Loader.java" line-rate="1.0" branch-rate="1.0" complexity="0.0">
					<methods>
						<method name="&lt;init&gt;" signature="(Lorg/yaml/snakeyaml/Loader;Ljava/util/Iterator;)V" line-rate="1.0" branch-rate="1.0">
							<lines>
								<line number="183" hits="2" branch="false"/>
								<line number="184" hits="2" branch="false"/>
								<line number="185" hits="2" branch="false"/>
							</lines>
						</method>
						<method name="iterator" signature="()Ljava/util/Iterator;" line-rate="1.0" branch-rate="1.0">
							<lines>
								<line number="188" hits="2" branch="false"/>
							</lines>
						</method>
					</methods>
					<lines>
						<line number="183" hits="2" branch="false"/>
						<line number="184" hits="2" branch="false"/>
						<line number="185" hits="2" branch="false"/>
						<line number="188" hits="2" branch="false"/>
					</lines>
				</class>
				<class name="org.yaml.snakeyaml.Loader$NodeIterable" filename="org/yaml/snakeyaml/Loader.java" line-rate="1.0" branch-rate="1.0" complexity="0.0">
					<methods>
						<method name="&lt;init&gt;" signature="(Lorg/yaml/snakeyaml/Loader;Ljava/util/Iterator;)V" line-rate="1.0" branch-rate="1.0">
							<lines>
								<line number="117" hits="3" branch="false"/>
								<line number="118" hits="3" branch="false"/>
								<line number="119" hits="3" branch="false"/>
							</lines>
						</method>
						<method name="iterator" signature="()Ljava/util/Iterator;" line-rate="1.0" branch-rate="1.0">
							<lines>
								<line number="122" hits="3" branch="false"/>
							</lines>
						</method>
					</methods>
					<lines>
						<line number="117" hits="3" branch="false"/>
						<line number="118" hits="3" branch="false"/>
						<line number="119" hits="3" branch="false"/>
						<line number="122" hits="3" branch="false"/>
					</lines>
				</class>
				<class name="org.yaml.snakeyaml.Loader$YamlIterable" filename="org/yaml/snakeyaml/Loader.java" line-rate="1.0" branch-rate="1.0" complexity="0.0">
					<methods>
						<method name="&lt;init&gt;" signature="(Lorg/yaml/snakeyaml/Loader;Ljava/util/Iterator;)V" line-rate="1.0" branch-rate="1.0">
							<lines>
								<line number="130" hits="251" branch="false"/>
								<line number="131" hits="251" branch="false"/>
								<line number="132" hits="251" branch="false"/>
							</lines>
						</method>
						<method name="iterator" signature="()Ljava/util/Iterator;" line-rate="1.0" branch-rate="1.0">
							<lines>
								<line number="135" hits="251" branch="false"/>
							</lines>
						</method>
					</methods>
					<lines>
						<line number="130" hits="251" branch="false"/>
						<line number="131" hits="251" branch="false"/>
						<line number="132" hits="251" branch="false"/>
						<line number="135" hits="251" branch="false"/>
					</lines>
				</class>
				<class name="org.yaml.snakeyaml.TypeDescription" filename="org/yaml/snakeyaml/TypeDescription.java" line-rate="1.0" branch-rate="1.0" complexity="0.0">
					<methods>
						<method name="&lt;init&gt;" signature="(Ljava/lang/Class;)V" line-rate="1.0" branch-rate="1.0">
							<lines>
								<line number="42" hits="57" branch="false"/>
								<line number="43" hits="57" branch="false"/>
							</lines>
						</method>
						<method name="&lt;init&gt;" signature="(Ljava/lang/Class;Ljava/lang/String;)V" line-rate="1.0" branch-rate="1.0">
							<lines>
								<line number="33" hits="61" branch="false"/>
								<line number="34" hits="61" branch="false"/>
								<line number="35" hits="61" branch="false"/>
								<line number="36" hits="61" branch="false"/>
								<line number="37" hits="61" branch="false"/>
								<line number="38" hits="61" branch="false"/>
								<line number="39" hits="61" branch="false"/>
							</lines>
						</method>
						<method name="getListPropertyType" signature="(Ljava/lang/String;)Ljava/lang/Class;" line-rate="1.0" branch-rate="1.0">
							<lines>
								<line number="114" hits="32" branch="false"/>
							</lines>
						</method>
						<method name="getMapKeyType" signature="(Ljava/lang/String;)Ljava/lang/Class;" line-rate="1.0" branch-rate="1.0">
							<lines>
								<line number="141" hits="105" branch="false"/>
							</lines>
						</method>
						<method name="getMapValueType" signature="(Ljava/lang/String;)Ljava/lang/Class;" line-rate="1.0" branch-rate="1.0">
							<lines>
								<line number="152" hits="18" branch="false"/>
							</lines>
						</method>
						<method name="getTag" signature="()Ljava/lang/String;" line-rate="1.0" branch-rate="1.0">
							<lines>
								<line number="52" hits="61" branch="false"/>
							</lines>
						</method>
						<method name="getType" signature="()Ljava/lang/Class;" line-rate="1.0" branch-rate="1.0">
							<lines>
								<line number="71" hits="167" branch="false"/>
							</lines>
						</method>
						<method name="isRoot" signature="()Z" line-rate="1.0" branch-rate="1.0">
							<lines>
								<line number="80" hits="9" branch="false"/>
							</lines>
						</method>
						<method name="putListPropertyType" signature="(Ljava/lang/String;Ljava/lang/Class;)V" line-rate="1.0" branch-rate="1.0">
							<lines>
								<line number="103" hits="7" branch="false"/>
								<line number="104" hits="7" branch="false"/>
							</lines>
						</method>
						<method name="putMapPropertyType" signature="(Ljava/lang/String;Ljava/lang/Class;Ljava/lang/Class;)V" line-rate="1.0" branch-rate="1.0">
							<lines>
								<line number="129" hits="6" branch="false"/>
								<line number="130" hits="6" branch="false"/>
								<line number="131" hits="6" branch="false"/>
							</lines>
						</method>
						<method name="setRoot" signature="(Z)V" line-rate="1.0" branch-rate="1.0">
							<lines>
								<line number="91" hits="48" branch="false"/>
								<line number="92" hits="48" branch="false"/>
							</lines>
						</method>
						<method name="setTag" signature="(Ljava/lang/String;)V" line-rate="1.0" branch-rate="1.0">
							<lines>
								<line number="62" hits="1" branch="false"/>
								<line number="63" hits="1" branch="false"/>
							</lines>
						</method>
						<method name="toString" signature="()Ljava/lang/String;" line-rate="1.0" branch-rate="1.0">
							<lines>
								<line number="157" hits="1" branch="false"/>
							</lines>
						</method>
					</methods>
					<lines>
						<line number="33" hits="61" branch="false"/>
						<line number="34" hits="61" branch="false"/>
						<line number="35" hits="61" branch="false"/>
						<line number="36" hits="61" branch="false"/>
						<line number="37" hits="61" branch="false"/>
						<line number="38" hits="61" branch="false"/>
						<line number="39" hits="61" branch="false"/>
						<line number="42" hits="57" branch="false"/>
						<line number="43" hits="57" branch="false"/>
						<line number="52" hits="61" branch="false"/>
						<line number="62" hits="1" branch="false"/>
						<line number="63" hits="1" branch="false"/>
						<line number="71" hits="167" branch="false"/>
						<line number="80" hits="9" branch="false"/>
						<line number="91" hits="48" branch="false"/>
						<line number="92" hits="48" branch="false"/>
						<line number="103" hits="7" branch="false"/>
						<line number="104" hits="7" branch="false"/>
						<line number="114" hits="32" branch="false"/>
						<line number="129" hits="6" branch="false"/>
						<line number="130" hits="6" branch="false"/>
						<line number="131" hits="6" branch="false"/>
						<line number="141" hits="105" branch="false"/>
						<line number="152" hits="18" branch="false"/>
						<line number="157" hits="1" branch="false"/>
					</lines>
				</class>
				<class name="org.yaml.snakeyaml.Yaml" filename="org/yaml/snakeyaml/Yaml.java" line-rate="1.0" branch-rate="1.0" complexity="0.0">
					<methods>
						<method name="&lt;init&gt;" signature="()V" line-rate="1.0" branch-rate="1.0">
							<lines>
								<line number="88" hits="407" branch="false"/>
								<line number="89" hits="407" branch="false"/>
							</lines>
						</method>
						<method name="&lt;init&gt;" signature="(Lorg/yaml/snakeyaml/Dumper;)V" line-rate="1.0" branch-rate="1.0">
							<lines>
								<line number="46" hits="16" branch="false"/>
								<line number="47" hits="15" branch="false"/>
							</lines>
						</method>
						<method name="&lt;init&gt;" signature="(Lorg/yaml/snakeyaml/DumperOptions;)V" line-rate="1.0" branch-rate="1.0">
							<lines>
								<line number="42" hits="52" branch="false"/>
								<line number="43" hits="52" branch="false"/>
							</lines>
						</method>
						<method name="&lt;init&gt;" signature="(Lorg/yaml/snakeyaml/Loader;)V" line-rate="1.0" branch-rate="1.0">
							<lines>
								<line number="50" hits="3117" branch="false"/>
								<line number="51" hits="3116" branch="false"/>
							</lines>
						</method>
						<method name="&lt;init&gt;" signature="(Lorg/yaml/snakeyaml/Loader;Lorg/yaml/snakeyaml/Dumper;)V" line-rate="1.0" branch-rate="1.0">
							<lines>
								<line number="63" hits="3599" branch="false"/>
								<line number="64" hits="3597" branch="false"/>
							</lines>
						</method>
						<method name="&lt;init&gt;" signature="(Lorg/yaml/snakeyaml/Loader;Lorg/yaml/snakeyaml/Dumper;Lorg/yaml/snakeyaml/resolver/Resolver;)V" line-rate="1.0" branch-rate="1.0">
							<lines>
								<line number="77" hits="3602" branch="false"/>
								<line number="78" hits="3602" branch="false"/>
								<line number="79" hits="3602" branch="false"/>
								<line number="80" hits="3601" branch="false"/>
								<line number="81" hits="3601" branch="false"/>
								<line number="82" hits="3600" branch="false"/>
								<line number="83" hits="3600" branch="false"/>
								<line number="84" hits="3600" branch="false"/>
								<line number="85" hits="3600" branch="false"/>
							</lines>
						</method>
						<method name="addImplicitResolver" signature="(Ljava/lang/String;Ljava/util/regex/Pattern;Ljava/lang/String;)V" line-rate="1.0" branch-rate="1.0">
							<lines>
								<line number="255" hits="4" branch="false"/>
								<line number="256" hits="4" branch="false"/>
							</lines>
						</method>
						<method name="compose" signature="(Ljava/io/Reader;)Lorg/yaml/snakeyaml/nodes/Node;" line-rate="1.0" branch-rate="1.0">
							<lines>
								<line number="227" hits="5" branch="false"/>
							</lines>
						</method>
						<method name="composeAll" signature="(Ljava/io/Reader;)Ljava/lang/Iterable;" line-rate="1.0" branch-rate="1.0">
							<lines>
								<line number="239" hits="2" branch="false"/>
							</lines>
						</method>
						<method name="dump" signature="(Ljava/lang/Object;)Ljava/lang/String;" line-rate="1.0" branch-rate="1.0">
							<lines>
								<line number="99" hits="161" branch="false"/>
								<line number="100" hits="161" branch="false"/>
								<line number="101" hits="161" branch="false"/>
							</lines>
						</method>
						<method name="dump" signature="(Ljava/lang/Object;Ljava/io/Writer;)V" line-rate="1.0" branch-rate="1.0">
							<lines>
								<line number="126" hits="42" branch="false"/>
								<line number="127" hits="42" branch="false"/>
								<line number="128" hits="42" branch="false"/>
								<line number="129" hits="40" branch="false"/>
							</lines>
						</method>
						<method name="dumpAll" signature="(Ljava/util/Iterator;)Ljava/lang/String;" line-rate="1.0" branch-rate="1.0">
							<lines>
								<line number="112" hits="162" branch="false"/>
								<line number="113" hits="162" branch="false"/>
								<line number="114" hits="158" branch="false"/>
							</lines>
						</method>
						<method name="dumpAll" signature="(Ljava/util/Iterator;Ljava/io/Writer;)V" line-rate="1.0" branch-rate="1.0">
							<lines>
								<line number="140" hits="207" branch="false"/>
								<line number="141" hits="201" branch="false"/>
							</lines>
						</method>
						<method name="getName" signature="()Ljava/lang/String;" line-rate="1.0" branch-rate="1.0">
							<lines>
								<line number="271" hits="1" branch="false"/>
							</lines>
						</method>
						<method name="load" signature="(Ljava/io/InputStream;)Ljava/lang/Object;" line-rate="1.0" branch-rate="1.0">
							<lines>
								<line number="164" hits="42" branch="false"/>
							</lines>
						</method>
						<method name="load" signature="(Ljava/io/Reader;)Ljava/lang/Object;" line-rate="1.0" branch-rate="1.0">
							<lines>
								<line number="176" hits="1" branch="false"/>
							</lines>
						</method>
						<method name="load" signature="(Ljava/lang/String;)Ljava/lang/Object;" line-rate="1.0" branch-rate="1.0">
							<lines>
								<line number="152" hits="7288" branch="false"/>
							</lines>
						</method>
						<method name="loadAll" signature="(Ljava/io/InputStream;)Ljava/lang/Iterable;" line-rate="1.0" branch-rate="1.0">
							<lines>
								<line number="215" hits="256" branch="false"/>
							</lines>
						</method>
						<method name="loadAll" signature="(Ljava/io/Reader;)Ljava/lang/Iterable;" line-rate="1.0" branch-rate="1.0">
							<lines>
								<line number="189" hits="342" branch="false"/>
							</lines>
						</method>
						<method name="loadAll" signature="(Ljava/lang/String;)Ljava/lang/Iterable;" line-rate="1.0" branch-rate="1.0">
							<lines>
								<line number="202" hits="86" branch="false"/>
							</lines>
						</method>
						<method name="parse" signature="(Ljava/io/Reader;)Ljava/lang/Iterable;" line-rate="1.0" branch-rate="1.0">
							<lines>
								<line number="292" hits="2" branch="false"/>
							</lines>
						</method>
						<method name="setName" signature="(Ljava/lang/String;)V" line-rate="1.0" branch-rate="1.0">
							<lines>
								<line number="281" hits="1" branch="false"/>
								<line number="282" hits="1" branch="false"/>
							</lines>
						</method>
						<method name="toString" signature="()Ljava/lang/String;" line-rate="1.0" branch-rate="1.0">
							<lines>
								<line number="260" hits="2" branch="false"/>
							</lines>
						</method>
					</methods>
					<lines>
						<line number="42" hits="52" branch="false"/>
						<line number="43" hits="52" branch="false"/>
						<line number="46" hits="16" branch="false"/>
						<line number="47" hits="15" branch="false"/>
						<line number="50" hits="3117" branch="false"/>
						<line number="51" hits="3116" branch="false"/>
						<line number="63" hits="3599" branch="false"/>
						<line number="64" hits="3597" branch="false"/>
						<line number="77" hits="3602" branch="false"/>
						<line number="78" hits="3602" branch="false"/>
						<line number="79" hits="3602" branch="false"/>
						<line number="80" hits="3601" branch="false"/>
						<line number="81" hits="3601" branch="false"/>
						<line number="82" hits="3600" branch="false"/>
						<line number="83" hits="3600" branch="false"/>
						<line number="84" hits="3600" branch="false"/>
						<line number="85" hits="3600" branch="false"/>
						<line number="88" hits="407" branch="false"/>
						<line number="89" hits="407" branch="false"/>
						<line number="99" hits="161" branch="false"/>
						<line number="100" hits="161" branch="false"/>
						<line number="101" hits="161" branch="false"/>
						<line number="112" hits="162" branch="false"/>
						<line number="113" hits="162" branch="false"/>
						<line number="114" hits="158" branch="false"/>
						<line number="126" hits="42" branch="false"/>
						<line number="127" hits="42" branch="false"/>
						<line number="128" hits="42" branch="false"/>
						<line number="129" hits="40" branch="false"/>
						<line number="140" hits="207" branch="false"/>
						<line number="141" hits="201" branch="false"/>
						<line number="152" hits="7288" branch="false"/>
						<line number="164" hits="42" branch="false"/>
						<line number="176" hits="1" branch="false"/>
						<line number="189" hits="342" branch="false"/>
						<line number="202" hits="86" branch="false"/>
						<line number="215" hits="256" branch="false"/>
						<line number="227" hits="5" branch="false"/>
						<line number="239" hits="2" branch="false"/>
						<line number="255" hits="4" branch="false"/>
						<line number="256" hits="4" branch="false"/>
						<line number="260" hits="2" branch="false"/>
						<line number="271" hits="1" branch="false"/>
						<line number="281" hits="1" branch="false"/>
						<line number="282" hits="1" branch="false"/>
						<line number="292" hits="2" branch="false"/>
					</lines>
				</class>
			</classes>
		</package>
		<package name="org.yaml.snakeyaml.composer" line-rate="0.9894736842105263" branch-rate="0.9347826086956522" complexity="1.0">
			<classes>
				<class name="org.yaml.snakeyaml.composer.Composer" filename="org/yaml/snakeyaml/composer/Composer.java" line-rate="0.989247311827957" branch-rate="0.9347826086956522" complexity="0.0">
					<methods>
						<method name="&lt;init&gt;" signature="(Lorg/yaml/snakeyaml/parser/Parser;Lorg/yaml/snakeyaml/resolver/Resolver;)V" line-rate="1.0" branch-rate="1.0">
							<lines>
								<line number="52" hits="7914" branch="false"/>
								<line number="53" hits="7914" branch="false"/>
								<line number="54" hits="7914" branch="false"/>
								<line number="55" hits="7914" branch="false"/>
								<line number="56" hits="7914" branch="false"/>
								<line number="57" hits="7914" branch="false"/>
							</lines>
						</method>
						<method name="checkNode" signature="()Z" line-rate="1.0" branch-rate="1.0">
							<lines>
								<line number="61" hits="1124" branch="true" condition-coverage="100% (2/2)">
									<conditions>
										<condition number="0" type="jump" coverage="100%"/>
									</conditions>
								</line>
								<line number="62" hits="526" branch="false"/>
								<line number="65" hits="1120" branch="true" condition-coverage="100% (2/2)">
									<conditions>
										<condition number="0" type="jump" coverage="100%"/>
									</conditions>
								</line>
							</lines>
						</method>
						<method name="composeDocument" signature="()Lorg/yaml/snakeyaml/nodes/Node;" line-rate="1.0" branch-rate="1.0">
							<lines>
								<line number="98" hits="7940" branch="false"/>
								<line number="100" hits="7940" branch="false"/>
								<line number="102" hits="7877" branch="false"/>
								<line number="103" hits="7877" branch="false"/>
								<line number="104" hits="7877" branch="false"/>
								<line number="105" hits="7877" branch="false"/>
							</lines>
						</method>
						<method name="composeMappingNode" signature="(Ljava/lang/String;)Lorg/yaml/snakeyaml/nodes/Node;" line-rate="1.0" branch-rate="0.875">
							<lines>
								<line number="185" hits="36031" branch="false"/>
								<line number="186" hits="36031" branch="false"/>
								<line number="187" hits="36031" branch="false"/>
								<line number="188" hits="36031" branch="true" condition-coverage="75% (3/4)">
									<conditions>
										<condition number="0" type="jump" coverage="100%"/>
										<condition number="1" type="jump" coverage="50%"/>
									</conditions>
								</line>
								<line number="189" hits="28634" branch="false"/>
								<line number="190" hits="28634" branch="false"/>
								<line number="192" hits="36031" branch="false"/>
								<line number="194" hits="36031" branch="true" condition-coverage="100% (2/2)">
									<conditions>
										<condition number="0" type="jump" coverage="100%"/>
									</conditions>
								</line>
								<line number="195" hits="7039" branch="false"/>
								<line number="197" hits="199107" branch="true" condition-coverage="100% (2/2)">
									<conditions>
										<condition number="0" type="jump" coverage="100%"/>
									</conditions>
								</line>
								<line number="198" hits="163085" branch="false"/>
								<line number="199" hits="163085" branch="false"/>
								<line number="200" hits="163076" branch="false"/>
								<line number="201" hits="163076" branch="false"/>
								<line number="202" hits="36006" branch="false"/>
								<line number="203" hits="36006" branch="false"/>
								<line number="204" hits="36006" branch="false"/>
							</lines>
						</method>
						<method name="composeNode" signature="(Lorg/yaml/snakeyaml/nodes/Node;Ljava/lang/Object;)Lorg/yaml/snakeyaml/nodes/Node;" line-rate="1.0" branch-rate="1.0">
							<lines>
								<line number="109" hits="349343" branch="false"/>
								<line number="110" hits="349343" branch="true" condition-coverage="100% (2/2)">
									<conditions>
										<condition number="0" type="jump" coverage="100%"/>
									</conditions>
								</line>
								<line number="111" hits="7118" branch="false"/>
								<line number="112" hits="7118" branch="false"/>
								<line number="113" hits="7118" branch="true" condition-coverage="100% (2/2)">
									<conditions>
										<condition number="0" type="jump" coverage="100%"/>
									</conditions>
								</line>
								<line number="114" hits="2" branch="false"/>
								<line number="117" hits="7116" branch="false"/>
								<line number="118" hits="7116" branch="true" condition-coverage="100% (2/2)">
									<conditions>
										<condition number="0" type="jump" coverage="100%"/>
									</conditions>
								</line>
								<line number="119" hits="44" branch="false"/>
								<line number="121" hits="7116" branch="false"/>
								<line number="123" hits="342204" branch="false"/>
								<line number="124" hits="342204" branch="false"/>
								<line number="125" hits="342202" branch="false"/>
								<line number="126" hits="342204" branch="true" condition-coverage="100% (4/4)">
									<conditions>
										<condition number="0" type="jump" coverage="100%"/>
										<condition number="1" type="jump" coverage="100%"/>
									</conditions>
								</line>
								<line number="127" hits="4" branch="false"/>
								<line number="132" hits="342200" branch="false"/>
								<line number="133" hits="342200" branch="true" condition-coverage="100% (2/2)">
									<conditions>
										<condition number="0" type="jump" coverage="100%"/>
									</conditions>
								</line>
								<line number="134" hits="298752" branch="false"/>
								<line number="135" hits="43448" branch="true" condition-coverage="100% (2/2)">
									<conditions>
										<condition number="0" type="jump" coverage="100%"/>
									</conditions>
								</line>
								<line number="136" hits="7417" branch="false"/>
								<line number="138" hits="36031" branch="false"/>
								<line number="141" hits="342142" branch="false"/>
								<line number="142" hits="342142" branch="false"/>
							</lines>
						</method>
						<method name="composeScalarNode" signature="(Ljava/lang/String;)Lorg/yaml/snakeyaml/nodes/Node;" line-rate="1.0" branch-rate="1.0">
							<lines>
								<line number="146" hits="298752" branch="false"/>
								<line number="147" hits="298752" branch="false"/>
								<line number="148" hits="298752" branch="false"/>
								<line number="149" hits="298752" branch="true" condition-coverage="100% (4/4)">
									<conditions>
										<condition number="0" type="jump" coverage="100%"/>
										<condition number="1" type="jump" coverage="100%"/>
									</conditions>
								</line>
								<line number="150" hits="297735" branch="false"/>
								<line number="151" hits="297735" branch="false"/>
								<line number="153" hits="298752" branch="false"/>
								<line number="155" hits="298752" branch="true" condition-coverage="100% (2/2)">
									<conditions>
										<condition number="0" type="jump" coverage="100%"/>
									</conditions>
								</line>
								<line number="156" hits="35" branch="false"/>
								<line number="158" hits="298752" branch="false"/>
							</lines>
						</method>
						<method name="composeSequenceNode" signature="(Ljava/lang/String;)Lorg/yaml/snakeyaml/nodes/Node;" line-rate="1.0" branch-rate="0.875">
							<lines>
								<line number="162" hits="7417" branch="false"/>
								<line number="163" hits="7417" branch="false"/>
								<line number="164" hits="7417" branch="false"/>
								<line number="165" hits="7417" branch="true" condition-coverage="75% (3/4)">
									<conditions>
										<condition number="0" type="jump" coverage="100%"/>
										<condition number="1" type="jump" coverage="50%"/>
									</conditions>
								</line>
								<line number="166" hits="7303" branch="false"/>
								<line number="167" hits="7303" branch="false"/>
								<line number="169" hits="7417" branch="false"/>
								<line number="171" hits="7417" branch="true" condition-coverage="100% (2/2)">
									<conditions>
										<condition number="0" type="jump" coverage="100%"/>
									</conditions>
								</line>
								<line number="172" hits="6" branch="false"/>
								<line number="174" hits="7417" branch="false"/>
								<line number="175" hits="22637" branch="true" condition-coverage="100% (2/2)">
									<conditions>
										<condition number="0" type="jump" coverage="100%"/>
									</conditions>
								</line>
								<line number="176" hits="15233" branch="false"/>
								<line number="177" hits="15220" branch="false"/>
								<line number="179" hits="7384" branch="false"/>
								<line number="180" hits="7384" branch="false"/>
								<line number="181" hits="7384" branch="false"/>
							</lines>
						</method>
						<method name="getNode" signature="()Lorg/yaml/snakeyaml/nodes/Node;" line-rate="0.6666666666666666" branch-rate="0.5">
							<lines>
								<line number="70" hits="558" branch="true" condition-coverage="50% (1/2)">
									<conditions>
										<condition number="0" type="jump" coverage="50%"/>
									</conditions>
								</line>
								<line number="71" hits="558" branch="false"/>
								<line number="73" hits="0" branch="false"/>
							</lines>
						</method>
						<method name="getSingleNode" signature="()Lorg/yaml/snakeyaml/nodes/Node;" line-rate="1.0" branch-rate="1.0">
							<lines>
								<line number="79" hits="7387" branch="false"/>
								<line number="81" hits="7387" branch="false"/>
								<line number="82" hits="7387" branch="true" condition-coverage="100% (2/2)">
									<conditions>
										<condition number="0" type="jump" coverage="100%"/>
									</conditions>
								</line>
								<line number="83" hits="7382" branch="false"/>
								<line number="86" hits="7383" branch="true" condition-coverage="100% (2/2)">
									<conditions>
										<condition number="0" type="jump" coverage="100%"/>
									</conditions>
								</line>
								<line number="87" hits="4" branch="false"/>
								<line number="88" hits="4" branch="false"/>
								<line number="92" hits="7379" branch="false"/>
								<line number="93" hits="7379" branch="false"/>
							</lines>
						</method>
					</methods>
					<lines>
						<line number="52" hits="7914" branch="false"/>
						<line number="53" hits="7914" branch="false"/>
						<line number="54" hits="7914" branch="false"/>
						<line number="55" hits="7914" branch="false"/>
						<line number="56" hits="7914" branch="false"/>
						<line number="57" hits="7914" branch="false"/>
						<line number="61" hits="1124" branch="true" condition-coverage="100% (2/2)">
							<conditions>
								<condition number="0" type="jump" coverage="100%"/>
							</conditions>
						</line>
						<line number="62" hits="526" branch="false"/>
						<line number="65" hits="1120" branch="true" condition-coverage="100% (2/2)">
							<conditions>
								<condition number="0" type="jump" coverage="100%"/>
							</conditions>
						</line>
						<line number="70" hits="558" branch="true" condition-coverage="50% (1/2)">
							<conditions>
								<condition number="0" type="jump" coverage="50%"/>
							</conditions>
						</line>
						<line number="71" hits="558" branch="false"/>
						<line number="73" hits="0" branch="false"/>
						<line number="79" hits="7387" branch="false"/>
						<line number="81" hits="7387" branch="false"/>
						<line number="82" hits="7387" branch="true" condition-coverage="100% (2/2)">
							<conditions>
								<condition number="0" type="jump" coverage="100%"/>
							</conditions>
						</line>
						<line number="83" hits="7382" branch="false"/>
						<line number="86" hits="7383" branch="true" condition-coverage="100% (2/2)">
							<conditions>
								<condition number="0" type="jump" coverage="100%"/>
							</conditions>
						</line>
						<line number="87" hits="4" branch="false"/>
						<line number="88" hits="4" branch="false"/>
						<line number="92" hits="7379" branch="false"/>
						<line number="93" hits="7379" branch="false"/>
						<line number="98" hits="7940" branch="false"/>
						<line number="100" hits="7940" branch="false"/>
						<line number="102" hits="7877" branch="false"/>
						<line number="103" hits="7877" branch="false"/>
						<line number="104" hits="7877" branch="false"/>
						<line number="105" hits="7877" branch="false"/>
						<line number="109" hits="349343" branch="false"/>
						<line number="110" hits="349343" branch="true" condition-coverage="100% (2/2)">
							<conditions>
								<condition number="0" type="jump" coverage="100%"/>
							</conditions>
						</line>
						<line number="111" hits="7118" branch="false"/>
						<line number="112" hits="7118" branch="false"/>
						<line number="113" hits="7118" branch="true" condition-coverage="100% (2/2)">
							<conditions>
								<condition number="0" type="jump" coverage="100%"/>
							</conditions>
						</line>
						<line number="114" hits="2" branch="false"/>
						<line number="117" hits="7116" branch="false"/>
						<line number="118" hits="7116" branch="true" condition-coverage="100% (2/2)">
							<conditions>
								<condition number="0" type="jump" coverage="100%"/>
							</conditions>
						</line>
						<line number="119" hits="44" branch="false"/>
						<line number="121" hits="7116" branch="false"/>
						<line number="123" hits="342204" branch="false"/>
						<line number="124" hits="342204" branch="false"/>
						<line number="125" hits="342202" branch="false"/>
						<line number="126" hits="342204" branch="true" condition-coverage="100% (4/4)">
							<conditions>
								<condition number="0" type="jump" coverage="100%"/>
								<condition number="1" type="jump" coverage="100%"/>
							</conditions>
						</line>
						<line number="127" hits="4" branch="false"/>
						<line number="132" hits="342200" branch="false"/>
						<line number="133" hits="342200" branch="true" condition-coverage="100% (2/2)">
							<conditions>
								<condition number="0" type="jump" coverage="100%"/>
							</conditions>
						</line>
						<line number="134" hits="298752" branch="false"/>
						<line number="135" hits="43448" branch="true" condition-coverage="100% (2/2)">
							<conditions>
								<condition number="0" type="jump" coverage="100%"/>
							</conditions>
						</line>
						<line number="136" hits="7417" branch="false"/>
						<line number="138" hits="36031" branch="false"/>
						<line number="141" hits="342142" branch="false"/>
						<line number="142" hits="342142" branch="false"/>
						<line number="146" hits="298752" branch="false"/>
						<line number="147" hits="298752" branch="false"/>
						<line number="148" hits="298752" branch="false"/>
						<line number="149" hits="298752" branch="true" condition-coverage="100% (4/4)">
							<conditions>
								<condition number="0" type="jump" coverage="100%"/>
								<condition number="1" type="jump" coverage="100%"/>
							</conditions>
						</line>
						<line number="150" hits="297735" branch="false"/>
						<line number="151" hits="297735" branch="false"/>
						<line number="153" hits="298752" branch="false"/>
						<line number="155" hits="298752" branch="true" condition-coverage="100% (2/2)">
							<conditions>
								<condition number="0" type="jump" coverage="100%"/>
							</conditions>
						</line>
						<line number="156" hits="35" branch="false"/>
						<line number="158" hits="298752" branch="false"/>
						<line number="162" hits="7417" branch="false"/>
						<line number="163" hits="7417" branch="false"/>
						<line number="164" hits="7417" branch="false"/>
						<line number="165" hits="7417" branch="true" condition-coverage="75% (3/4)">
							<conditions>
								<condition number="0" type="jump" coverage="100%"/>
								<condition number="1" type="jump" coverage="50%"/>
							</conditions>
						</line>
						<line number="166" hits="7303" branch="false"/>
						<line number="167" hits="7303" branch="false"/>
						<line number="169" hits="7417" branch="false"/>
						<line number="171" hits="7417" branch="true" condition-coverage="100% (2/2)">
							<conditions>
								<condition number="0" type="jump" coverage="100%"/>
							</conditions>
						</line>
						<line number="172" hits="6" branch="false"/>
						<line number="174" hits="7417" branch="false"/>
						<line number="175" hits="22637" branch="true" condition-coverage="100% (2/2)">
							<conditions>
								<condition number="0" type="jump" coverage="100%"/>
							</conditions>
						</line>
						<line number="176" hits="15233" branch="false"/>
						<line number="177" hits="15220" branch="false"/>
						<line number="179" hits="7384" branch="false"/>
						<line number="180" hits="7384" branch="false"/>
						<line number="181" hits="7384" branch="false"/>
						<line number="185" hits="36031" branch="false"/>
						<line number="186" hits="36031" branch="false"/>
						<line number="187" hits="36031" branch="false"/>
						<line number="188" hits="36031" branch="true" condition-coverage="75% (3/4)">
							<conditions>
								<condition number="0" type="jump" coverage="100%"/>
								<condition number="1" type="jump" coverage="50%"/>
							</conditions>
						</line>
						<line number="189" hits="28634" branch="false"/>
						<line number="190" hits="28634" branch="false"/>
						<line number="192" hits="36031" branch="false"/>
						<line number="194" hits="36031" branch="true" condition-coverage="100% (2/2)">
							<conditions>
								<condition number="0" type="jump" coverage="100%"/>
							</conditions>
						</line>
						<line number="195" hits="7039" branch="false"/>
						<line number="197" hits="199107" branch="true" condition-coverage="100% (2/2)">
							<conditions>
								<condition number="0" type="jump" coverage="100%"/>
							</conditions>
						</line>
						<line number="198" hits="163085" branch="false"/>
						<line number="199" hits="163085" branch="false"/>
						<line number="200" hits="163076" branch="false"/>
						<line number="201" hits="163076" branch="false"/>
						<line number="202" hits="36006" branch="false"/>
						<line number="203" hits="36006" branch="false"/>
						<line number="204" hits="36006" branch="false"/>
					</lines>
				</class>
				<class name="org.yaml.snakeyaml.composer.ComposerException" filename="org/yaml/snakeyaml/composer/ComposerException.java" line-rate="1.0" branch-rate="1.0" complexity="1.0">
					<methods>
						<method name="&lt;init&gt;" signature="(Ljava/lang/String;Lorg/yaml/snakeyaml/error/Mark;Ljava/lang/String;Lorg/yaml/snakeyaml/error/Mark;)V" line-rate="1.0" branch-rate="1.0">
							<lines>
								<line number="28" hits="10" branch="false"/>
								<line number="29" hits="10" branch="false"/>
							</lines>
						</method>
					</methods>
					<lines>
						<line number="28" hits="10" branch="false"/>
						<line number="29" hits="10" branch="false"/>
					</lines>
[...]
							<conditions>
								<condition number="0" type="jump" coverage="100%"/>
							</conditions>
						</line>
						<line number="30" hits="1" branch="false"/>
						<line number="33" hits="19681" branch="false"/>
						<line number="34" hits="19681" branch="false"/>
						<line number="37" hits="21009" branch="false"/>
						<line number="42" hits="1" branch="false"/>
						<line number="47" hits="1" branch="false"/>
					</lines>
				</class>
				<class name="org.yaml.snakeyaml.tokens.Token" filename="org/yaml/snakeyaml/tokens/Token.java" line-rate="1.0" branch-rate="1.0" complexity="0.0">
					<methods>
						<method name="&lt;init&gt;" signature="(Lorg/yaml/snakeyaml/error/Mark;Lorg/yaml/snakeyaml/error/Mark;)V" line-rate="1.0" branch-rate="1.0">
							<lines>
								<line number="28" hits="827192" branch="false"/>
								<line number="29" hits="827192" branch="true" condition-coverage="100% (4/4)">
									<conditions>
										<condition number="0" type="jump" coverage="100%"/>
										<condition number="1" type="jump" coverage="100%"/>
									</conditions>
								</line>
								<line number="30" hits="2" branch="false"/>
								<line number="32" hits="827190" branch="false"/>
								<line number="33" hits="827172" branch="false"/>
								<line number="34" hits="827190" branch="false"/>
							</lines>
						</method>
						<method name="equals" signature="(Ljava/lang/Object;)Z" line-rate="1.0" branch-rate="1.0">
							<lines>
								<line number="67" hits="9" branch="true" condition-coverage="100% (2/2)">
									<conditions>
										<condition number="0" type="jump" coverage="100%"/>
									</conditions>
								</line>
								<line number="68" hits="8" branch="false"/>
								<line number="70" hits="1" branch="false"/>
							</lines>
						</method>
						<method name="getArguments" signature="()Ljava/lang/String;" line-rate="1.0" branch-rate="1.0">
							<lines>
								<line number="52" hits="13" branch="false"/>
							</lines>
						</method>
						<method name="getEndMark" signature="()Lorg/yaml/snakeyaml/error/Mark;" line-rate="1.0" branch-rate="1.0">
							<lines>
								<line number="45" hits="418894" branch="false"/>
							</lines>
						</method>
						<method name="getStartMark" signature="()Lorg/yaml/snakeyaml/error/Mark;" line-rate="1.0" branch-rate="1.0">
							<lines>
								<line number="41" hits="541416" branch="false"/>
							</lines>
						</method>
						<method name="toString" signature="()Ljava/lang/String;" line-rate="1.0" branch-rate="1.0">
							<lines>
								<line number="37" hits="16" branch="false"/>
							</lines>
						</method>
					</methods>
					<lines>
						<line number="28" hits="827192" branch="false"/>
						<line number="29" hits="827192" branch="true" condition-coverage="100% (4/4)">
							<conditions>
								<condition number="0" type="jump" coverage="100%"/>
								<condition number="1" type="jump" coverage="100%"/>
							</conditions>
						</line>
						<line number="30" hits="2" branch="false"/>
						<line number="32" hits="827190" branch="false"/>
						<line number="33" hits="827172" branch="false"/>
						<line number="34" hits="827190" branch="false"/>
						<line number="37" hits="16" branch="false"/>
						<line number="41" hits="541416" branch="false"/>
						<line number="45" hits="418894" branch="false"/>
						<line number="52" hits="13" branch="false"/>
						<line number="67" hits="9" branch="true" condition-coverage="100% (2/2)">
							<conditions>
								<condition number="0" type="jump" coverage="100%"/>
							</conditions>
						</line>
						<line number="68" hits="8" branch="false"/>
						<line number="70" hits="1" branch="false"/>
					</lines>
				</class>
				<class name="org.yaml.snakeyaml.tokens.ValueToken" filename="org/yaml/snakeyaml/tokens/ValueToken.java" line-rate="1.0" branch-rate="1.0" complexity="0.0">
					<methods>
						<method name="&lt;init&gt;" signature="(Lorg/yaml/snakeyaml/error/Mark;Lorg/yaml/snakeyaml/error/Mark;)V" line-rate="1.0" branch-rate="1.0">
							<lines>
								<line number="26" hits="167365" branch="false"/>
								<line number="27" hits="167365" branch="false"/>
							</lines>
						</method>
						<method name="getTokenId" signature="()Ljava/lang/String;" line-rate="1.0" branch-rate="1.0">
							<lines>
								<line number="31" hits="3" branch="false"/>
							</lines>
						</method>
					</methods>
					<lines>
						<line number="26" hits="167365" branch="false"/>
						<line number="27" hits="167365" branch="false"/>
						<line number="31" hits="3" branch="false"/>
					</lines>
				</class>
			</classes>
		</package>
		<package name="org.yaml.snakeyaml.util" line-rate="0.9625" branch-rate="0.7857142857142857" complexity="6.5">
			<classes>
				<class name="org.yaml.snakeyaml.util.ArrayStack" filename="org/yaml/snakeyaml/util/ArrayStack.java" line-rate="1.0" branch-rate="1.0" complexity="0.0">
					<methods>
						<method name="&lt;init&gt;" signature="(I)V" line-rate="1.0" branch-rate="1.0">
							<lines>
								<line number="23" hits="39638" branch="false"/>
								<line number="24" hits="39638" branch="false"/>
								<line number="25" hits="39638" branch="false"/>
							</lines>
						</method>
						<method name="clear" signature="()V" line-rate="1.0" branch-rate="1.0">
							<lines>
								<line number="40" hits="7594" branch="false"/>
								<line number="41" hits="7594" branch="false"/>
							</lines>
						</method>
						<method name="isEmpty" signature="()Z" line-rate="1.0" branch-rate="1.0">
							<lines>
								<line number="36" hits="28071" branch="false"/>
							</lines>
						</method>
						<method name="pop" signature="()Ljava/lang/Object;" line-rate="1.0" branch-rate="1.0">
							<lines>
								<line number="32" hits="478641" branch="false"/>
							</lines>
						</method>
						<method name="push" signature="(Ljava/lang/Object;)V" line-rate="1.0" branch-rate="1.0">
							<lines>
								<line number="28" hits="478814" branch="false"/>
								<line number="29" hits="478814" branch="false"/>
							</lines>
						</method>
					</methods>
					<lines>
						<line number="23" hits="39638" branch="false"/>
						<line number="24" hits="39638" branch="false"/>
						<line number="25" hits="39638" branch="false"/>
						<line number="28" hits="478814" branch="false"/>
						<line number="29" hits="478814" branch="false"/>
						<line number="32" hits="478641" branch="false"/>
						<line number="36" hits="28071" branch="false"/>
						<line number="40" hits="7594" branch="false"/>
						<line number="41" hits="7594" branch="false"/>
					</lines>
				</class>
				<class name="org.yaml.snakeyaml.util.Base64Coder" filename="org/yaml/snakeyaml/util/Base64Coder.java" line-rate="0.9577464788732394" branch-rate="0.7857142857142857" complexity="6.5">
					<methods>
						<method name="&lt;clinit&gt;" signature="()V" line-rate="1.0" branch-rate="1.0">
							<lines>
								<line number="22" hits="1" branch="false"/>
								<line number="24" hits="1" branch="false"/>
								<line number="25" hits="27" branch="false"/>
								<line number="26" hits="26" branch="false"/>
								<line number="27" hits="27" branch="false"/>
								<line number="28" hits="26" branch="false"/>
								<line number="29" hits="11" branch="false"/>
								<line number="30" hits="10" branch="false"/>
								<line number="31" hits="1" branch="false"/>
								<line number="32" hits="1" branch="false"/>
								<line number="36" hits="1" branch="false"/>
								<line number="38" hits="129" branch="false"/>
								<line number="39" hits="128" branch="false"/>
								<line number="40" hits="65" branch="false"/>
								<line number="41" hits="64" branch="false"/>
								<line number="42" hits="1" branch="false"/>
							</lines>
						</method>
						<method name="&lt;init&gt;" signature="()V" line-rate="0.0" branch-rate="1.0">
							<lines>
								<line number="20" hits="0" branch="false"/>
							</lines>
						</method>
						<method name="decode" signature="([C)[B" line-rate="0.9375" branch-rate="0.71875">
							<lines>
								<line number="88" hits="13" branch="false"/>
								<line number="89" hits="13" branch="true" condition-coverage="100% (2/2)">
									<conditions>
										<condition number="0" type="jump" coverage="100%"/>
									</conditions>
								</line>
								<line number="90" hits="2" branch="false"/>
								<line number="91" hits="24" branch="true" condition-coverage="75% (3/4)">
									<conditions>
										<condition number="0" type="jump" coverage="50%"/>
										<condition number="1" type="jump" coverage="100%"/>
									</conditions>
								</line>
								<line number="92" hits="13" branch="false"/>
								<line number="93" hits="11" branch="false"/>
								<line number="94" hits="11" branch="false"/>
								<line number="95" hits="11" branch="false"/>
								<line number="96" hits="11" branch="false"/>
								<line number="97" hits="241" branch="true" condition-coverage="100% (2/2)">
									<conditions>
										<condition number="0" type="jump" coverage="100%"/>
									</conditions>
								</line>
								<line number="98" hits="230" branch="false"/>
								<line number="99" hits="230" branch="false"/>
								<line number="100" hits="230" branch="true" condition-coverage="100% (2/2)">
									<conditions>
										<condition number="0" type="jump" coverage="100%"/>
									</conditions>
								</line>
								<line number="101" hits="230" branch="true" condition-coverage="100% (2/2)">
									<conditions>
										<condition number="0" type="jump" coverage="100%"/>
									</conditions>
								</line>
								<line number="102" hits="230" branch="true" condition-coverage="50% (4/8)">
									<conditions>
										<condition number="0" type="jump" coverage="50%"/>
										<condition number="1" type="jump" coverage="50%"/>
										<condition number="2" type="jump" coverage="50%"/>
										<condition number="3" type="jump" coverage="50%"/>
									</conditions>
								</line>
								<line number="103" hits="0" branch="false"/>
								<line number="104" hits="230" branch="false"/>
								<line number="105" hits="230" branch="false"/>
								<line number="106" hits="230" branch="false"/>
								<line number="107" hits="230" branch="false"/>
								<line number="108" hits="230" branch="true" condition-coverage="50% (4/8)">
									<conditions>
										<condition number="0" type="jump" coverage="50%"/>
										<condition number="1" type="jump" coverage="50%"/>
										<condition number="2" type="jump" coverage="50%"/>
										<condition number="3" type="jump" coverage="50%"/>
									</conditions>
								</line>
								<line number="109" hits="0" branch="false"/>
								<line number="110" hits="230" branch="false"/>
								<line number="111" hits="230" branch="false"/>
								<line number="112" hits="230" branch="false"/>
								<line number="113" hits="230" branch="false"/>
								<line number="114" hits="230" branch="true" condition-coverage="100% (2/2)">
									<conditions>
										<condition number="0" type="jump" coverage="100%"/>
									</conditions>
								</line>
								<line number="115" hits="227" branch="false"/>
								<line number="116" hits="230" branch="true" condition-coverage="100% (2/2)">
									<conditions>
										<condition number="0" type="jump" coverage="100%"/>
									</conditions>
								</line>
								<line number="117" hits="220" branch="false"/>
								<line number="118" hits="230" branch="false"/>
								<line number="119" hits="11" branch="false"/>
							</lines>
						</method>
						<method name="encode" signature="([B)[C" line-rate="1.0" branch-rate="1.0">
							<lines>
								<line number="53" hits="7" branch="false"/>
								<line number="54" hits="7" branch="false"/>
								<line number="55" hits="7" branch="false"/>
								<line number="56" hits="7" branch="false"/>
								<line number="57" hits="7" branch="false"/>
								<line number="58" hits="7" branch="false"/>
								<line number="59" hits="76" branch="true" condition-coverage="100% (2/2)">
									<conditions>
										<condition number="0" type="jump" coverage="100%"/>
									</conditions>
								</line>
								<line number="60" hits="69" branch="false"/>
								<line number="61" hits="69" branch="true" condition-coverage="100% (2/2)">
									<conditions>
										<condition number="0" type="jump" coverage="100%"/>
									</conditions>
								</line>
								<line number="62" hits="69" branch="true" condition-coverage="100% (2/2)">
									<conditions>
										<condition number="0" type="jump" coverage="100%"/>
									</conditions>
								</line>
								<line number="63" hits="69" branch="false"/>
								<line number="64" hits="69" branch="false"/>
								<line number="65" hits="69" branch="false"/>
								<line number="66" hits="69" branch="false"/>
								<line number="67" hits="69" branch="false"/>
								<line number="68" hits="69" branch="false"/>
								<line number="69" hits="69" branch="true" condition-coverage="100% (2/2)">
									<conditions>
										<condition number="0" type="jump" coverage="100%"/>
									</conditions>
								</line>
								<line number="70" hits="69" branch="false"/>
								<line number="71" hits="69" branch="true" condition-coverage="100% (2/2)">
									<conditions>
										<condition number="0" type="jump" coverage="100%"/>
									</conditions>
								</line>
								<line number="72" hits="69" branch="false"/>
								<line number="73" hits="69" branch="false"/>
								<line number="74" hits="7" branch="false"/>
							</lines>
						</method>
					</methods>
					<lines>
						<line number="20" hits="0" branch="false"/>
						<line number="22" hits="1" branch="false"/>
						<line number="24" hits="1" branch="false"/>
						<line number="25" hits="27" branch="false"/>
						<line number="26" hits="26" branch="false"/>
						<line number="27" hits="27" branch="false"/>
						<line number="28" hits="26" branch="false"/>
						<line number="29" hits="11" branch="false"/>
						<line number="30" hits="10" branch="false"/>
						<line number="31" hits="1" branch="false"/>
						<line number="32" hits="1" branch="false"/>
						<line number="36" hits="1" branch="false"/>
						<line number="38" hits="129" branch="false"/>
						<line number="39" hits="128" branch="false"/>
						<line number="40" hits="65" branch="false"/>
						<line number="41" hits="64" branch="false"/>
						<line number="42" hits="1" branch="false"/>
						<line number="53" hits="7" branch="false"/>
						<line number="54" hits="7" branch="false"/>
						<line number="55" hits="7" branch="false"/>
						<line number="56" hits="7" branch="false"/>
						<line number="57" hits="7" branch="false"/>
						<line number="58" hits="7" branch="false"/>
						<line number="59" hits="76" branch="true" condition-coverage="100% (2/2)">
							<conditions>
								<condition number="0" type="jump" coverage="100%"/>
							</conditions>
						</line>
						<line number="60" hits="69" branch="false"/>
						<line number="61" hits="69" branch="true" condition-coverage="100% (2/2)">
							<conditions>
								<condition number="0" type="jump" coverage="100%"/>
							</conditions>
						</line>
						<line number="62" hits="69" branch="true" condition-coverage="100% (2/2)">
							<conditions>
								<condition number="0" type="jump" coverage="100%"/>
							</conditions>
						</line>
						<line number="63" hits="69" branch="false"/>
						<line number="64" hits="69" branch="false"/>
						<line number="65" hits="69" branch="false"/>
						<line number="66" hits="69" branch="false"/>
						<line number="67" hits="69" branch="false"/>
						<line number="68" hits="69" branch="false"/>
						<line number="69" hits="69" branch="true" condition-coverage="100% (2/2)">
							<conditions>
								<condition number="0" type="jump" coverage="100%"/>
							</conditions>
						</line>
						<line number="70" hits="69" branch="false"/>
						<line number="71" hits="69" branch="true" condition-coverage="100% (2/2)">
							<conditions>
								<condition number="0" type="jump" coverage="100%"/>
							</conditions>
						</line>
						<line number="72" hits="69" branch="false"/>
						<line number="73" hits="69" branch="false"/>
						<line number="74" hits="7" branch="false"/>
						<line number="88" hits="13" branch="false"/>
						<line number="89" hits="13" branch="true" condition-coverage="100% (2/2)">
							<conditions>
								<condition number="0" type="jump" coverage="100%"/>
							</conditions>
						</line>
						<line number="90" hits="2" branch="false"/>
						<line number="91" hits="24" branch="true" condition-coverage="75% (3/4)">
							<conditions>
								<condition number="0" type="jump" coverage="50%"/>
								<condition number="1" type="jump" coverage="100%"/>
							</conditions>
						</line>
						<line number="92" hits="13" branch="false"/>
						<line number="93" hits="11" branch="false"/>
						<line number="94" hits="11" branch="false"/>
						<line number="95" hits="11" branch="false"/>
						<line number="96" hits="11" branch="false"/>
						<line number="97" hits="241" branch="true" condition-coverage="100% (2/2)">
							<conditions>
								<condition number="0" type="jump" coverage="100%"/>
							</conditions>
						</line>
						<line number="98" hits="230" branch="false"/>
						<line number="99" hits="230" branch="false"/>
						<line number="100" hits="230" branch="true" condition-coverage="100% (2/2)">
							<conditions>
								<condition number="0" type="jump" coverage="100%"/>
							</conditions>
						</line>
						<line number="101" hits="230" branch="true" condition-coverage="100% (2/2)">
							<conditions>
								<condition number="0" type="jump" coverage="100%"/>
							</conditions>
						</line>
						<line number="102" hits="230" branch="true" condition-coverage="50% (4/8)">
							<conditions>
								<condition number="0" type="jump" coverage="50%"/>
								<condition number="1" type="jump" coverage="50%"/>
								<condition number="2" type="jump" coverage="50%"/>
								<condition number="3" type="jump" coverage="50%"/>
							</conditions>
						</line>
						<line number="103" hits="0" branch="false"/>
						<line number="104" hits="230" branch="false"/>
						<line number="105" hits="230" branch="false"/>
						<line number="106" hits="230" branch="false"/>
						<line number="107" hits="230" branch="false"/>
						<line number="108" hits="230" branch="true" condition-coverage="50% (4/8)">
							<conditions>
								<condition number="0" type="jump" coverage="50%"/>
								<condition number="1" type="jump" coverage="50%"/>
								<condition number="2" type="jump" coverage="50%"/>
								<condition number="3" type="jump" coverage="50%"/>
							</conditions>
						</line>
						<line number="109" hits="0" branch="false"/>
						<line number="110" hits="230" branch="false"/>
						<line number="111" hits="230" branch="false"/>
						<line number="112" hits="230" branch="false"/>
						<line number="113" hits="230" branch="false"/>
						<line number="114" hits="230" branch="true" condition-coverage="100% (2/2)">
							<conditions>
								<condition number="0" type="jump" coverage="100%"/>
							</conditions>
						</line>
						<line number="115" hits="227" branch="false"/>
						<line number="116" hits="230" branch="true" condition-coverage="100% (2/2)">
							<conditions>
								<condition number="0" type="jump" coverage="100%"/>
							</conditions>
						</line>
						<line number="117" hits="220" branch="false"/>
						<line number="118" hits="230" branch="false"/>
						<line number="119" hits="11" branch="false"/>
					</lines>
				</class>
			</classes>
		</package>
	</packages>
</coverage>
